{"/Users/charlie/Git/winstonjs/winston/lib/winston.js":{"path":"/Users/charlie/Git/winstonjs/winston/lib/winston.js","statementMap":{"0":{"start":{"line":9,"column":13},"end":{"line":9,"column":35}},"1":{"start":{"line":10,"column":13},"end":{"line":10,"column":40}},"2":{"start":{"line":11,"column":11},"end":{"line":11,"column":22}},"3":{"start":{"line":13,"column":14},"end":{"line":13,"column":21}},"4":{"start":{"line":19,"column":0},"end":{"line":19,"column":48}},"5":{"start":{"line":24,"column":0},"end":{"line":24,"column":53}},"6":{"start":{"line":29,"column":0},"end":{"line":29,"column":48}},"7":{"start":{"line":30,"column":0},"end":{"line":30,"column":45}},"8":{"start":{"line":31,"column":0},"end":{"line":31,"column":49}},"9":{"start":{"line":36,"column":0},"end":{"line":36,"column":66}},"10":{"start":{"line":37,"column":0},"end":{"line":37,"column":68}},"11":{"start":{"line":38,"column":0},"end":{"line":38,"column":55}},"12":{"start":{"line":39,"column":0},"end":{"line":39,"column":56}},"13":{"start":{"line":53,"column":0},"end":{"line":53,"column":42}},"14":{"start":{"line":63,"column":20},"end":{"line":70,"column":2}},"15":{"start":{"line":76,"column":0},"end":{"line":76,"column":54}},"16":{"start":{"line":81,"column":0},"end":{"line":90,"column":3}},"17":{"start":{"line":87,"column":2},"end":{"line":89,"column":4}},"18":{"start":{"line":88,"column":4},"end":{"line":88,"column":65}},"19":{"start":{"line":117,"column":0},"end":{"line":120,"column":2}},"20":{"start":{"line":118,"column":2},"end":{"line":118,"column":58}},"21":{"start":{"line":119,"column":2},"end":{"line":119,"column":34}},"22":{"start":{"line":126,"column":0},"end":{"line":133,"column":3}},"23":{"start":{"line":128,"column":4},"end":{"line":128,"column":31}},"24":{"start":{"line":131,"column":4},"end":{"line":131,"column":30}},"25":{"start":{"line":139,"column":0},"end":{"line":141,"column":3}},"26":{"start":{"line":140,"column":21},"end":{"line":140,"column":53}},"27":{"start":{"line":147,"column":0},"end":{"line":147,"column":51}},"28":{"start":{"line":148,"column":0},"end":{"line":148,"column":72}},"29":{"start":{"line":149,"column":0},"end":{"line":149,"column":91}},"30":{"start":{"line":150,"column":0},"end":{"line":150,"column":71}},"31":{"start":{"line":156,"column":0},"end":{"line":165,"column":3}},"32":{"start":{"line":157,"column":2},"end":{"line":164,"column":5}},"33":{"start":{"line":159,"column":6},"end":{"line":159,"column":33}},"34":{"start":{"line":162,"column":6},"end":{"line":162,"column":32}},"35":{"start":{"line":172,"column":0},"end":{"line":179,"column":3}},"36":{"start":{"line":174,"column":4},"end":{"line":177,"column":6}}},"fnMap":{"0":{"name":"(anonymous_0)","decl":{"start":{"line":86,"column":10},"end":{"line":86,"column":11}},"loc":{"start":{"line":86,"column":28},"end":{"line":90,"column":1}},"line":86},"1":{"name":"(anonymous_1)","decl":{"start":{"line":87,"column":20},"end":{"line":87,"column":21}},"loc":{"start":{"line":87,"column":32},"end":{"line":89,"column":3}},"line":87},"2":{"name":"(anonymous_2)","decl":{"start":{"line":117,"column":20},"end":{"line":117,"column":21}},"loc":{"start":{"line":117,"column":38},"end":{"line":120,"column":1}},"line":117},"3":{"name":"(anonymous_3)","decl":{"start":{"line":127,"column":7},"end":{"line":127,"column":8}},"loc":{"start":{"line":127,"column":19},"end":{"line":129,"column":3}},"line":127},"4":{"name":"(anonymous_4)","decl":{"start":{"line":130,"column":7},"end":{"line":130,"column":8}},"loc":{"start":{"line":130,"column":22},"end":{"line":132,"column":3}},"line":130},"5":{"name":"(anonymous_5)","decl":{"start":{"line":140,"column":7},"end":{"line":140,"column":8}},"loc":{"start":{"line":140,"column":19},"end":{"line":140,"column":55}},"line":140},"6":{"name":"(anonymous_6)","decl":{"start":{"line":156,"column":24},"end":{"line":156,"column":25}},"loc":{"start":{"line":156,"column":40},"end":{"line":165,"column":1}},"line":156},"7":{"name":"(anonymous_7)","decl":{"start":{"line":158,"column":9},"end":{"line":158,"column":10}},"loc":{"start":{"line":158,"column":21},"end":{"line":160,"column":5}},"line":158},"8":{"name":"(anonymous_8)","decl":{"start":{"line":161,"column":9},"end":{"line":161,"column":10}},"loc":{"start":{"line":161,"column":24},"end":{"line":163,"column":5}},"line":161},"9":{"name":"(anonymous_9)","decl":{"start":{"line":173,"column":7},"end":{"line":173,"column":8}},"loc":{"start":{"line":173,"column":19},"end":{"line":178,"column":3}},"line":173}},"branchMap":{},"s":{"0":1,"1":1,"2":1,"3":1,"4":1,"5":1,"6":1,"7":1,"8":1,"9":1,"10":1,"11":1,"12":1,"13":1,"14":1,"15":1,"16":1,"17":11,"18":0,"19":1,"20":0,"21":0,"22":1,"23":0,"24":0,"25":1,"26":0,"27":1,"28":1,"29":1,"30":1,"31":1,"32":1,"33":0,"34":0,"35":1,"36":0},"f":{"0":11,"1":0,"2":0,"3":0,"4":0,"5":0,"6":1,"7":0,"8":0,"9":0},"b":{},"_coverageSchema":"332fd63041d2c1bcb487cc26dd0d5f7d97098a6c","hash":"a34929566be8460fed68daf880eecaf372908435","contentHash":"807a787bde0299408c2a76b9a0455d66_10.2.0"},"/Users/charlie/Git/winstonjs/winston/lib/winston/common.js":{"path":"/Users/charlie/Git/winstonjs/winston/lib/winston/common.js","statementMap":{"0":{"start":{"line":9,"column":11},"end":{"line":9,"column":26}},"1":{"start":{"line":10,"column":13},"end":{"line":10,"column":30}},"2":{"start":{"line":11,"column":12},"end":{"line":11,"column":28}},"3":{"start":{"line":12,"column":9},"end":{"line":12,"column":22}},"4":{"start":{"line":13,"column":20},"end":{"line":13,"column":59}},"5":{"start":{"line":14,"column":13},"end":{"line":14,"column":37}},"6":{"start":{"line":15,"column":13},"end":{"line":15,"column":32}},"7":{"start":{"line":26,"column":0},"end":{"line":69,"column":2}},"8":{"start":{"line":27,"column":13},"end":{"line":27,"column":17}},"9":{"start":{"line":28,"column":2},"end":{"line":32,"column":3}},"10":{"start":{"line":29,"column":4},"end":{"line":31,"column":7}},"11":{"start":{"line":30,"column":6},"end":{"line":30,"column":27}},"12":{"start":{"line":34,"column":2},"end":{"line":34,"column":47}},"13":{"start":{"line":35,"column":2},"end":{"line":36,"column":49}},"14":{"start":{"line":36,"column":26},"end":{"line":36,"column":44}},"15":{"start":{"line":38,"column":2},"end":{"line":49,"column":5}},"16":{"start":{"line":42,"column":16},"end":{"line":44,"column":12}},"17":{"start":{"line":46,"column":6},"end":{"line":46,"column":21}},"18":{"start":{"line":47,"column":6},"end":{"line":47,"column":17}},"19":{"start":{"line":55,"column":2},"end":{"line":66,"column":5}},"20":{"start":{"line":56,"column":4},"end":{"line":59,"column":5}},"21":{"start":{"line":57,"column":6},"end":{"line":57,"column":108}},"22":{"start":{"line":58,"column":6},"end":{"line":58,"column":13}},"23":{"start":{"line":61,"column":4},"end":{"line":65,"column":6}},"24":{"start":{"line":63,"column":17},"end":{"line":63,"column":70}},"25":{"start":{"line":64,"column":6},"end":{"line":64,"column":37}},"26":{"start":{"line":68,"column":2},"end":{"line":68,"column":16}},"27":{"start":{"line":76,"column":0},"end":{"line":76,"column":34}},"28":{"start":{"line":84,"column":0},"end":{"line":179,"column":2}},"29":{"start":{"line":85,"column":15},"end":{"line":85,"column":36}},"30":{"start":{"line":86,"column":15},"end":{"line":86,"column":40}},"31":{"start":{"line":87,"column":15},"end":{"line":87,"column":25}},"32":{"start":{"line":88,"column":13},"end":{"line":88,"column":15}},"33":{"start":{"line":89,"column":12},"end":{"line":89,"column":13}},"34":{"start":{"line":90,"column":12},"end":{"line":90,"column":13}},"35":{"start":{"line":92,"column":2},"end":{"line":94,"column":3}},"36":{"start":{"line":93,"column":4},"end":{"line":93,"column":25}},"37":{"start":{"line":96,"column":2},"end":{"line":96,"column":25}},"38":{"start":{"line":97,"column":2},"end":{"line":101,"column":4}},"39":{"start":{"line":98,"column":4},"end":{"line":98,"column":28}},"40":{"start":{"line":99,"column":4},"end":{"line":99,"column":23}},"41":{"start":{"line":100,"column":4},"end":{"line":100,"column":25}},"42":{"start":{"line":103,"column":2},"end":{"line":172,"column":5}},"43":{"start":{"line":104,"column":4},"end":{"line":112,"column":5}},"44":{"start":{"line":105,"column":6},"end":{"line":109,"column":7}},"45":{"start":{"line":106,"column":8},"end":{"line":106,"column":34}},"46":{"start":{"line":108,"column":8},"end":{"line":108,"column":18}},"47":{"start":{"line":110,"column":6},"end":{"line":110,"column":23}},"48":{"start":{"line":111,"column":6},"end":{"line":111,"column":13}},"49":{"start":{"line":114,"column":4},"end":{"line":171,"column":9}},"50":{"start":{"line":115,"column":6},"end":{"line":118,"column":7}},"51":{"start":{"line":116,"column":8},"end":{"line":116,"column":21}},"52":{"start":{"line":117,"column":8},"end":{"line":117,"column":15}},"53":{"start":{"line":120,"column":6},"end":{"line":170,"column":9}},"54":{"start":{"line":121,"column":8},"end":{"line":129,"column":9}},"55":{"start":{"line":122,"column":10},"end":{"line":126,"column":11}},"56":{"start":{"line":123,"column":12},"end":{"line":123,"column":38}},"57":{"start":{"line":125,"column":12},"end":{"line":125,"column":22}},"58":{"start":{"line":127,"column":10},"end":{"line":127,"column":27}},"59":{"start":{"line":128,"column":10},"end":{"line":128,"column":17}},"60":{"start":{"line":131,"column":8},"end":{"line":144,"column":9}},"61":{"start":{"line":132,"column":10},"end":{"line":142,"column":11}},"62":{"start":{"line":133,"column":12},"end":{"line":139,"column":13}},"63":{"start":{"line":134,"column":14},"end":{"line":138,"column":15}},"64":{"start":{"line":135,"column":16},"end":{"line":135,"column":42}},"65":{"start":{"line":137,"column":16},"end":{"line":137,"column":33}},"66":{"start":{"line":140,"column":12},"end":{"line":140,"column":18}},"67":{"start":{"line":141,"column":12},"end":{"line":141,"column":22}},"68":{"start":{"line":143,"column":10},"end":{"line":143,"column":40}},"69":{"start":{"line":146,"column":19},"end":{"line":146,"column":55}},"70":{"start":{"line":147,"column":8},"end":{"line":149,"column":9}},"71":{"start":{"line":148,"column":10},"end":{"line":148,"column":36}},"72":{"start":{"line":151,"column":8},"end":{"line":151,"column":42}},"73":{"start":{"line":153,"column":16},"end":{"line":153,"column":31}},"74":{"start":{"line":154,"column":16},"end":{"line":154,"column":17}},"75":{"start":{"line":156,"column":8},"end":{"line":165,"column":9}},"76":{"start":{"line":157,"column":10},"end":{"line":163,"column":11}},"77":{"start":{"line":158,"column":12},"end":{"line":162,"column":13}},"78":{"start":{"line":159,"column":14},"end":{"line":159,"column":43}},"79":{"start":{"line":161,"column":14},"end":{"line":161,"column":34}},"80":{"start":{"line":164,"column":10},"end":{"line":164,"column":16}},"81":{"start":{"line":167,"column":8},"end":{"line":167,"column":23}},"82":{"start":{"line":168,"column":8},"end":{"line":168,"column":21}},"83":{"start":{"line":169,"column":8},"end":{"line":169,"column":22}},"84":{"start":{"line":174,"column":2},"end":{"line":176,"column":3}},"85":{"start":{"line":175,"column":4},"end":{"line":175,"column":18}},"86":{"start":{"line":178,"column":2},"end":{"line":178,"column":24}},"87":{"start":{"line":188,"column":0},"end":{"line":231,"column":2}},"88":{"start":{"line":190,"column":4},"end":{"line":192,"column":6}},"89":{"start":{"line":191,"column":6},"end":{"line":191,"column":76}},"90":{"start":{"line":195,"column":4},"end":{"line":200,"column":6}},"91":{"start":{"line":196,"column":6},"end":{"line":199,"column":20}},"92":{"start":{"line":203,"column":4},"end":{"line":205,"column":7}},"93":{"start":{"line":204,"column":6},"end":{"line":204,"column":43}},"94":{"start":{"line":209,"column":6},"end":{"line":214,"column":7}},"95":{"start":{"line":210,"column":8},"end":{"line":213,"column":22}},"96":{"start":{"line":217,"column":4},"end":{"line":220,"column":7}},"97":{"start":{"line":223,"column":4},"end":{"line":229,"column":7}},"98":{"start":{"line":224,"column":19},"end":{"line":224,"column":43}},"99":{"start":{"line":225,"column":6},"end":{"line":228,"column":9}}},"fnMap":{"0":{"name":"(anonymous_0)","decl":{"start":{"line":26,"column":20},"end":{"line":26,"column":21}},"loc":{"start":{"line":26,"column":53},"end":{"line":69,"column":1}},"line":26},"1":{"name":"(anonymous_1)","decl":{"start":{"line":29,"column":30},"end":{"line":29,"column":31}},"loc":{"start":{"line":29,"column":47},"end":{"line":31,"column":5}},"line":29},"2":{"name":"(anonymous_2)","decl":{"start":{"line":36,"column":9},"end":{"line":36,"column":10}},"loc":{"start":{"line":36,"column":24},"end":{"line":36,"column":46}},"line":36},"3":{"name":"(anonymous_3)","decl":{"start":{"line":41,"column":45},"end":{"line":41,"column":46}},"loc":{"start":{"line":41,"column":65},"end":{"line":48,"column":5}},"line":41},"4":{"name":"(anonymous_4)","decl":{"start":{"line":55,"column":37},"end":{"line":55,"column":38}},"loc":{"start":{"line":55,"column":54},"end":{"line":66,"column":3}},"line":55},"5":{"name":"(anonymous_5)","decl":{"start":{"line":61,"column":20},"end":{"line":61,"column":21}},"loc":{"start":{"line":61,"column":35},"end":{"line":65,"column":5}},"line":61},"6":{"name":"(anonymous_6)","decl":{"start":{"line":84,"column":19},"end":{"line":84,"column":20}},"loc":{"start":{"line":84,"column":43},"end":{"line":179,"column":1}},"line":84},"7":{"name":"(anonymous_7)","decl":{"start":{"line":97,"column":19},"end":{"line":97,"column":20}},"loc":{"start":{"line":97,"column":30},"end":{"line":101,"column":3}},"line":97},"8":{"name":"(anonymous_8)","decl":{"start":{"line":103,"column":38},"end":{"line":103,"column":39}},"loc":{"start":{"line":103,"column":57},"end":{"line":172,"column":3}},"line":103},"9":{"name":"read","decl":{"start":{"line":114,"column":14},"end":{"line":114,"column":18}},"loc":{"start":{"line":114,"column":21},"end":{"line":171,"column":5}},"line":114},"10":{"name":"(anonymous_10)","decl":{"start":{"line":120,"column":56},"end":{"line":120,"column":57}},"loc":{"start":{"line":120,"column":78},"end":{"line":170,"column":7}},"line":120},"11":{"name":"warnDeprecated","decl":{"start":{"line":189,"column":23},"end":{"line":189,"column":37}},"loc":{"start":{"line":189,"column":44},"end":{"line":193,"column":3}},"line":189},"12":{"name":"(anonymous_12)","decl":{"start":{"line":190,"column":11},"end":{"line":190,"column":12}},"loc":{"start":{"line":190,"column":23},"end":{"line":192,"column":5}},"line":190},"13":{"name":"warnFormat","decl":{"start":{"line":194,"column":22},"end":{"line":194,"column":32}},"loc":{"start":{"line":194,"column":39},"end":{"line":201,"column":3}},"line":194},"14":{"name":"(anonymous_14)","decl":{"start":{"line":195,"column":11},"end":{"line":195,"column":12}},"loc":{"start":{"line":195,"column":23},"end":{"line":200,"column":5}},"line":195},"15":{"name":"(anonymous_15)","decl":{"start":{"line":202,"column":16},"end":{"line":202,"column":17}},"loc":{"start":{"line":202,"column":44},"end":{"line":206,"column":3}},"line":202},"16":{"name":"(anonymous_16)","decl":{"start":{"line":203,"column":18},"end":{"line":203,"column":19}},"loc":{"start":{"line":203,"column":34},"end":{"line":205,"column":5}},"line":203},"17":{"name":"(anonymous_17)","decl":{"start":{"line":207,"column":9},"end":{"line":207,"column":10}},"loc":{"start":{"line":207,"column":39},"end":{"line":221,"column":3}},"line":207},"18":{"name":"movedNotice","decl":{"start":{"line":208,"column":13},"end":{"line":208,"column":24}},"loc":{"start":{"line":208,"column":27},"end":{"line":215,"column":5}},"line":208},"19":{"name":"(anonymous_19)","decl":{"start":{"line":209,"column":13},"end":{"line":209,"column":14}},"loc":{"start":{"line":209,"column":25},"end":{"line":214,"column":7}},"line":209},"20":{"name":"(anonymous_20)","decl":{"start":{"line":222,"column":17},"end":{"line":222,"column":18}},"loc":{"start":{"line":222,"column":45},"end":{"line":230,"column":3}},"line":222},"21":{"name":"(anonymous_21)","decl":{"start":{"line":223,"column":18},"end":{"line":223,"column":19}},"loc":{"start":{"line":223,"column":34},"end":{"line":229,"column":5}},"line":223}},"branchMap":{"0":{"loc":{"start":{"line":28,"column":2},"end":{"line":32,"column":3}},"type":"if","locations":[{"start":{"line":28,"column":2},"end":{"line":32,"column":3}},{"start":{"line":28,"column":2},"end":{"line":32,"column":3}}],"line":28},"1":{"loc":{"start":{"line":34,"column":18},"end":{"line":34,"column":46}},"type":"binary-expr","locations":[{"start":{"line":34,"column":18},"end":{"line":34,"column":25}},{"start":{"line":34,"column":29},"end":{"line":34,"column":46}}],"line":34},"2":{"loc":{"start":{"line":42,"column":16},"end":{"line":44,"column":12}},"type":"cond-expr","locations":[{"start":{"line":43,"column":10},"end":{"line":43,"column":57}},{"start":{"line":44,"column":10},"end":{"line":44,"column":12}}],"line":42},"3":{"loc":{"start":{"line":56,"column":4},"end":{"line":59,"column":5}},"type":"if","locations":[{"start":{"line":56,"column":4},"end":{"line":59,"column":5}},{"start":{"line":56,"column":4},"end":{"line":59,"column":5}}],"line":56},"4":{"loc":{"start":{"line":92,"column":2},"end":{"line":94,"column":3}},"type":"if","locations":[{"start":{"line":92,"column":2},"end":{"line":94,"column":3}},{"start":{"line":92,"column":2},"end":{"line":94,"column":3}}],"line":92},"5":{"loc":{"start":{"line":104,"column":4},"end":{"line":112,"column":5}},"type":"if","locations":[{"start":{"line":104,"column":4},"end":{"line":112,"column":5}},{"start":{"line":104,"column":4},"end":{"line":112,"column":5}}],"line":104},"6":{"loc":{"start":{"line":105,"column":6},"end":{"line":109,"column":7}},"type":"if","locations":[{"start":{"line":105,"column":6},"end":{"line":109,"column":7}},{"start":{"line":105,"column":6},"end":{"line":109,"column":7}}],"line":105},"7":{"loc":{"start":{"line":115,"column":6},"end":{"line":118,"column":7}},"type":"if","locations":[{"start":{"line":115,"column":6},"end":{"line":118,"column":7}},{"start":{"line":115,"column":6},"end":{"line":118,"column":7}}],"line":115},"8":{"loc":{"start":{"line":121,"column":8},"end":{"line":129,"column":9}},"type":"if","locations":[{"start":{"line":121,"column":8},"end":{"line":129,"column":9}},{"start":{"line":121,"column":8},"end":{"line":129,"column":9}}],"line":121},"9":{"loc":{"start":{"line":122,"column":10},"end":{"line":126,"column":11}},"type":"if","locations":[{"start":{"line":122,"column":10},"end":{"line":126,"column":11}},{"start":{"line":122,"column":10},"end":{"line":126,"column":11}}],"line":122},"10":{"loc":{"start":{"line":131,"column":8},"end":{"line":144,"column":9}},"type":"if","locations":[{"start":{"line":131,"column":8},"end":{"line":144,"column":9}},{"start":{"line":131,"column":8},"end":{"line":144,"column":9}}],"line":131},"11":{"loc":{"start":{"line":132,"column":10},"end":{"line":142,"column":11}},"type":"if","locations":[{"start":{"line":132,"column":10},"end":{"line":142,"column":11}},{"start":{"line":132,"column":10},"end":{"line":142,"column":11}}],"line":132},"12":{"loc":{"start":{"line":133,"column":12},"end":{"line":139,"column":13}},"type":"if","locations":[{"start":{"line":133,"column":12},"end":{"line":139,"column":13}},{"start":{"line":133,"column":12},"end":{"line":139,"column":13}}],"line":133},"13":{"loc":{"start":{"line":133,"column":16},"end":{"line":133,"column":60}},"type":"binary-expr","locations":[{"start":{"line":133,"column":16},"end":{"line":133,"column":37}},{"start":{"line":133,"column":41},"end":{"line":133,"column":60}}],"line":133},"14":{"loc":{"start":{"line":134,"column":14},"end":{"line":138,"column":15}},"type":"if","locations":[{"start":{"line":134,"column":14},"end":{"line":138,"column":15}},{"start":{"line":134,"column":14},"end":{"line":138,"column":15}}],"line":134},"15":{"loc":{"start":{"line":147,"column":8},"end":{"line":149,"column":9}},"type":"if","locations":[{"start":{"line":147,"column":8},"end":{"line":149,"column":9}},{"start":{"line":147,"column":8},"end":{"line":149,"column":9}}],"line":147},"16":{"loc":{"start":{"line":157,"column":10},"end":{"line":163,"column":11}},"type":"if","locations":[{"start":{"line":157,"column":10},"end":{"line":163,"column":11}},{"start":{"line":157,"column":10},"end":{"line":163,"column":11}}],"line":157},"17":{"loc":{"start":{"line":157,"column":14},"end":{"line":157,"column":58}},"type":"binary-expr","locations":[{"start":{"line":157,"column":14},"end":{"line":157,"column":35}},{"start":{"line":157,"column":39},"end":{"line":157,"column":58}}],"line":157},"18":{"loc":{"start":{"line":158,"column":12},"end":{"line":162,"column":13}},"type":"if","locations":[{"start":{"line":158,"column":12},"end":{"line":162,"column":13}},{"start":{"line":158,"column":12},"end":{"line":162,"column":13}}],"line":158},"19":{"loc":{"start":{"line":174,"column":2},"end":{"line":176,"column":3}},"type":"if","locations":[{"start":{"line":174,"column":2},"end":{"line":176,"column":3}},{"start":{"line":174,"column":2},"end":{"line":176,"column":3}}],"line":174}},"s":{"0":1,"1":1,"2":1,"3":1,"4":1,"5":1,"6":1,"7":1,"8":3,"9":3,"10":0,"11":0,"12":3,"13":3,"14":21,"15":3,"16":21,"17":21,"18":21,"19":3,"20":21,"21":0,"22":0,"23":21,"24":0,"25":0,"26":3,"27":1,"28":1,"29":0,"30":0,"31":0,"32":0,"33":0,"34":0,"35":0,"36":0,"37":0,"38":0,"39":0,"40":0,"41":0,"42":0,"43":0,"44":0,"45":0,"46":0,"47":0,"48":0,"49":0,"50":0,"51":0,"52":0,"53":0,"54":0,"55":0,"56":0,"57":0,"58":0,"59":0,"60":0,"61":0,"62":0,"63":0,"64":0,"65":0,"66":0,"67":0,"68":0,"69":0,"70":0,"71":0,"72":0,"73":0,"74":0,"75":0,"76":0,"77":0,"78":0,"79":0,"80":0,"81":0,"82":0,"83":0,"84":0,"85":0,"86":0,"87":1,"88":6,"89":0,"90":3,"91":0,"92":2,"93":5,"94":0,"95":0,"96":0,"97":2,"98":4,"99":4},"f":{"0":3,"1":0,"2":21,"3":21,"4":21,"5":0,"6":0,"7":0,"8":0,"9":0,"10":0,"11":6,"12":0,"13":3,"14":0,"15":2,"16":5,"17":0,"18":0,"19":0,"20":2,"21":4},"b":{"0":[0,3],"1":[3,2],"2":[18,3],"3":[0,21],"4":[0,0],"5":[0,0],"6":[0,0],"7":[0,0],"8":[0,0],"9":[0,0],"10":[0,0],"11":[0,0],"12":[0,0],"13":[0,0],"14":[0,0],"15":[0,0],"16":[0,0],"17":[0,0],"18":[0,0],"19":[0,0]},"_coverageSchema":"332fd63041d2c1bcb487cc26dd0d5f7d97098a6c","hash":"9d73d49c40f5e14c732f3f69975858787d137a3b","contentHash":"043c7fb23f602a78ebfecee580da5775_10.2.0"},"/Users/charlie/Git/winstonjs/winston/lib/winston/config/index.js":{"path":"/Users/charlie/Git/winstonjs/winston/lib/winston/config/index.js","statementMap":{"0":{"start":{"line":9,"column":13},"end":{"line":9,"column":35}},"1":{"start":{"line":14,"column":0},"end":{"line":14,"column":22}},"2":{"start":{"line":21,"column":16},"end":{"line":21,"column":38}},"3":{"start":{"line":29,"column":0},"end":{"line":41,"column":2}},"4":{"start":{"line":30,"column":2},"end":{"line":30,"column":35}},"5":{"start":{"line":36,"column":2},"end":{"line":40,"column":5}},"6":{"start":{"line":37,"column":4},"end":{"line":39,"column":5}},"7":{"start":{"line":38,"column":6},"end":{"line":38,"column":55}},"8":{"start":{"line":43,"column":0},"end":{"line":65,"column":2}},"9":{"start":{"line":44,"column":2},"end":{"line":46,"column":3}},"10":{"start":{"line":45,"column":4},"end":{"line":45,"column":20}},"11":{"start":{"line":52,"column":2},"end":{"line":54,"column":3}},"12":{"start":{"line":53,"column":4},"end":{"line":53,"column":45}},"13":{"start":{"line":60,"column":2},"end":{"line":62,"column":3}},"14":{"start":{"line":61,"column":4},"end":{"line":61,"column":51}},"15":{"start":{"line":64,"column":2},"end":{"line":64,"column":17}},"16":{"start":{"line":70,"column":0},"end":{"line":70,"column":34}},"17":{"start":{"line":71,"column":0},"end":{"line":71,"column":34}},"18":{"start":{"line":72,"column":0},"end":{"line":72,"column":37}},"19":{"start":{"line":77,"column":0},"end":{"line":77,"column":38}},"20":{"start":{"line":78,"column":0},"end":{"line":78,"column":38}},"21":{"start":{"line":79,"column":0},"end":{"line":79,"column":41}}},"fnMap":{"0":{"name":"(anonymous_0)","decl":{"start":{"line":29,"column":20},"end":{"line":29,"column":21}},"loc":{"start":{"line":29,"column":38},"end":{"line":41,"column":1}},"line":29},"1":{"name":"(anonymous_1)","decl":{"start":{"line":36,"column":33},"end":{"line":36,"column":34}},"loc":{"start":{"line":36,"column":50},"end":{"line":40,"column":3}},"line":36},"2":{"name":"(anonymous_2)","decl":{"start":{"line":43,"column":19},"end":{"line":43,"column":20}},"loc":{"start":{"line":43,"column":45},"end":{"line":65,"column":1}},"line":43}},"branchMap":{"0":{"loc":{"start":{"line":37,"column":4},"end":{"line":39,"column":5}},"type":"if","locations":[{"start":{"line":37,"column":4},"end":{"line":39,"column":5}},{"start":{"line":37,"column":4},"end":{"line":39,"column":5}}],"line":37},"1":{"loc":{"start":{"line":44,"column":2},"end":{"line":46,"column":3}},"type":"if","locations":[{"start":{"line":44,"column":2},"end":{"line":46,"column":3}},{"start":{"line":44,"column":2},"end":{"line":46,"column":3}}],"line":44},"2":{"loc":{"start":{"line":52,"column":2},"end":{"line":54,"column":3}},"type":"if","locations":[{"start":{"line":52,"column":2},"end":{"line":54,"column":3}},{"start":{"line":52,"column":2},"end":{"line":54,"column":3}}],"line":52}},"s":{"0":1,"1":1,"2":1,"3":1,"4":3,"5":3,"6":37,"7":0,"8":1,"9":0,"10":0,"11":0,"12":0,"13":0,"14":0,"15":0,"16":1,"17":1,"18":1,"19":1,"20":1,"21":1},"f":{"0":3,"1":37,"2":0},"b":{"0":[0,37],"1":[0,0],"2":[0,0]},"_coverageSchema":"332fd63041d2c1bcb487cc26dd0d5f7d97098a6c","hash":"f47dea8c712f916c82a82005cae69f756b577257","contentHash":"76cc34557c012f6c09961201588aa818_10.2.0"},"/Users/charlie/Git/winstonjs/winston/lib/winston/config/cli.js":{"path":"/Users/charlie/Git/winstonjs/winston/lib/winston/config/cli.js","statementMap":{"0":{"start":{"line":9,"column":0},"end":{"line":20,"column":2}},"1":{"start":{"line":22,"column":0},"end":{"line":33,"column":2}}},"fnMap":{},"branchMap":{},"s":{"0":1,"1":1},"f":{},"b":{},"_coverageSchema":"332fd63041d2c1bcb487cc26dd0d5f7d97098a6c","hash":"cddbb16e4dea2b44c0a83974f9c87e67b97ed06d","contentHash":"ef024511d151f4cba678cacb8dcf8e13_10.2.0"},"/Users/charlie/Git/winstonjs/winston/lib/winston/config/npm.js":{"path":"/Users/charlie/Git/winstonjs/winston/lib/winston/config/npm.js","statementMap":{"0":{"start":{"line":9,"column":0},"end":{"line":17,"column":2}},"1":{"start":{"line":19,"column":0},"end":{"line":27,"column":2}}},"fnMap":{},"branchMap":{},"s":{"0":1,"1":1},"f":{},"b":{},"_coverageSchema":"332fd63041d2c1bcb487cc26dd0d5f7d97098a6c","hash":"055d4b7b0eb7fa3d68a96bc9aeec681c9ca13d86","contentHash":"e3792cdb8551c013d1008a6f5b4cefbf_10.2.0"},"/Users/charlie/Git/winstonjs/winston/lib/winston/config/syslog.js":{"path":"/Users/charlie/Git/winstonjs/winston/lib/winston/config/syslog.js","statementMap":{"0":{"start":{"line":9,"column":0},"end":{"line":18,"column":2}},"1":{"start":{"line":20,"column":0},"end":{"line":29,"column":2}}},"fnMap":{},"branchMap":{},"s":{"0":1,"1":1},"f":{},"b":{},"_coverageSchema":"332fd63041d2c1bcb487cc26dd0d5f7d97098a6c","hash":"8ae7a4416142e8871a0dc01b66a90e3e404ab94b","contentHash":"43920e27158402fd80cbb03c7f86bb49_10.2.0"},"/Users/charlie/Git/winstonjs/winston/lib/winston/transports/index.js":{"path":"/Users/charlie/Git/winstonjs/winston/lib/winston/transports/index.js","statementMap":{"0":{"start":{"line":9,"column":0},"end":{"line":15,"column":3}},"1":{"start":{"line":13,"column":4},"end":{"line":13,"column":32}},"2":{"start":{"line":17,"column":0},"end":{"line":23,"column":3}},"3":{"start":{"line":21,"column":4},"end":{"line":21,"column":29}},"4":{"start":{"line":25,"column":0},"end":{"line":31,"column":3}},"5":{"start":{"line":29,"column":4},"end":{"line":29,"column":29}},"6":{"start":{"line":33,"column":0},"end":{"line":39,"column":3}},"7":{"start":{"line":37,"column":4},"end":{"line":37,"column":31}}},"fnMap":{"0":{"name":"(anonymous_0)","decl":{"start":{"line":12,"column":7},"end":{"line":12,"column":8}},"loc":{"start":{"line":12,"column":19},"end":{"line":14,"column":3}},"line":12},"1":{"name":"(anonymous_1)","decl":{"start":{"line":20,"column":7},"end":{"line":20,"column":8}},"loc":{"start":{"line":20,"column":19},"end":{"line":22,"column":3}},"line":20},"2":{"name":"(anonymous_2)","decl":{"start":{"line":28,"column":7},"end":{"line":28,"column":8}},"loc":{"start":{"line":28,"column":19},"end":{"line":30,"column":3}},"line":28},"3":{"name":"(anonymous_3)","decl":{"start":{"line":36,"column":7},"end":{"line":36,"column":8}},"loc":{"start":{"line":36,"column":19},"end":{"line":38,"column":3}},"line":36}},"branchMap":{},"s":{"0":1,"1":1,"2":1,"3":1,"4":1,"5":0,"6":1,"7":0},"f":{"0":1,"1":1,"2":0,"3":0},"b":{},"_coverageSchema":"332fd63041d2c1bcb487cc26dd0d5f7d97098a6c","hash":"7a9bc1fae492e3331c1f71c8d50e74bfc8d825c8","contentHash":"76ba27211a5d6b0ca04c24d7f6ebbd96_10.2.0"},"/Users/charlie/Git/winstonjs/winston/lib/winston/formats/index.js":{"path":"/Users/charlie/Git/winstonjs/winston/lib/winston/formats/index.js","statementMap":{"0":{"start":{"line":9,"column":11},"end":{"line":9,"column":26}},"1":{"start":{"line":10,"column":16},"end":{"line":10,"column":36}},"2":{"start":{"line":17,"column":16},"end":{"line":20,"column":1}},"3":{"start":{"line":28,"column":13},"end":{"line":28,"column":49}},"4":{"start":{"line":33,"column":0},"end":{"line":49,"column":2}},"5":{"start":{"line":36,"column":14},"end":{"line":36,"column":29}},"6":{"start":{"line":38,"column":4},"end":{"line":45,"column":6}},"7":{"start":{"line":42,"column":23},"end":{"line":42,"column":63}},"8":{"start":{"line":43,"column":8},"end":{"line":43,"column":33}},"9":{"start":{"line":47,"column":4},"end":{"line":47,"column":15}}},"fnMap":{"0":{"name":"(anonymous_0)","decl":{"start":{"line":35,"column":19},"end":{"line":35,"column":20}},"loc":{"start":{"line":35,"column":40},"end":{"line":48,"column":3}},"line":35},"1":{"name":"(anonymous_1)","decl":{"start":{"line":41,"column":11},"end":{"line":41,"column":12}},"loc":{"start":{"line":41,"column":23},"end":{"line":44,"column":7}},"line":41}},"branchMap":{},"s":{"0":1,"1":1,"2":1,"3":1,"4":1,"5":9,"6":9,"7":0,"8":0,"9":9},"f":{"0":9,"1":0},"b":{},"_coverageSchema":"332fd63041d2c1bcb487cc26dd0d5f7d97098a6c","hash":"d63a47d317580377eebe1f9c0a911920d1523188","contentHash":"f0f25efb689e904efc7b8137bfea3ecc_10.2.0"},"/Users/charlie/Git/winstonjs/winston/lib/winston/formats/format.js":{"path":"/Users/charlie/Git/winstonjs/winston/lib/winston/formats/format.js","statementMap":{"0":{"start":{"line":3,"column":13},"end":{"line":3,"column":30}},"1":{"start":{"line":4,"column":11},"end":{"line":4,"column":26}},"2":{"start":{"line":5,"column":14},"end":{"line":5,"column":32}},"3":{"start":{"line":11,"column":0},"end":{"line":44,"column":2}},"4":{"start":{"line":12,"column":2},"end":{"line":14,"column":3}},"5":{"start":{"line":13,"column":4},"end":{"line":13,"column":46}},"6":{"start":{"line":16,"column":2},"end":{"line":18,"column":3}},"7":{"start":{"line":17,"column":4},"end":{"line":17,"column":97}},"8":{"start":{"line":24,"column":30},"end":{"line":24,"column":54}},"9":{"start":{"line":25,"column":2},"end":{"line":25,"column":36}},"10":{"start":{"line":26,"column":2},"end":{"line":26,"column":42}},"11":{"start":{"line":35,"column":4},"end":{"line":35,"column":32}},"12":{"start":{"line":42,"column":2},"end":{"line":42,"column":39}},"13":{"start":{"line":43,"column":2},"end":{"line":43,"column":26}},"14":{"start":{"line":52,"column":2},"end":{"line":52,"column":52}},"15":{"start":{"line":53,"column":2},"end":{"line":53,"column":31}},"16":{"start":{"line":56,"column":0},"end":{"line":56,"column":40}},"17":{"start":{"line":63,"column":0},"end":{"line":67,"column":2}},"18":{"start":{"line":64,"column":18},"end":{"line":64,"column":50}},"19":{"start":{"line":65,"column":2},"end":{"line":65,"column":23}},"20":{"start":{"line":66,"column":2},"end":{"line":66,"column":7}}},"fnMap":{"0":{"name":"(anonymous_0)","decl":{"start":{"line":11,"column":17},"end":{"line":11,"column":18}},"loc":{"start":{"line":11,"column":37},"end":{"line":44,"column":1}},"line":11},"1":{"name":"FormatWrap","decl":{"start":{"line":24,"column":11},"end":{"line":24,"column":21}},"loc":{"start":{"line":24,"column":28},"end":{"line":24,"column":56}},"line":24},"2":{"name":"createFormatWrap","decl":{"start":{"line":34,"column":11},"end":{"line":34,"column":27}},"loc":{"start":{"line":34,"column":34},"end":{"line":36,"column":3}},"line":34},"3":{"name":"Format","decl":{"start":{"line":51,"column":9},"end":{"line":51,"column":15}},"loc":{"start":{"line":51,"column":25},"end":{"line":54,"column":1}},"line":51},"4":{"name":"(anonymous_4)","decl":{"start":{"line":63,"column":30},"end":{"line":63,"column":31}},"loc":{"start":{"line":63,"column":55},"end":{"line":67,"column":1}},"line":63}},"branchMap":{"0":{"loc":{"start":{"line":12,"column":2},"end":{"line":14,"column":3}},"type":"if","locations":[{"start":{"line":12,"column":2},"end":{"line":14,"column":3}},{"start":{"line":12,"column":2},"end":{"line":14,"column":3}}],"line":12},"1":{"loc":{"start":{"line":16,"column":2},"end":{"line":18,"column":3}},"type":"if","locations":[{"start":{"line":16,"column":2},"end":{"line":18,"column":3}},{"start":{"line":16,"column":2},"end":{"line":18,"column":3}}],"line":16},"2":{"loc":{"start":{"line":53,"column":17},"end":{"line":53,"column":30}},"type":"binary-expr","locations":[{"start":{"line":53,"column":17},"end":{"line":53,"column":24}},{"start":{"line":53,"column":28},"end":{"line":53,"column":30}}],"line":53}},"s":{"0":1,"1":1,"2":1,"3":1,"4":1,"5":0,"6":1,"7":0,"8":2,"9":1,"10":1,"11":2,"12":1,"13":1,"14":2,"15":2,"16":1,"17":1,"18":1,"19":1,"20":1},"f":{"0":1,"1":2,"2":2,"3":2,"4":1},"b":{"0":[0,1],"1":[0,1],"2":[2,2]},"_coverageSchema":"332fd63041d2c1bcb487cc26dd0d5f7d97098a6c","hash":"43121ed160013485d7b5eb9028844e948eccd9be","contentHash":"5c07e6941d2a773a01f464ec63bf8b3c_10.2.0"},"/Users/charlie/Git/winstonjs/winston/lib/winston/exception-handler.js":{"path":"/Users/charlie/Git/winstonjs/winston/lib/winston/exception-handler.js","statementMap":{"0":{"start":{"line":11,"column":9},"end":{"line":11,"column":22}},"1":{"start":{"line":12,"column":12},"end":{"line":12,"column":28}},"2":{"start":{"line":13,"column":12},"end":{"line":13,"column":55}},"3":{"start":{"line":14,"column":11},"end":{"line":14,"column":30}},"4":{"start":{"line":15,"column":17},"end":{"line":15,"column":39}},"5":{"start":{"line":16,"column":22},"end":{"line":16,"column":51}},"6":{"start":{"line":18,"column":23},"end":{"line":25,"column":1}},"7":{"start":{"line":19,"column":2},"end":{"line":21,"column":3}},"8":{"start":{"line":20,"column":4},"end":{"line":20,"column":63}},"9":{"start":{"line":23,"column":2},"end":{"line":23,"column":23}},"10":{"start":{"line":24,"column":2},"end":{"line":24,"column":28}},"11":{"start":{"line":32,"column":0},"end":{"line":61,"column":2}},"12":{"start":{"line":33,"column":13},"end":{"line":33,"column":50}},"13":{"start":{"line":34,"column":13},"end":{"line":34,"column":17}},"14":{"start":{"line":41,"column":4},"end":{"line":46,"column":5}},"15":{"start":{"line":42,"column":6},"end":{"line":42,"column":38}},"16":{"start":{"line":43,"column":6},"end":{"line":43,"column":45}},"17":{"start":{"line":44,"column":6},"end":{"line":44,"column":42}},"18":{"start":{"line":45,"column":6},"end":{"line":45,"column":32}},"19":{"start":{"line":49,"column":2},"end":{"line":55,"column":5}},"20":{"start":{"line":50,"column":4},"end":{"line":52,"column":5}},"21":{"start":{"line":51,"column":6},"end":{"line":51,"column":30}},"22":{"start":{"line":54,"column":4},"end":{"line":54,"column":13}},"23":{"start":{"line":57,"column":2},"end":{"line":60,"column":3}},"24":{"start":{"line":58,"column":4},"end":{"line":58,"column":54}},"25":{"start":{"line":59,"column":4},"end":{"line":59,"column":50}},"26":{"start":{"line":70,"column":0},"end":{"line":80,"column":2}},"27":{"start":{"line":71,"column":13},"end":{"line":71,"column":17}},"28":{"start":{"line":72,"column":2},"end":{"line":79,"column":3}},"29":{"start":{"line":73,"column":4},"end":{"line":73,"column":62}},"30":{"start":{"line":74,"column":4},"end":{"line":74,"column":25}},"31":{"start":{"line":76,"column":4},"end":{"line":78,"column":7}},"32":{"start":{"line":77,"column":6},"end":{"line":77,"column":34}},"33":{"start":{"line":86,"column":0},"end":{"line":109,"column":2}},"34":{"start":{"line":87,"column":16},"end":{"line":87,"column":27}},"35":{"start":{"line":88,"column":2},"end":{"line":90,"column":3}},"36":{"start":{"line":89,"column":4},"end":{"line":89,"column":18}},"37":{"start":{"line":92,"column":2},"end":{"line":108,"column":4}},"38":{"start":{"line":116,"column":0},"end":{"line":127,"column":2}},"39":{"start":{"line":117,"column":2},"end":{"line":126,"column":4}},"40":{"start":{"line":134,"column":0},"end":{"line":139,"column":2}},"41":{"start":{"line":135,"column":2},"end":{"line":138,"column":4}},"42":{"start":{"line":145,"column":0},"end":{"line":157,"column":2}},"43":{"start":{"line":146,"column":14},"end":{"line":146,"column":60}},"44":{"start":{"line":147,"column":2},"end":{"line":156,"column":5}},"45":{"start":{"line":148,"column":4},"end":{"line":155,"column":5}},"46":{"start":{"line":168,"column":0},"end":{"line":242,"column":2}},"47":{"start":{"line":169,"column":13},"end":{"line":169,"column":17}},"48":{"start":{"line":170,"column":13},"end":{"line":170,"column":33}},"49":{"start":{"line":171,"column":17},"end":{"line":171,"column":45}},"50":{"start":{"line":178,"column":2},"end":{"line":180,"column":30}},"51":{"start":{"line":182,"column":2},"end":{"line":186,"column":3}},"52":{"start":{"line":183,"column":4},"end":{"line":183,"column":85}},"53":{"start":{"line":184,"column":4},"end":{"line":184,"column":46}},"54":{"start":{"line":185,"column":4},"end":{"line":185,"column":19}},"55":{"start":{"line":189,"column":4},"end":{"line":189,"column":28}},"56":{"start":{"line":190,"column":4},"end":{"line":190,"column":48}},"57":{"start":{"line":192,"column":4},"end":{"line":199,"column":5}},"58":{"start":{"line":197,"column":6},"end":{"line":197,"column":45}},"59":{"start":{"line":197,"column":21},"end":{"line":197,"column":43}},"60":{"start":{"line":198,"column":6},"end":{"line":198,"column":22}},"61":{"start":{"line":202,"column":2},"end":{"line":204,"column":3}},"62":{"start":{"line":203,"column":4},"end":{"line":203,"column":42}},"63":{"start":{"line":210,"column":2},"end":{"line":231,"column":19}},"64":{"start":{"line":215,"column":15},"end":{"line":215,"column":25}},"65":{"start":{"line":216,"column":20},"end":{"line":216,"column":48}},"66":{"start":{"line":223,"column":6},"end":{"line":226,"column":8}},"67":{"start":{"line":224,"column":8},"end":{"line":224,"column":21}},"68":{"start":{"line":225,"column":8},"end":{"line":225,"column":15}},"69":{"start":{"line":229,"column":4},"end":{"line":229,"column":47}},"70":{"start":{"line":230,"column":4},"end":{"line":230,"column":45}},"71":{"start":{"line":233,"column":2},"end":{"line":233,"column":24}},"72":{"start":{"line":239,"column":2},"end":{"line":241,"column":3}},"73":{"start":{"line":240,"column":4},"end":{"line":240,"column":45}},"74":{"start":{"line":252,"column":0},"end":{"line":262,"column":2}},"75":{"start":{"line":258,"column":2},"end":{"line":261,"column":5}},"76":{"start":{"line":259,"column":20},"end":{"line":259,"column":42}},"77":{"start":{"line":260,"column":4},"end":{"line":260,"column":38}}},"fnMap":{"0":{"name":"(anonymous_0)","decl":{"start":{"line":18,"column":40},"end":{"line":18,"column":41}},"loc":{"start":{"line":18,"column":58},"end":{"line":25,"column":1}},"line":18},"1":{"name":"(anonymous_1)","decl":{"start":{"line":32,"column":36},"end":{"line":32,"column":37}},"loc":{"start":{"line":32,"column":48},"end":{"line":61,"column":1}},"line":32},"2":{"name":"add","decl":{"start":{"line":39,"column":11},"end":{"line":39,"column":14}},"loc":{"start":{"line":39,"column":24},"end":{"line":47,"column":3}},"line":39},"3":{"name":"(anonymous_3)","decl":{"start":{"line":49,"column":15},"end":{"line":49,"column":16}},"loc":{"start":{"line":49,"column":30},"end":{"line":55,"column":3}},"line":49},"4":{"name":"(anonymous_4)","decl":{"start":{"line":70,"column":38},"end":{"line":70,"column":39}},"loc":{"start":{"line":70,"column":50},"end":{"line":80,"column":1}},"line":70},"5":{"name":"(anonymous_5)","decl":{"start":{"line":76,"column":47},"end":{"line":76,"column":48}},"loc":{"start":{"line":76,"column":66},"end":{"line":78,"column":5}},"line":76},"6":{"name":"(anonymous_6)","decl":{"start":{"line":86,"column":40},"end":{"line":86,"column":41}},"loc":{"start":{"line":86,"column":55},"end":{"line":109,"column":1}},"line":86},"7":{"name":"(anonymous_7)","decl":{"start":{"line":116,"column":44},"end":{"line":116,"column":45}},"loc":{"start":{"line":116,"column":56},"end":{"line":127,"column":1}},"line":116},"8":{"name":"(anonymous_8)","decl":{"start":{"line":134,"column":39},"end":{"line":134,"column":40}},"loc":{"start":{"line":134,"column":51},"end":{"line":139,"column":1}},"line":134},"9":{"name":"(anonymous_9)","decl":{"start":{"line":145,"column":38},"end":{"line":145,"column":39}},"loc":{"start":{"line":145,"column":53},"end":{"line":157,"column":1}},"line":145},"10":{"name":"(anonymous_10)","decl":{"start":{"line":147,"column":19},"end":{"line":147,"column":20}},"loc":{"start":{"line":147,"column":35},"end":{"line":156,"column":3}},"line":147},"11":{"name":"(anonymous_11)","decl":{"start":{"line":168,"column":48},"end":{"line":168,"column":49}},"loc":{"start":{"line":168,"column":63},"end":{"line":242,"column":1}},"line":168},"12":{"name":"gracefulExit","decl":{"start":{"line":188,"column":11},"end":{"line":188,"column":23}},"loc":{"start":{"line":188,"column":26},"end":{"line":200,"column":3}},"line":188},"13":{"name":"awaitLog","decl":{"start":{"line":210,"column":35},"end":{"line":210,"column":43}},"loc":{"start":{"line":210,"column":59},"end":{"line":231,"column":3}},"line":210},"14":{"name":"onDone","decl":{"start":{"line":222,"column":13},"end":{"line":222,"column":19}},"loc":{"start":{"line":222,"column":27},"end":{"line":227,"column":5}},"line":222},"15":{"name":"(anonymous_15)","decl":{"start":{"line":223,"column":13},"end":{"line":223,"column":14}},"loc":{"start":{"line":223,"column":25},"end":{"line":226,"column":7}},"line":223},"16":{"name":"(anonymous_16)","decl":{"start":{"line":252,"column":51},"end":{"line":252,"column":52}},"loc":{"start":{"line":252,"column":63},"end":{"line":262,"column":1}},"line":252},"17":{"name":"(anonymous_17)","decl":{"start":{"line":258,"column":39},"end":{"line":258,"column":40}},"loc":{"start":{"line":258,"column":55},"end":{"line":261,"column":3}},"line":258}},"branchMap":{"0":{"loc":{"start":{"line":19,"column":2},"end":{"line":21,"column":3}},"type":"if","locations":[{"start":{"line":19,"column":2},"end":{"line":21,"column":3}},{"start":{"line":19,"column":2},"end":{"line":21,"column":3}}],"line":19},"1":{"loc":{"start":{"line":41,"column":4},"end":{"line":46,"column":5}},"type":"if","locations":[{"start":{"line":41,"column":4},"end":{"line":46,"column":5}},{"start":{"line":41,"column":4},"end":{"line":46,"column":5}}],"line":41},"2":{"loc":{"start":{"line":50,"column":4},"end":{"line":52,"column":5}},"type":"if","locations":[{"start":{"line":50,"column":4},"end":{"line":52,"column":5}},{"start":{"line":50,"column":4},"end":{"line":52,"column":5}}],"line":50},"3":{"loc":{"start":{"line":57,"column":2},"end":{"line":60,"column":3}},"type":"if","locations":[{"start":{"line":57,"column":2},"end":{"line":60,"column":3}},{"start":{"line":57,"column":2},"end":{"line":60,"column":3}}],"line":57},"4":{"loc":{"start":{"line":72,"column":2},"end":{"line":79,"column":3}},"type":"if","locations":[{"start":{"line":72,"column":2},"end":{"line":79,"column":3}},{"start":{"line":72,"column":2},"end":{"line":79,"column":3}}],"line":72},"5":{"loc":{"start":{"line":88,"column":2},"end":{"line":90,"column":3}},"type":"if","locations":[{"start":{"line":88,"column":2},"end":{"line":90,"column":3}},{"start":{"line":88,"column":2},"end":{"line":90,"column":3}}],"line":88},"6":{"loc":{"start":{"line":88,"column":6},"end":{"line":88,"column":41}},"type":"binary-expr","locations":[{"start":{"line":88,"column":6},"end":{"line":88,"column":14}},{"start":{"line":88,"column":18},"end":{"line":88,"column":41}}],"line":88},"7":{"loc":{"start":{"line":99,"column":31},"end":{"line":99,"column":62}},"type":"binary-expr","locations":[{"start":{"line":99,"column":31},"end":{"line":99,"column":38}},{"start":{"line":99,"column":42},"end":{"line":99,"column":62}}],"line":99},"8":{"loc":{"start":{"line":100,"column":6},"end":{"line":100,"column":37}},"type":"binary-expr","locations":[{"start":{"line":100,"column":6},"end":{"line":100,"column":15}},{"start":{"line":100,"column":19},"end":{"line":100,"column":37}}],"line":100},"9":{"loc":{"start":{"line":119,"column":17},"end":{"line":119,"column":57}},"type":"cond-expr","locations":[{"start":{"line":119,"column":34},"end":{"line":119,"column":50}},{"start":{"line":119,"column":53},"end":{"line":119,"column":57}}],"line":119},"10":{"loc":{"start":{"line":120,"column":17},"end":{"line":120,"column":57}},"type":"cond-expr","locations":[{"start":{"line":120,"column":34},"end":{"line":120,"column":50}},{"start":{"line":120,"column":53},"end":{"line":120,"column":57}}],"line":120},"11":{"loc":{"start":{"line":146,"column":14},"end":{"line":146,"column":60}},"type":"cond-expr","locations":[{"start":{"line":146,"column":20},"end":{"line":146,"column":41}},{"start":{"line":146,"column":44},"end":{"line":146,"column":60}}],"line":146},"12":{"loc":{"start":{"line":178,"column":11},"end":{"line":180,"column":29}},"type":"cond-expr","locations":[{"start":{"line":179,"column":6},"end":{"line":179,"column":34}},{"start":{"line":180,"column":6},"end":{"line":180,"column":29}}],"line":178},"13":{"loc":{"start":{"line":182,"column":2},"end":{"line":186,"column":3}},"type":"if","locations":[{"start":{"line":182,"column":2},"end":{"line":186,"column":3}},{"start":{"line":182,"column":2},"end":{"line":186,"column":3}}],"line":182},"14":{"loc":{"start":{"line":182,"column":6},"end":{"line":182,"column":32}},"type":"binary-expr","locations":[{"start":{"line":182,"column":6},"end":{"line":182,"column":22}},{"start":{"line":182,"column":26},"end":{"line":182,"column":32}}],"line":182},"15":{"loc":{"start":{"line":192,"column":4},"end":{"line":199,"column":5}},"type":"if","locations":[{"start":{"line":192,"column":4},"end":{"line":199,"column":5}},{"start":{"line":192,"column":4},"end":{"line":199,"column":5}}],"line":192},"16":{"loc":{"start":{"line":192,"column":8},"end":{"line":192,"column":35}},"type":"binary-expr","locations":[{"start":{"line":192,"column":8},"end":{"line":192,"column":14}},{"start":{"line":192,"column":18},"end":{"line":192,"column":35}}],"line":192},"17":{"loc":{"start":{"line":197,"column":6},"end":{"line":197,"column":45}},"type":"if","locations":[{"start":{"line":197,"column":6},"end":{"line":197,"column":45}},{"start":{"line":197,"column":6},"end":{"line":197,"column":45}}],"line":197},"18":{"loc":{"start":{"line":202,"column":2},"end":{"line":204,"column":3}},"type":"if","locations":[{"start":{"line":202,"column":2},"end":{"line":204,"column":3}},{"start":{"line":202,"column":2},"end":{"line":204,"column":3}}],"line":202},"19":{"loc":{"start":{"line":202,"column":6},"end":{"line":202,"column":40}},"type":"binary-expr","locations":[{"start":{"line":202,"column":6},"end":{"line":202,"column":15}},{"start":{"line":202,"column":19},"end":{"line":202,"column":40}}],"line":202},"20":{"loc":{"start":{"line":216,"column":20},"end":{"line":216,"column":48}},"type":"binary-expr","locations":[{"start":{"line":216,"column":20},"end":{"line":216,"column":37}},{"start":{"line":216,"column":41},"end":{"line":216,"column":48}}],"line":216},"21":{"loc":{"start":{"line":239,"column":2},"end":{"line":241,"column":3}},"type":"if","locations":[{"start":{"line":239,"column":2},"end":{"line":241,"column":3}},{"start":{"line":239,"column":2},"end":{"line":241,"column":3}}],"line":239},"22":{"loc":{"start":{"line":259,"column":20},"end":{"line":259,"column":42}},"type":"binary-expr","locations":[{"start":{"line":259,"column":20},"end":{"line":259,"column":34}},{"start":{"line":259,"column":38},"end":{"line":259,"column":42}}],"line":259}},"s":{"0":1,"1":1,"2":1,"3":1,"4":1,"5":1,"6":1,"7":2,"8":0,"9":2,"10":2,"11":1,"12":2,"13":2,"14":0,"15":0,"16":0,"17":0,"18":0,"19":2,"20":0,"21":0,"22":0,"23":2,"24":1,"25":1,"26":1,"27":0,"28":0,"29":0,"30":0,"31":0,"32":0,"33":1,"34":1,"35":1,"36":1,"37":1,"38":1,"39":1,"40":1,"41":1,"42":1,"43":1,"44":1,"45":0,"46":1,"47":1,"48":1,"49":1,"50":1,"51":1,"52":0,"53":0,"54":0,"55":1,"56":1,"57":1,"58":1,"59":1,"60":1,"61":1,"62":0,"63":1,"64":1,"65":1,"66":2,"67":1,"68":1,"69":1,"70":1,"71":1,"72":1,"73":1,"74":1,"75":1,"76":1,"77":1},"f":{"0":2,"1":2,"2":0,"3":0,"4":0,"5":0,"6":1,"7":1,"8":1,"9":1,"10":0,"11":1,"12":1,"13":1,"14":2,"15":1,"16":1,"17":1},"b":{"0":[0,2],"1":[0,0],"2":[0,0],"3":[1,1],"4":[0,0],"5":[1,0],"6":[1,1],"7":[1,0],"8":[1,1],"9":[1,0],"10":[1,0],"11":[1,0],"12":[0,1],"13":[0,1],"14":[1,0],"15":[1,0],"16":[1,1],"17":[1,0],"18":[0,1],"19":[1,1],"20":[1,1],"21":[1,0],"22":[1,1]},"_coverageSchema":"332fd63041d2c1bcb487cc26dd0d5f7d97098a6c","hash":"fed3e8508f6cbef38700c8b981480ae805ab5353","contentHash":"1e9de09a103bc5f5091d8648d8065997_10.2.0"},"/Users/charlie/Git/winstonjs/winston/lib/winston/exception-stream.js":{"path":"/Users/charlie/Git/winstonjs/winston/lib/winston/exception-stream.js","statementMap":{"0":{"start":{"line":3,"column":13},"end":{"line":3,"column":30}},"1":{"start":{"line":4,"column":11},"end":{"line":4,"column":26}},"2":{"start":{"line":13,"column":22},"end":{"line":26,"column":1}},"3":{"start":{"line":14,"column":2},"end":{"line":16,"column":3}},"4":{"start":{"line":15,"column":4},"end":{"line":15,"column":76}},"5":{"start":{"line":18,"column":2},"end":{"line":18,"column":51}},"6":{"start":{"line":24,"column":2},"end":{"line":24,"column":31}},"7":{"start":{"line":25,"column":2},"end":{"line":25,"column":29}},"8":{"start":{"line":28,"column":0},"end":{"line":28,"column":48}},"9":{"start":{"line":35,"column":0},"end":{"line":42,"column":2}},"10":{"start":{"line":36,"column":2},"end":{"line":38,"column":3}},"11":{"start":{"line":37,"column":4},"end":{"line":37,"column":46}},"12":{"start":{"line":40,"column":2},"end":{"line":40,"column":13}},"13":{"start":{"line":41,"column":2},"end":{"line":41,"column":14}}},"fnMap":{"0":{"name":"ExceptionStream","decl":{"start":{"line":13,"column":48},"end":{"line":13,"column":63}},"loc":{"start":{"line":13,"column":75},"end":{"line":26,"column":1}},"line":13},"1":{"name":"(anonymous_1)","decl":{"start":{"line":35,"column":35},"end":{"line":35,"column":36}},"loc":{"start":{"line":35,"column":66},"end":{"line":42,"column":1}},"line":35}},"branchMap":{"0":{"loc":{"start":{"line":14,"column":2},"end":{"line":16,"column":3}},"type":"if","locations":[{"start":{"line":14,"column":2},"end":{"line":16,"column":3}},{"start":{"line":14,"column":2},"end":{"line":16,"column":3}}],"line":14},"1":{"loc":{"start":{"line":36,"column":2},"end":{"line":38,"column":3}},"type":"if","locations":[{"start":{"line":36,"column":2},"end":{"line":38,"column":3}},{"start":{"line":36,"column":2},"end":{"line":38,"column":3}}],"line":36}},"s":{"0":1,"1":1,"2":1,"3":0,"4":0,"5":0,"6":0,"7":0,"8":1,"9":1,"10":0,"11":0,"12":0,"13":0},"f":{"0":0,"1":0},"b":{"0":[0,0],"1":[0,0]},"_coverageSchema":"332fd63041d2c1bcb487cc26dd0d5f7d97098a6c","hash":"ae6890ce781785a20a909c17da78259d34f4157f","contentHash":"bb18e6c826decd7675529b9cbc8e8157_10.2.0"},"/Users/charlie/Git/winstonjs/winston/lib/winston/container.js":{"path":"/Users/charlie/Git/winstonjs/winston/lib/winston/container.js","statementMap":{"0":{"start":{"line":9,"column":13},"end":{"line":9,"column":32}},"1":{"start":{"line":10,"column":14},"end":{"line":10,"column":35}},"2":{"start":{"line":11,"column":13},"end":{"line":11,"column":36}},"3":{"start":{"line":19,"column":16},"end":{"line":22,"column":1}},"4":{"start":{"line":20,"column":2},"end":{"line":20,"column":20}},"5":{"start":{"line":21,"column":2},"end":{"line":21,"column":31}},"6":{"start":{"line":31,"column":0},"end":{"line":56,"column":2}},"7":{"start":{"line":32,"column":13},"end":{"line":32,"column":17}},"8":{"start":{"line":35,"column":2},"end":{"line":53,"column":3}},"9":{"start":{"line":40,"column":4},"end":{"line":40,"column":50}},"10":{"start":{"line":41,"column":4},"end":{"line":41,"column":61}},"11":{"start":{"line":47,"column":4},"end":{"line":47,"column":58}},"12":{"start":{"line":49,"column":4},"end":{"line":49,"column":51}},"13":{"start":{"line":50,"column":4},"end":{"line":52,"column":7}},"14":{"start":{"line":51,"column":6},"end":{"line":51,"column":23}},"15":{"start":{"line":55,"column":2},"end":{"line":55,"column":26}},"16":{"start":{"line":64,"column":0},"end":{"line":66,"column":2}},"17":{"start":{"line":65,"column":2},"end":{"line":65,"column":28}},"18":{"start":{"line":74,"column":0},"end":{"line":91,"column":2}},"19":{"start":{"line":75,"column":13},"end":{"line":75,"column":17}},"20":{"start":{"line":78,"column":4},"end":{"line":80,"column":5}},"21":{"start":{"line":79,"column":6},"end":{"line":79,"column":13}},"22":{"start":{"line":82,"column":4},"end":{"line":82,"column":29}},"23":{"start":{"line":83,"column":4},"end":{"line":83,"column":21}},"24":{"start":{"line":86,"column":2},"end":{"line":88,"column":3}},"25":{"start":{"line":87,"column":4},"end":{"line":87,"column":28}},"26":{"start":{"line":90,"column":2},"end":{"line":90,"column":50}},"27":{"start":{"line":98,"column":0},"end":{"line":100,"column":2}},"28":{"start":{"line":99,"column":2},"end":{"line":99,"column":26}}},"fnMap":{"0":{"name":"(anonymous_0)","decl":{"start":{"line":19,"column":36},"end":{"line":19,"column":37}},"loc":{"start":{"line":19,"column":55},"end":{"line":22,"column":1}},"line":19},"1":{"name":"(anonymous_1)","decl":{"start":{"line":31,"column":52},"end":{"line":31,"column":53}},"loc":{"start":{"line":31,"column":75},"end":{"line":56,"column":1}},"line":31},"2":{"name":"(anonymous_2)","decl":{"start":{"line":50,"column":33},"end":{"line":50,"column":34}},"loc":{"start":{"line":50,"column":45},"end":{"line":52,"column":5}},"line":50},"3":{"name":"(anonymous_3)","decl":{"start":{"line":64,"column":26},"end":{"line":64,"column":27}},"loc":{"start":{"line":64,"column":40},"end":{"line":66,"column":1}},"line":64},"4":{"name":"(anonymous_4)","decl":{"start":{"line":74,"column":28},"end":{"line":74,"column":29}},"loc":{"start":{"line":74,"column":42},"end":{"line":91,"column":1}},"line":74},"5":{"name":"removeLogger","decl":{"start":{"line":77,"column":11},"end":{"line":77,"column":23}},"loc":{"start":{"line":77,"column":28},"end":{"line":84,"column":3}},"line":77},"6":{"name":"(anonymous_6)","decl":{"start":{"line":98,"column":30},"end":{"line":98,"column":31}},"loc":{"start":{"line":98,"column":44},"end":{"line":100,"column":1}},"line":98}},"branchMap":{"0":{"loc":{"start":{"line":21,"column":17},"end":{"line":21,"column":30}},"type":"binary-expr","locations":[{"start":{"line":21,"column":17},"end":{"line":21,"column":24}},{"start":{"line":21,"column":28},"end":{"line":21,"column":30}}],"line":21},"1":{"loc":{"start":{"line":35,"column":2},"end":{"line":53,"column":3}},"type":"if","locations":[{"start":{"line":35,"column":2},"end":{"line":53,"column":3}},{"start":{"line":35,"column":2},"end":{"line":53,"column":3}}],"line":35},"2":{"loc":{"start":{"line":40,"column":25},"end":{"line":40,"column":48}},"type":"binary-expr","locations":[{"start":{"line":40,"column":25},"end":{"line":40,"column":32}},{"start":{"line":40,"column":36},"end":{"line":40,"column":48}}],"line":40},"3":{"loc":{"start":{"line":41,"column":15},"end":{"line":41,"column":60}},"type":"binary-expr","locations":[{"start":{"line":41,"column":15},"end":{"line":41,"column":33}},{"start":{"line":41,"column":37},"end":{"line":41,"column":60}}],"line":41},"4":{"loc":{"start":{"line":47,"column":25},"end":{"line":47,"column":57}},"type":"cond-expr","locations":[{"start":{"line":47,"column":36},"end":{"line":47,"column":52}},{"start":{"line":47,"column":55},"end":{"line":47,"column":57}}],"line":47},"5":{"loc":{"start":{"line":78,"column":4},"end":{"line":80,"column":5}},"type":"if","locations":[{"start":{"line":78,"column":4},"end":{"line":80,"column":5}},{"start":{"line":78,"column":4},"end":{"line":80,"column":5}}],"line":78},"6":{"loc":{"start":{"line":86,"column":2},"end":{"line":88,"column":3}},"type":"if","locations":[{"start":{"line":86,"column":2},"end":{"line":88,"column":3}},{"start":{"line":86,"column":2},"end":{"line":88,"column":3}}],"line":86}},"s":{"0":1,"1":1,"2":1,"3":1,"4":1,"5":1,"6":1,"7":0,"8":0,"9":0,"10":0,"11":0,"12":0,"13":0,"14":0,"15":0,"16":1,"17":0,"18":1,"19":0,"20":0,"21":0,"22":0,"23":0,"24":0,"25":0,"26":0,"27":1,"28":0},"f":{"0":1,"1":0,"2":0,"3":0,"4":0,"5":0,"6":0},"b":{"0":[1,1],"1":[0,0],"2":[0,0],"3":[0,0],"4":[0,0],"5":[0,0],"6":[0,0]},"_coverageSchema":"332fd63041d2c1bcb487cc26dd0d5f7d97098a6c","hash":"34bf8a1cd7db2fa87d5b4c4bce1ee7c0ceb26fc2","contentHash":"9e17bc42f9abed0ca0be6ac8f6238411_10.2.0"},"/Users/charlie/Git/winstonjs/winston/lib/winston/logger.js":{"path":"/Users/charlie/Git/winstonjs/winston/lib/winston/logger.js","statementMap":{"0":{"start":{"line":3,"column":13},"end":{"line":3,"column":30}},"1":{"start":{"line":4,"column":11},"end":{"line":4,"column":26}},"2":{"start":{"line":5,"column":13},"end":{"line":5,"column":24}},"3":{"start":{"line":6,"column":12},"end":{"line":6,"column":28}},"4":{"start":{"line":7,"column":15},"end":{"line":7,"column":34}},"5":{"start":{"line":8,"column":22},"end":{"line":8,"column":50}},"6":{"start":{"line":9,"column":23},"end":{"line":9,"column":53}},"7":{"start":{"line":10,"column":28},"end":{"line":10,"column":63}},"8":{"start":{"line":11,"column":15},"end":{"line":11,"column":36}},"9":{"start":{"line":12,"column":13},"end":{"line":12,"column":32}},"10":{"start":{"line":13,"column":19},"end":{"line":13,"column":38}},"11":{"start":{"line":19,"column":13},"end":{"line":23,"column":1}},"12":{"start":{"line":20,"column":13},"end":{"line":20,"column":17}},"13":{"start":{"line":21,"column":2},"end":{"line":21,"column":52}},"14":{"start":{"line":22,"column":2},"end":{"line":22,"column":26}},"15":{"start":{"line":28,"column":0},"end":{"line":28,"column":40}},"16":{"start":{"line":37,"column":0},"end":{"line":88,"column":2}},"17":{"start":{"line":41,"column":2},"end":{"line":43,"column":3}},"18":{"start":{"line":42,"column":4},"end":{"line":42,"column":17}},"19":{"start":{"line":49,"column":2},"end":{"line":49,"column":26}},"20":{"start":{"line":50,"column":2},"end":{"line":50,"column":77}},"21":{"start":{"line":55,"column":2},"end":{"line":55,"column":33}},"22":{"start":{"line":56,"column":2},"end":{"line":56,"column":39}},"23":{"start":{"line":57,"column":2},"end":{"line":57,"column":47}},"24":{"start":{"line":58,"column":2},"end":{"line":58,"column":22}},"25":{"start":{"line":59,"column":2},"end":{"line":61,"column":11}},"26":{"start":{"line":66,"column":2},"end":{"line":74,"column":3}},"27":{"start":{"line":67,"column":4},"end":{"line":69,"column":29}},"28":{"start":{"line":71,"column":4},"end":{"line":73,"column":13}},"29":{"start":{"line":72,"column":6},"end":{"line":72,"column":26}},"30":{"start":{"line":76,"column":2},"end":{"line":83,"column":3}},"31":{"start":{"line":78,"column":4},"end":{"line":82,"column":18}},"32":{"start":{"line":85,"column":2},"end":{"line":87,"column":3}},"33":{"start":{"line":86,"column":4},"end":{"line":86,"column":54}},"34":{"start":{"line":94,"column":0},"end":{"line":103,"column":3}},"35":{"start":{"line":98,"column":16},"end":{"line":98,"column":41}},"36":{"start":{"line":99,"column":4},"end":{"line":101,"column":14}},"37":{"start":{"line":110,"column":0},"end":{"line":154,"column":3}},"38":{"start":{"line":114,"column":4},"end":{"line":114,"column":24}},"39":{"start":{"line":117,"column":4},"end":{"line":128,"column":5}},"40":{"start":{"line":121,"column":6},"end":{"line":121,"column":13}},"41":{"start":{"line":122,"column":11},"end":{"line":128,"column":5}},"42":{"start":{"line":127,"column":6},"end":{"line":127,"column":70}},"43":{"start":{"line":138,"column":15},"end":{"line":138,"column":19}},"44":{"start":{"line":144,"column":4},"end":{"line":149,"column":6}},"45":{"start":{"line":146,"column":6},"end":{"line":148,"column":7}},"46":{"start":{"line":147,"column":8},"end":{"line":147,"column":24}},"47":{"start":{"line":151,"column":4},"end":{"line":151,"column":23}},"48":{"start":{"line":152,"column":4},"end":{"line":152,"column":56}},"49":{"start":{"line":171,"column":0},"end":{"line":191,"column":2}},"50":{"start":{"line":172,"column":2},"end":{"line":174,"column":3}},"51":{"start":{"line":173,"column":4},"end":{"line":173,"column":29}},"52":{"start":{"line":176,"column":20},"end":{"line":176,"column":63}},"53":{"start":{"line":177,"column":17},"end":{"line":177,"column":57}},"54":{"start":{"line":179,"column":2},"end":{"line":184,"column":3}},"55":{"start":{"line":186,"column":2},"end":{"line":186,"column":20}},"56":{"start":{"line":187,"column":2},"end":{"line":187,"column":21}},"57":{"start":{"line":188,"column":2},"end":{"line":188,"column":21}},"58":{"start":{"line":189,"column":2},"end":{"line":189,"column":19}},"59":{"start":{"line":190,"column":2},"end":{"line":190,"column":14}},"60":{"start":{"line":198,"column":0},"end":{"line":215,"column":2}},"61":{"start":{"line":204,"column":2},"end":{"line":206,"column":3}},"62":{"start":{"line":205,"column":4},"end":{"line":205,"column":58}},"63":{"start":{"line":213,"column":2},"end":{"line":213,"column":27}},"64":{"start":{"line":214,"column":2},"end":{"line":214,"column":13}},"65":{"start":{"line":222,"column":0},"end":{"line":249,"column":2}},"66":{"start":{"line":223,"column":13},"end":{"line":223,"column":17}},"67":{"start":{"line":230,"column":15},"end":{"line":232,"column":15}},"68":{"start":{"line":234,"column":2},"end":{"line":236,"column":3}},"69":{"start":{"line":235,"column":4},"end":{"line":235,"column":96}},"70":{"start":{"line":241,"column":2},"end":{"line":241,"column":24}},"71":{"start":{"line":242,"column":2},"end":{"line":242,"column":20}},"72":{"start":{"line":244,"column":2},"end":{"line":246,"column":3}},"73":{"start":{"line":245,"column":4},"end":{"line":245,"column":29}},"74":{"start":{"line":248,"column":2},"end":{"line":248,"column":14}},"75":{"start":{"line":256,"column":0},"end":{"line":266,"column":2}},"76":{"start":{"line":257,"column":15},"end":{"line":257,"column":24}},"77":{"start":{"line":258,"column":2},"end":{"line":262,"column":3}},"78":{"start":{"line":259,"column":4},"end":{"line":261,"column":10}},"79":{"start":{"line":260,"column":6},"end":{"line":260,"column":43}},"80":{"start":{"line":264,"column":2},"end":{"line":264,"column":38}},"81":{"start":{"line":264,"column":16},"end":{"line":264,"column":36}},"82":{"start":{"line":265,"column":2},"end":{"line":265,"column":14}},"83":{"start":{"line":272,"column":0},"end":{"line":275,"column":2}},"84":{"start":{"line":273,"column":2},"end":{"line":273,"column":16}},"85":{"start":{"line":274,"column":2},"end":{"line":274,"column":14}},"86":{"start":{"line":282,"column":0},"end":{"line":286,"column":2}},"87":{"start":{"line":283,"column":2},"end":{"line":283,"column":15}},"88":{"start":{"line":284,"column":2},"end":{"line":284,"column":21}},"89":{"start":{"line":285,"column":2},"end":{"line":285,"column":14}},"90":{"start":{"line":292,"column":0},"end":{"line":295,"column":2}},"91":{"start":{"line":293,"column":2},"end":{"line":293,"column":46}},"92":{"start":{"line":294,"column":2},"end":{"line":294,"column":14}},"93":{"start":{"line":305,"column":0},"end":{"line":366,"column":2}},"94":{"start":{"line":306,"column":2},"end":{"line":309,"column":3}},"95":{"start":{"line":307,"column":4},"end":{"line":307,"column":23}},"96":{"start":{"line":308,"column":4},"end":{"line":308,"column":17}},"97":{"start":{"line":311,"column":13},"end":{"line":311,"column":17}},"98":{"start":{"line":312,"column":16},"end":{"line":312,"column":29}},"99":{"start":{"line":313,"column":16},"end":{"line":313,"column":18}},"100":{"start":{"line":314,"column":14},"end":{"line":314,"column":47}},"101":{"start":{"line":321,"column":4},"end":{"line":323,"column":5}},"102":{"start":{"line":322,"column":6},"end":{"line":322,"column":51}},"103":{"start":{"line":325,"column":4},"end":{"line":331,"column":7}},"104":{"start":{"line":326,"column":6},"end":{"line":328,"column":7}},"105":{"start":{"line":327,"column":8},"end":{"line":327,"column":25}},"106":{"start":{"line":330,"column":6},"end":{"line":330,"column":67}},"107":{"start":{"line":339,"column":4},"end":{"line":354,"column":7}},"108":{"start":{"line":344,"column":6},"end":{"line":351,"column":7}},"109":{"start":{"line":345,"column":8},"end":{"line":345,"column":31}},"110":{"start":{"line":346,"column":8},"end":{"line":348,"column":9}},"111":{"start":{"line":347,"column":10},"end":{"line":347,"column":43}},"112":{"start":{"line":350,"column":8},"end":{"line":350,"column":15}},"113":{"start":{"line":353,"column":6},"end":{"line":353,"column":18}},"114":{"start":{"line":361,"column":2},"end":{"line":365,"column":5}},"115":{"start":{"line":362,"column":4},"end":{"line":362,"column":29}},"116":{"start":{"line":364,"column":4},"end":{"line":364,"column":28}},"117":{"start":{"line":373,"column":0},"end":{"line":411,"column":2}},"118":{"start":{"line":374,"column":2},"end":{"line":374,"column":26}},"119":{"start":{"line":376,"column":13},"end":{"line":376,"column":17}},"120":{"start":{"line":377,"column":12},"end":{"line":377,"column":31}},"121":{"start":{"line":378,"column":16},"end":{"line":378,"column":18}},"122":{"start":{"line":380,"column":2},"end":{"line":380,"column":25}},"123":{"start":{"line":381,"column":2},"end":{"line":384,"column":4}},"124":{"start":{"line":382,"column":12},"end":{"line":382,"column":26}},"125":{"start":{"line":383,"column":4},"end":{"line":383,"column":37}},"126":{"start":{"line":383,"column":16},"end":{"line":383,"column":37}},"127":{"start":{"line":389,"column":2},"end":{"line":408,"column":5}},"128":{"start":{"line":390,"column":4},"end":{"line":390,"column":30}},"129":{"start":{"line":392,"column":17},"end":{"line":392,"column":42}},"130":{"start":{"line":393,"column":4},"end":{"line":393,"column":24}},"131":{"start":{"line":393,"column":17},"end":{"line":393,"column":24}},"132":{"start":{"line":395,"column":4},"end":{"line":395,"column":25}},"133":{"start":{"line":397,"column":4},"end":{"line":401,"column":7}},"134":{"start":{"line":398,"column":6},"end":{"line":398,"column":42}},"135":{"start":{"line":399,"column":6},"end":{"line":399,"column":41}},"136":{"start":{"line":400,"column":6},"end":{"line":400,"column":27}},"137":{"start":{"line":403,"column":4},"end":{"line":407,"column":7}},"138":{"start":{"line":404,"column":6},"end":{"line":404,"column":42}},"139":{"start":{"line":405,"column":6},"end":{"line":405,"column":41}},"140":{"start":{"line":406,"column":6},"end":{"line":406,"column":29}},"141":{"start":{"line":410,"column":2},"end":{"line":410,"column":13}},"142":{"start":{"line":423,"column":0},"end":{"line":425,"column":2}},"143":{"start":{"line":424,"column":2},"end":{"line":424,"column":28}},"144":{"start":{"line":434,"column":0},"end":{"line":466,"column":2}},"145":{"start":{"line":435,"column":13},"end":{"line":435,"column":23}},"146":{"start":{"line":440,"column":2},"end":{"line":462,"column":3}},"147":{"start":{"line":441,"column":4},"end":{"line":441,"column":33}},"148":{"start":{"line":442,"column":4},"end":{"line":442,"column":30}},"149":{"start":{"line":448,"column":4},"end":{"line":448,"column":52}},"150":{"start":{"line":449,"column":4},"end":{"line":452,"column":5}},"151":{"start":{"line":450,"column":6},"end":{"line":450,"column":80}},"152":{"start":{"line":451,"column":6},"end":{"line":451,"column":17}},"153":{"start":{"line":457,"column":4},"end":{"line":457,"column":71}},"154":{"start":{"line":458,"column":4},"end":{"line":458,"column":38}},"155":{"start":{"line":459,"column":4},"end":{"line":459,"column":37}},"156":{"start":{"line":460,"column":4},"end":{"line":460,"column":38}},"157":{"start":{"line":461,"column":4},"end":{"line":461,"column":26}},"158":{"start":{"line":464,"column":2},"end":{"line":464,"column":28}},"159":{"start":{"line":465,"column":2},"end":{"line":465,"column":14}},"160":{"start":{"line":474,"column":0},"end":{"line":478,"column":2}},"161":{"start":{"line":475,"column":2},"end":{"line":475,"column":105}},"162":{"start":{"line":476,"column":13},"end":{"line":476,"column":50}},"163":{"start":{"line":477,"column":2},"end":{"line":477,"column":54}},"164":{"start":{"line":486,"column":0},"end":{"line":490,"column":2}},"165":{"start":{"line":487,"column":2},"end":{"line":487,"column":109}},"166":{"start":{"line":488,"column":13},"end":{"line":488,"column":50}},"167":{"start":{"line":489,"column":2},"end":{"line":489,"column":56}},"168":{"start":{"line":495,"column":0},"end":{"line":501,"column":2}},"169":{"start":{"line":496,"column":2},"end":{"line":500,"column":16}},"170":{"start":{"line":510,"column":0},"end":{"line":521,"column":2}},"171":{"start":{"line":511,"column":13},"end":{"line":511,"column":17}},"172":{"start":{"line":514,"column":4},"end":{"line":514,"column":39}},"173":{"start":{"line":517,"column":2},"end":{"line":520,"column":3}},"174":{"start":{"line":518,"column":4},"end":{"line":518,"column":46}},"175":{"start":{"line":519,"column":4},"end":{"line":519,"column":52}}},"fnMap":{"0":{"name":"Logger","decl":{"start":{"line":19,"column":39},"end":{"line":19,"column":45}},"loc":{"start":{"line":19,"column":55},"end":{"line":23,"column":1}},"line":19},"1":{"name":"(anonymous_1)","decl":{"start":{"line":37,"column":29},"end":{"line":37,"column":30}},"loc":{"start":{"line":37,"column":48},"end":{"line":88,"column":1}},"line":37},"2":{"name":"(anonymous_2)","decl":{"start":{"line":71,"column":31},"end":{"line":71,"column":32}},"loc":{"start":{"line":71,"column":52},"end":{"line":73,"column":5}},"line":71},"3":{"name":"(anonymous_3)","decl":{"start":{"line":97,"column":7},"end":{"line":97,"column":8}},"loc":{"start":{"line":97,"column":19},"end":{"line":102,"column":3}},"line":97},"4":{"name":"(anonymous_4)","decl":{"start":{"line":113,"column":7},"end":{"line":113,"column":8}},"loc":{"start":{"line":113,"column":19},"end":{"line":115,"column":3}},"line":113},"5":{"name":"(anonymous_5)","decl":{"start":{"line":116,"column":7},"end":{"line":116,"column":8}},"loc":{"start":{"line":116,"column":22},"end":{"line":153,"column":3}},"line":116},"6":{"name":"(anonymous_6)","decl":{"start":{"line":144,"column":29},"end":{"line":144,"column":30}},"loc":{"start":{"line":144,"column":41},"end":{"line":149,"column":5}},"line":144},"7":{"name":"(anonymous_7)","decl":{"start":{"line":171,"column":23},"end":{"line":171,"column":24}},"loc":{"start":{"line":171,"column":51},"end":{"line":191,"column":1}},"line":171},"8":{"name":"(anonymous_8)","decl":{"start":{"line":198,"column":30},"end":{"line":198,"column":31}},"loc":{"start":{"line":198,"column":61},"end":{"line":215,"column":1}},"line":198},"9":{"name":"(anonymous_9)","decl":{"start":{"line":222,"column":23},"end":{"line":222,"column":24}},"loc":{"start":{"line":222,"column":44},"end":{"line":249,"column":1}},"line":222},"10":{"name":"(anonymous_10)","decl":{"start":{"line":256,"column":26},"end":{"line":256,"column":27}},"loc":{"start":{"line":256,"column":47},"end":{"line":266,"column":1}},"line":256},"11":{"name":"(anonymous_11)","decl":{"start":{"line":259,"column":36},"end":{"line":259,"column":37}},"loc":{"start":{"line":259,"column":53},"end":{"line":261,"column":5}},"line":259},"12":{"name":"(anonymous_12)","decl":{"start":{"line":272,"column":25},"end":{"line":272,"column":26}},"loc":{"start":{"line":272,"column":37},"end":{"line":275,"column":1}},"line":272},"13":{"name":"(anonymous_13)","decl":{"start":{"line":282,"column":25},"end":{"line":282,"column":26}},"loc":{"start":{"line":282,"column":37},"end":{"line":286,"column":1}},"line":282},"14":{"name":"(anonymous_14)","decl":{"start":{"line":292,"column":29},"end":{"line":292,"column":30}},"loc":{"start":{"line":292,"column":47},"end":{"line":295,"column":1}},"line":292},"15":{"name":"(anonymous_15)","decl":{"start":{"line":305,"column":25},"end":{"line":305,"column":26}},"loc":{"start":{"line":305,"column":54},"end":{"line":366,"column":1}},"line":305},"16":{"name":"queryTransport","decl":{"start":{"line":320,"column":11},"end":{"line":320,"column":25}},"loc":{"start":{"line":320,"column":43},"end":{"line":332,"column":3}},"line":320},"17":{"name":"(anonymous_17)","decl":{"start":{"line":325,"column":29},"end":{"line":325,"column":30}},"loc":{"start":{"line":325,"column":53},"end":{"line":331,"column":5}},"line":325},"18":{"name":"addResults","decl":{"start":{"line":338,"column":11},"end":{"line":338,"column":21}},"loc":{"start":{"line":338,"column":39},"end":{"line":355,"column":3}},"line":338},"19":{"name":"(anonymous_19)","decl":{"start":{"line":339,"column":30},"end":{"line":339,"column":31}},"loc":{"start":{"line":339,"column":53},"end":{"line":354,"column":5}},"line":339},"20":{"name":"(anonymous_20)","decl":{"start":{"line":361,"column":39},"end":{"line":361,"column":40}},"loc":{"start":{"line":361,"column":60},"end":{"line":363,"column":3}},"line":361},"21":{"name":"(anonymous_21)","decl":{"start":{"line":363,"column":18},"end":{"line":363,"column":19}},"loc":{"start":{"line":363,"column":30},"end":{"line":365,"column":3}},"line":363},"22":{"name":"(anonymous_22)","decl":{"start":{"line":373,"column":26},"end":{"line":373,"column":27}},"loc":{"start":{"line":373,"column":45},"end":{"line":411,"column":1}},"line":373},"23":{"name":"(anonymous_23)","decl":{"start":{"line":381,"column":16},"end":{"line":381,"column":17}},"loc":{"start":{"line":381,"column":28},"end":{"line":384,"column":3}},"line":381},"24":{"name":"(anonymous_24)","decl":{"start":{"line":389,"column":25},"end":{"line":389,"column":26}},"loc":{"start":{"line":389,"column":46},"end":{"line":391,"column":3}},"line":389},"25":{"name":"(anonymous_25)","decl":{"start":{"line":391,"column":13},"end":{"line":391,"column":14}},"loc":{"start":{"line":391,"column":34},"end":{"line":408,"column":3}},"line":391},"26":{"name":"(anonymous_26)","decl":{"start":{"line":397,"column":21},"end":{"line":397,"column":22}},"loc":{"start":{"line":397,"column":36},"end":{"line":401,"column":5}},"line":397},"27":{"name":"(anonymous_27)","decl":{"start":{"line":403,"column":23},"end":{"line":403,"column":24}},"loc":{"start":{"line":403,"column":38},"end":{"line":407,"column":5}},"line":403},"28":{"name":"(anonymous_28)","decl":{"start":{"line":423,"column":30},"end":{"line":423,"column":31}},"loc":{"start":{"line":423,"column":42},"end":{"line":425,"column":1}},"line":423},"29":{"name":"(anonymous_29)","decl":{"start":{"line":434,"column":27},"end":{"line":434,"column":28}},"loc":{"start":{"line":434,"column":41},"end":{"line":466,"column":1}},"line":434},"30":{"name":"(anonymous_30)","decl":{"start":{"line":474,"column":36},"end":{"line":474,"column":37}},"loc":{"start":{"line":474,"column":48},"end":{"line":478,"column":1}},"line":474},"31":{"name":"(anonymous_31)","decl":{"start":{"line":486,"column":38},"end":{"line":486,"column":39}},"loc":{"start":{"line":486,"column":50},"end":{"line":490,"column":1}},"line":486},"32":{"name":"(anonymous_32)","decl":{"start":{"line":495,"column":23},"end":{"line":495,"column":24}},"loc":{"start":{"line":495,"column":35},"end":{"line":501,"column":1}},"line":495},"33":{"name":"(anonymous_33)","decl":{"start":{"line":510,"column":28},"end":{"line":510,"column":29}},"loc":{"start":{"line":510,"column":49},"end":{"line":521,"column":1}},"line":510},"34":{"name":"transportError","decl":{"start":{"line":513,"column":11},"end":{"line":513,"column":25}},"loc":{"start":{"line":513,"column":31},"end":{"line":515,"column":3}},"line":513}},"branchMap":{"0":{"loc":{"start":{"line":41,"column":2},"end":{"line":43,"column":3}},"type":"if","locations":[{"start":{"line":41,"column":2},"end":{"line":43,"column":3}},{"start":{"line":41,"column":2},"end":{"line":43,"column":3}}],"line":41},"1":{"loc":{"start":{"line":49,"column":12},"end":{"line":49,"column":25}},"type":"binary-expr","locations":[{"start":{"line":49,"column":12},"end":{"line":49,"column":19}},{"start":{"line":49,"column":23},"end":{"line":49,"column":25}}],"line":49},"2":{"loc":{"start":{"line":50,"column":16},"end":{"line":50,"column":76}},"type":"binary-expr","locations":[{"start":{"line":50,"column":16},"end":{"line":50,"column":30}},{"start":{"line":50,"column":34},"end":{"line":50,"column":45}},{"start":{"line":50,"column":49},"end":{"line":50,"column":76}}],"line":50},"3":{"loc":{"start":{"line":56,"column":15},"end":{"line":56,"column":38}},"type":"binary-expr","locations":[{"start":{"line":56,"column":15},"end":{"line":56,"column":28}},{"start":{"line":56,"column":32},"end":{"line":56,"column":38}}],"line":56},"4":{"loc":{"start":{"line":59,"column":21},"end":{"line":61,"column":10}},"type":"cond-expr","locations":[{"start":{"line":60,"column":6},"end":{"line":60,"column":25}},{"start":{"line":61,"column":6},"end":{"line":61,"column":10}}],"line":59},"5":{"loc":{"start":{"line":66,"column":2},"end":{"line":74,"column":3}},"type":"if","locations":[{"start":{"line":66,"column":2},"end":{"line":74,"column":3}},{"start":{"line":66,"column":2},"end":{"line":74,"column":3}}],"line":66},"6":{"loc":{"start":{"line":67,"column":25},"end":{"line":69,"column":28}},"type":"cond-expr","locations":[{"start":{"line":68,"column":8},"end":{"line":68,"column":26}},{"start":{"line":69,"column":8},"end":{"line":69,"column":28}}],"line":67},"7":{"loc":{"start":{"line":76,"column":2},"end":{"line":83,"column":3}},"type":"if","locations":[{"start":{"line":76,"column":2},"end":{"line":83,"column":3}},{"start":{"line":76,"column":2},"end":{"line":83,"column":3}}],"line":76},"8":{"loc":{"start":{"line":76,"column":6},"end":{"line":77,"column":68}},"type":"binary-expr","locations":[{"start":{"line":76,"column":6},"end":{"line":76,"column":20}},{"start":{"line":76,"column":24},"end":{"line":76,"column":40}},{"start":{"line":76,"column":44},"end":{"line":76,"column":62}},{"start":{"line":77,"column":7},"end":{"line":77,"column":24}},{"start":{"line":77,"column":28},"end":{"line":77,"column":45}},{"start":{"line":77,"column":49},"end":{"line":77,"column":68}}],"line":76},"9":{"loc":{"start":{"line":85,"column":2},"end":{"line":87,"column":3}},"type":"if","locations":[{"start":{"line":85,"column":2},"end":{"line":87,"column":3}},{"start":{"line":85,"column":2},"end":{"line":87,"column":3}}],"line":85},"10":{"loc":{"start":{"line":99,"column":11},"end":{"line":101,"column":13}},"type":"cond-expr","locations":[{"start":{"line":100,"column":8},"end":{"line":100,"column":31}},{"start":{"line":101,"column":8},"end":{"line":101,"column":13}}],"line":99},"11":{"loc":{"start":{"line":117,"column":4},"end":{"line":128,"column":5}},"type":"if","locations":[{"start":{"line":117,"column":4},"end":{"line":128,"column":5}},{"start":{"line":117,"column":4},"end":{"line":128,"column":5}}],"line":117},"12":{"loc":{"start":{"line":122,"column":11},"end":{"line":128,"column":5}},"type":"if","locations":[{"start":{"line":122,"column":11},"end":{"line":128,"column":5}},{"start":{"line":122,"column":11},"end":{"line":128,"column":5}}],"line":122},"13":{"loc":{"start":{"line":172,"column":2},"end":{"line":174,"column":3}},"type":"if","locations":[{"start":{"line":172,"column":2},"end":{"line":174,"column":3}},{"start":{"line":172,"column":2},"end":{"line":174,"column":3}}],"line":172},"14":{"loc":{"start":{"line":176,"column":20},"end":{"line":176,"column":63}},"type":"binary-expr","locations":[{"start":{"line":17
[...]
2,"column":7}},{"start":{"line":40,"column":6},"end":{"line":42,"column":7}}],"line":40},"2":{"loc":{"start":{"line":51,"column":2},"end":{"line":72,"column":3}},"type":"if","locations":[{"start":{"line":51,"column":2},"end":{"line":72,"column":3}},{"start":{"line":51,"column":2},"end":{"line":72,"column":3}}],"line":51},"3":{"loc":{"start":{"line":51,"column":6},"end":{"line":51,"column":41}},"type":"binary-expr","locations":[{"start":{"line":51,"column":6},"end":{"line":51,"column":22}},{"start":{"line":51,"column":26},"end":{"line":51,"column":41}}],"line":51},"4":{"loc":{"start":{"line":53,"column":37},"end":{"line":55,"column":21}},"type":"cond-expr","locations":[{"start":{"line":54,"column":8},"end":{"line":54,"column":39}},{"start":{"line":55,"column":8},"end":{"line":55,"column":21}}],"line":53},"5":{"loc":{"start":{"line":57,"column":19},"end":{"line":57,"column":68}},"type":"binary-expr","locations":[{"start":{"line":57,"column":19},"end":{"line":57,"column":34}},{"start":{"line":57,"column":38},"end":{"line":57,"column":68}}],"line":57},"6":{"loc":{"start":{"line":58,"column":19},"end":{"line":58,"column":52}},"type":"binary-expr","locations":[{"start":{"line":58,"column":19},"end":{"line":58,"column":34}},{"start":{"line":58,"column":38},"end":{"line":58,"column":52}}],"line":58},"7":{"loc":{"start":{"line":60,"column":7},"end":{"line":72,"column":3}},"type":"if","locations":[{"start":{"line":60,"column":7},"end":{"line":72,"column":3}},{"start":{"line":60,"column":7},"end":{"line":72,"column":3}}],"line":60},"8":{"loc":{"start":{"line":74,"column":21},"end":{"line":74,"column":48}},"type":"binary-expr","locations":[{"start":{"line":74,"column":21},"end":{"line":74,"column":36}},{"start":{"line":74,"column":44},"end":{"line":74,"column":48}}],"line":74},"9":{"loc":{"start":{"line":75,"column":24},"end":{"line":75,"column":55}},"type":"binary-expr","locations":[{"start":{"line":75,"column":24},"end":{"line":75,"column":46}},{"start":{"line":75,"column":50},"end":{"line":75,"column":55}}],"line":75},"10":{"loc":{"start":{"line":76,"column":23},"end":{"line":76,"column":53}},"type":"binary-expr","locations":[{"start":{"line":76,"column":23},"end":{"line":76,"column":44}},{"start":{"line":76,"column":48},"end":{"line":76,"column":53}}],"line":76},"11":{"loc":{"start":{"line":77,"column":21},"end":{"line":77,"column":48}},"type":"binary-expr","locations":[{"start":{"line":77,"column":21},"end":{"line":77,"column":37}},{"start":{"line":77,"column":44},"end":{"line":77,"column":48}}],"line":77},"12":{"loc":{"start":{"line":78,"column":21},"end":{"line":78,"column":42}},"type":"binary-expr","locations":[{"start":{"line":78,"column":21},"end":{"line":78,"column":32}},{"start":{"line":78,"column":36},"end":{"line":78,"column":42}}],"line":78},"13":{"loc":{"start":{"line":79,"column":21},"end":{"line":79,"column":49}},"type":"binary-expr","locations":[{"start":{"line":79,"column":21},"end":{"line":79,"column":37}},{"start":{"line":79,"column":44},"end":{"line":79,"column":49}}],"line":79},"14":{"loc":{"start":{"line":111,"column":13},"end":{"line":111,"column":29}},"type":"binary-expr","locations":[{"start":{"line":111,"column":13},"end":{"line":111,"column":21}},{"start":{"line":111,"column":25},"end":{"line":111,"column":29}}],"line":111},"15":{"loc":{"start":{"line":118,"column":2},"end":{"line":121,"column":3}},"type":"if","locations":[{"start":{"line":118,"column":2},"end":{"line":121,"column":3}},{"start":{"line":118,"column":2},"end":{"line":121,"column":3}}],"line":118},"16":{"loc":{"start":{"line":134,"column":4},"end":{"line":134,"column":42}},"type":"if","locations":[{"start":{"line":134,"column":4},"end":{"line":134,"column":42}},{"start":{"line":134,"column":4},"end":{"line":134,"column":42}}],"line":134},"17":{"loc":{"start":{"line":151,"column":2},"end":{"line":151,"column":40}},"type":"if","locations":[{"start":{"line":151,"column":2},"end":{"line":151,"column":40}},{"start":{"line":151,"column":2},"end":{"line":151,"column":40}}],"line":151},"18":{"loc":{"start":{"line":152,"column":2},"end":{"line":153,"column":29}},"type":"if","locations":[{"start":{"line":152,"column":2},"end":{"line":153,"column":29}},{"start":{"line":152,"column":2},"end":{"line":153,"column":29}}],"line":152},"19":{"loc":{"start":{"line":166,"column":2},"end":{"line":169,"column":3}},"type":"if","locations":[{"start":{"line":166,"column":2},"end":{"line":169,"column":3}},{"start":{"line":166,"column":2},"end":{"line":169,"column":3}}],"line":166},"20":{"loc":{"start":{"line":182,"column":4},"end":{"line":184,"column":5}},"type":"if","locations":[{"start":{"line":182,"column":4},"end":{"line":184,"column":5}},{"start":{"line":182,"column":4},"end":{"line":184,"column":5}}],"line":182},"21":{"loc":{"start":{"line":185,"column":4},"end":{"line":185,"column":26}},"type":"if","locations":[{"start":{"line":185,"column":4},"end":{"line":185,"column":26}},{"start":{"line":185,"column":4},"end":{"line":185,"column":26}}],"line":185},"22":{"loc":{"start":{"line":186,"column":11},"end":{"line":188,"column":31}},"type":"cond-expr","locations":[{"start":{"line":187,"column":8},"end":{"line":187,"column":21}},{"start":{"line":188,"column":8},"end":{"line":188,"column":31}}],"line":186},"23":{"loc":{"start":{"line":197,"column":6},"end":{"line":199,"column":7}},"type":"if","locations":[{"start":{"line":197,"column":6},"end":{"line":199,"column":7}},{"start":{"line":197,"column":6},"end":{"line":199,"column":7}}],"line":197},"24":{"loc":{"start":{"line":197,"column":10},"end":{"line":197,"column":48}},"type":"binary-expr","locations":[{"start":{"line":197,"column":10},"end":{"line":197,"column":24}},{"start":{"line":197,"column":28},"end":{"line":197,"column":48}}],"line":197},"25":{"loc":{"start":{"line":207,"column":4},"end":{"line":207,"column":30}},"type":"if","locations":[{"start":{"line":207,"column":4},"end":{"line":207,"column":30}},{"start":{"line":207,"column":4},"end":{"line":207,"column":30}}],"line":207},"26":{"loc":{"start":{"line":208,"column":4},"end":{"line":210,"column":5}},"type":"if","locations":[{"start":{"line":208,"column":4},"end":{"line":210,"column":5}},{"start":{"line":208,"column":4},"end":{"line":210,"column":5}}],"line":208},"27":{"loc":{"start":{"line":211,"column":4},"end":{"line":211,"column":42}},"type":"if","locations":[{"start":{"line":211,"column":4},"end":{"line":211,"column":42}},{"start":{"line":211,"column":4},"end":{"line":211,"column":42}}],"line":211},"28":{"loc":{"start":{"line":217,"column":6},"end":{"line":217,"column":32}},"type":"if","locations":[{"start":{"line":217,"column":6},"end":{"line":217,"column":32}},{"start":{"line":217,"column":6},"end":{"line":217,"column":32}}],"line":217},"29":{"loc":{"start":{"line":219,"column":6},"end":{"line":221,"column":7}},"type":"if","locations":[{"start":{"line":219,"column":6},"end":{"line":221,"column":7}},{"start":{"line":219,"column":6},"end":{"line":221,"column":7}}],"line":219},"30":{"loc":{"start":{"line":226,"column":4},"end":{"line":232,"column":5}},"type":"if","locations":[{"start":{"line":226,"column":4},"end":{"line":232,"column":5}},{"start":{"line":226,"column":4},"end":{"line":232,"column":5}}],"line":226},"31":{"loc":{"start":{"line":226,"column":8},"end":{"line":227,"column":34}},"type":"binary-expr","locations":[{"start":{"line":226,"column":8},"end":{"line":226,"column":20}},{"start":{"line":226,"column":24},"end":{"line":226,"column":54}},{"start":{"line":227,"column":11},"end":{"line":227,"column":34}}],"line":226},"32":{"loc":{"start":{"line":228,"column":6},"end":{"line":230,"column":7}},"type":"if","locations":[{"start":{"line":228,"column":6},"end":{"line":230,"column":7}},{"start":{"line":228,"column":6},"end":{"line":230,"column":7}}],"line":228},"33":{"loc":{"start":{"line":234,"column":4},"end":{"line":240,"column":5}},"type":"if","locations":[{"start":{"line":234,"column":4},"end":{"line":240,"column":5}},{"start":{"line":234,"column":4},"end":{"line":240,"column":5}}],"line":234},"34":{"loc":{"start":{"line":242,"column":4},"end":{"line":246,"column":5}},"type":"if","locations":[{"start":{"line":242,"column":4},"end":{"line":246,"column":5}},{"start":{"line":242,"column":4},"end":{"line":246,"column":5}}],"line":242},"35":{"loc":{"start":{"line":243,"column":6},"end":{"line":245,"column":7}},"type":"if","locations":[{"start":{"line":243,"column":6},"end":{"line":245,"column":7}},{"start":{"line":243,"column":6},"end":{"line":245,"column":7}}],"line":243},"36":{"loc":{"start":{"line":251,"column":4},"end":{"line":251,"column":21}},"type":"if","locations":[{"start":{"line":251,"column":4},"end":{"line":251,"column":21}},{"start":{"line":251,"column":4},"end":{"line":251,"column":21}}],"line":251},"37":{"loc":{"start":{"line":253,"column":4},"end":{"line":253,"column":40}},"type":"if","locations":[{"start":{"line":253,"column":4},"end":{"line":253,"column":40}},{"start":{"line":253,"column":4},"end":{"line":253,"column":40}}],"line":253},"38":{"loc":{"start":{"line":256,"column":4},"end":{"line":259,"column":5}},"type":"if","locations":[{"start":{"line":256,"column":4},"end":{"line":259,"column":5}},{"start":{"line":256,"column":4},"end":{"line":259,"column":5}}],"line":256},"39":{"loc":{"start":{"line":256,"column":8},"end":{"line":257,"column":50}},"type":"binary-expr","locations":[{"start":{"line":256,"column":9},"end":{"line":256,"column":21}},{"start":{"line":256,"column":25},"end":{"line":256,"column":44}},{"start":{"line":257,"column":12},"end":{"line":257,"column":25}},{"start":{"line":257,"column":29},"end":{"line":257,"column":49}}],"line":256},"40":{"loc":{"start":{"line":273,"column":16},"end":{"line":273,"column":29}},"type":"binary-expr","locations":[{"start":{"line":273,"column":16},"end":{"line":273,"column":23}},{"start":{"line":273,"column":27},"end":{"line":273,"column":29}}],"line":273},"41":{"loc":{"start":{"line":282,"column":4},"end":{"line":284,"column":5}},"type":"if","locations":[{"start":{"line":282,"column":4},"end":{"line":284,"column":5}},{"start":{"line":282,"column":4},"end":{"line":284,"column":5}}],"line":282},"42":{"loc":{"start":{"line":309,"column":2},"end":{"line":309,"column":33}},"type":"if","locations":[{"start":{"line":309,"column":2},"end":{"line":309,"column":33}},{"start":{"line":309,"column":2},"end":{"line":309,"column":33}}],"line":309},"43":{"loc":{"start":{"line":310,"column":2},"end":{"line":310,"column":31}},"type":"if","locations":[{"start":{"line":310,"column":2},"end":{"line":310,"column":31}},{"start":{"line":310,"column":2},"end":{"line":310,"column":31}}],"line":310},"44":{"loc":{"start":{"line":317,"column":4},"end":{"line":317,"column":44}},"type":"if","locations":[{"start":{"line":317,"column":4},"end":{"line":317,"column":44}},{"start":{"line":317,"column":4},"end":{"line":317,"column":44}}],"line":317},"45":{"loc":{"start":{"line":336,"column":4},"end":{"line":339,"column":5}},"type":"if","locations":[{"start":{"line":336,"column":4},"end":{"line":339,"column":5}},{"start":{"line":336,"column":4},"end":{"line":339,"column":5}}],"line":336},"46":{"loc":{"start":{"line":336,"column":8},"end":{"line":336,"column":36}},"type":"binary-expr","locations":[{"start":{"line":336,"column":8},"end":{"line":336,"column":11}},{"start":{"line":336,"column":15},"end":{"line":336,"column":36}}],"line":336},"47":{"loc":{"start":{"line":341,"column":4},"end":{"line":344,"column":5}},"type":"if","locations":[{"start":{"line":341,"column":4},"end":{"line":344,"column":5}},{"start":{"line":341,"column":4},"end":{"line":344,"column":5}}],"line":341},"48":{"loc":{"start":{"line":346,"column":4},"end":{"line":352,"column":5}},"type":"if","locations":[{"start":{"line":346,"column":4},"end":{"line":352,"column":5}},{"start":{"line":346,"column":4},"end":{"line":352,"column":5}}],"line":346},"49":{"loc":{"start":{"line":346,"column":8},"end":{"line":346,"column":46}},"type":"binary-expr","locations":[{"start":{"line":346,"column":8},"end":{"line":346,"column":13}},{"start":{"line":346,"column":17},"end":{"line":346,"column":46}}],"line":346},"50":{"loc":{"start":{"line":369,"column":2},"end":{"line":369,"column":28}},"type":"if","locations":[{"start":{"line":369,"column":2},"end":{"line":369,"column":28}},{"start":{"line":369,"column":2},"end":{"line":369,"column":28}}],"line":369},"51":{"loc":{"start":{"line":372,"column":4},"end":{"line":372,"column":17}},"type":"if","locations":[{"start":{"line":372,"column":4},"end":{"line":372,"column":17}},{"start":{"line":372,"column":4},"end":{"line":372,"column":17}}],"line":372},"52":{"loc":{"start":{"line":379,"column":9},"end":{"line":379,"column":27}},"type":"binary-expr","locations":[{"start":{"line":379,"column":9},"end":{"line":379,"column":13}},{"start":{"line":379,"column":17},"end":{"line":379,"column":27}}],"line":379},"53":{"loc":{"start":{"line":380,"column":9},"end":{"line":380,"column":45}},"type":"binary-expr","locations":[{"start":{"line":380,"column":9},"end":{"line":380,"column":21}},{"start":{"line":380,"column":25},"end":{"line":380,"column":45}}],"line":380},"54":{"loc":{"start":{"line":384,"column":2},"end":{"line":384,"column":29}},"type":"if","locations":[{"start":{"line":384,"column":2},"end":{"line":384,"column":29}},{"start":{"line":384,"column":2},"end":{"line":384,"column":29}}],"line":384},"55":{"loc":{"start":{"line":448,"column":2},"end":{"line":452,"column":3}},"type":"if","locations":[{"start":{"line":448,"column":2},"end":{"line":452,"column":3}},{"start":{"line":448,"column":2},"end":{"line":452,"column":3}}],"line":448},"56":{"loc":{"start":{"line":461,"column":2},"end":{"line":467,"column":3}},"type":"if","locations":[{"start":{"line":461,"column":2},"end":{"line":467,"column":3}},{"start":{"line":461,"column":2},"end":{"line":467,"column":3}}],"line":461},"57":{"loc":{"start":{"line":484,"column":15},"end":{"line":486,"column":20}},"type":"cond-expr","locations":[{"start":{"line":485,"column":6},"end":{"line":485,"column":84}},{"start":{"line":486,"column":6},"end":{"line":486,"column":20}}],"line":484},"58":{"loc":{"start":{"line":484,"column":15},"end":{"line":484,"column":46}},"type":"binary-expr","locations":[{"start":{"line":484,"column":15},"end":{"line":484,"column":29}},{"start":{"line":484,"column":33},"end":{"line":484,"column":46}}],"line":484},"59":{"loc":{"start":{"line":485,"column":18},"end":{"line":485,"column":77}},"type":"cond-expr","locations":[{"start":{"line":485,"column":40},"end":{"line":485,"column":61}},{"start":{"line":485,"column":64},"end":{"line":485,"column":77}}],"line":485},"60":{"loc":{"start":{"line":488,"column":9},"end":{"line":490,"column":12}},"type":"cond-expr","locations":[{"start":{"line":489,"column":6},"end":{"line":489,"column":20}},{"start":{"line":490,"column":6},"end":{"line":490,"column":12}}],"line":488},"61":{"loc":{"start":{"line":503,"column":2},"end":{"line":505,"column":3}},"type":"if","locations":[{"start":{"line":503,"column":2},"end":{"line":505,"column":3}},{"start":{"line":503,"column":2},"end":{"line":505,"column":3}}],"line":503},"62":{"loc":{"start":{"line":503,"column":6},"end":{"line":503,"column":53}},"type":"binary-expr","locations":[{"start":{"line":503,"column":6},"end":{"line":503,"column":20}},{"start":{"line":503,"column":24},"end":{"line":503,"column":53}}],"line":503},"63":{"loc":{"start":{"line":508,"column":47},"end":{"line":508,"column":73}},"type":"cond-expr","locations":[{"start":{"line":508,"column":62},"end":{"line":508,"column":68}},{"start":{"line":508,"column":71},"end":{"line":508,"column":73}}],"line":508},"64":{"loc":{"start":{"line":509,"column":5},"end":{"line":509,"column":36}},"type":"cond-expr","locations":[{"start":{"line":509,"column":26},"end":{"line":509,"column":31}},{"start":{"line":509,"column":34},"end":{"line":509,"column":36}}],"line":509},"65":{"loc":{"start":{"line":526,"column":2},"end":{"line":527,"column":11}},"type":"if","locations":[{"start":{"line":526,"column":2},"end":{"line":527,"column":11}},{"start":{"line":526,"column":2},"end":{"line":527,"column":11}}],"line":526},"66":{"loc":{"start":{"line":533,"column":11},"end":{"line":533,"column":42}},"type":"cond-expr","locations":[{"start":{"line":533,"column":32},"end":{"line":533,"column":37}},{"start":{"line":533,"column":40},"end":{"line":533,"column":42}}],"line":533},"67":{"loc":{"start":{"line":535,"column":10},"end":{"line":537,"column":11}},"type":"if","locations":[{"start":{"line":535,"column":10},"end":{"line":537,"column":11}},{"start":{"line":535,"column":10},"end":{"line":537,"column":11}}],"line":535},"68":{"loc":{"start":{"line":540,"column":13},"end":{"line":540,"column":44}},"type":"cond-expr","locations":[{"start":{"line":540,"column":34},"end":{"line":540,"column":39}},{"start":{"line":540,"column":42},"end":{"line":540,"column":44}}],"line":540}},"s":{"0":1,"1":1,"2":1,"3":1,"4":1,"5":1,"6":1,"7":1,"8":1,"9":1,"10":1,"11":1,"12":1,"13":1,"14":1,"15":1,"16":1,"17":1,"18":0,"19":1,"20":1,"21":1,"22":1,"23":1,"24":1,"25":0,"26":0,"27":0,"28":0,"29":0,"30":1,"31":1,"32":1,"33":1,"34":1,"35":1,"36":1,"37":1,"38":1,"39":1,"40":1,"41":1,"42":1,"43":1,"44":1,"45":1,"46":1,"47":0,"48":0,"49":1,"50":1,"51":0,"52":0,"53":0,"54":0,"55":1,"56":1,"57":1,"58":1,"59":0,"60":1,"61":1,"62":0,"63":1,"64":1,"65":0,"66":0,"67":0,"68":0,"69":0,"70":0,"71":0,"72":0,"73":0,"74":0,"75":0,"76":0,"77":0,"78":0,"79":0,"80":0,"81":0,"82":0,"83":0,"84":0,"85":0,"86":0,"87":0,"88":0,"89":0,"90":0,"91":0,"92":0,"93":0,"94":0,"95":0,"96":0,"97":0,"98":0,"99":0,"100":0,"101":0,"102":0,"103":0,"104":0,"105":0,"106":0,"107":0,"108":0,"109":0,"110":0,"111":0,"112":0,"113":0,"114":0,"115":0,"116":0,"117":0,"118":0,"119":0,"120":0,"121":0,"122":0,"123":1,"124":0,"125":0,"126":0,"127":0,"128":0,"129":0,"130":0,"131":0,"132":0,"133":0,"134":0,"135":0,"136":0,"137":1,"138":1,"139":1,"140":0,"141":1,"142":0,"143":1,"144":1,"145":1,"146":0,"147":1,"148":1,"149":1,"150":1,"151":1,"152":1,"153":1,"154":1,"155":1,"156":1,"157":1,"158":1,"159":0,"160":0,"161":0,"162":0,"163":0,"164":0,"165":0,"166":0,"167":1,"168":0,"169":0,"170":0,"171":0,"172":0,"173":0,"174":0,"175":0,"176":1,"177":0,"178":0,"179":1,"180":0,"181":0,"182":0,"183":0,"184":0,"185":1,"186":0,"187":1,"188":0,"189":0,"190":0,"191":1,"192":0,"193":0,"194":0,"195":1,"196":0,"197":0,"198":0,"199":1,"200":0,"201":0,"202":0,"203":0,"204":0,"205":1,"206":1,"207":1,"208":1,"209":1,"210":0,"211":1,"212":1,"213":1,"214":1,"215":1,"216":0,"217":0,"218":0,"219":1,"220":0,"221":0,"222":0,"223":0,"224":0,"225":0,"226":1,"227":1,"228":1,"229":1,"230":1,"231":1,"232":0,"233":0,"234":0,"235":0,"236":0,"237":1,"238":0,"239":0,"240":0,"241":0,"242":0,"243":0,"244":0,"245":0,"246":0,"247":0,"248":0,"249":0,"250":0,"251":0},"f":{"0":0,"1":1,"2":1,"3":1,"4":1,"5":1,"6":0,"7":0,"8":0,"9":0,"10":0,"11":0,"12":0,"13":0,"14":0,"15":0,"16":0,"17":1,"18":1,"19":1,"20":1,"21":0,"22":0,"23":0,"24":0,"25":0,"26":0,"27":0,"28":0,"29":0,"30":0,"31":0,"32":0,"33":1,"34":0,"35":1,"36":0,"37":1,"38":0,"39":0,"40":0,"41":0,"42":0,"43":0},"b":{"0":[1,0],"1":[0,1],"2":[1,0],"3":[1,0],"4":[1,0],"5":[1,1],"6":[1,1],"7":[0,0],"8":[1,1],"9":[1,1],"10":[1,1],"11":[1,1],"12":[1,1],"13":[1,1],"14":[1,0],"15":[0,1],"16":[0,0],"17":[0,1],"18":[1,0],"19":[0,0],"20":[0,0],"21":[0,0],"22":[0,0],"23":[0,0],"24":[0,0],"25":[0,0],"26":[0,0],"27":[0,0],"28":[0,0],"29":[0,0],"30":[0,0],"31":[0,0,0],"32":[0,0],"33":[0,0],"34":[0,0],"35":[0,0],"36":[0,0],"37":[0,0],"38":[0,0],"39":[0,0,0,0],"40":[0,0],"41":[0,0],"42":[0,1],"43":[0,1],"44":[0,1],"45":[1,0],"46":[1,1],"47":[0,0],"48":[0,0],"49":[0,0],"50":[0,0],"51":[0,0],"52":[0,0],"53":[0,0],"54":[0,0],"55":[0,1],"56":[0,0],"57":[0,1],"58":[1,1],"59":[0,0],"60":[0,1],"61":[0,0],"62":[0,0],"63":[0,0],"64":[0,0],"65":[0,0],"66":[0,0],"67":[0,0],"68":[0,0]},"_coverageSchema":"332fd63041d2c1bcb487cc26dd0d5f7d97098a6c","hash":"baa2dab3f5e1393fc46b49a12444761615dfd813","contentHash":"99b6357cb40c5d0ee4dfadcdbc8b9b1d_10.2.0"}}