{"/Users/charlie/Git/winstonjs/winston/lib/winston.js":{"path":"/Users/charlie/Git/winstonjs/winston/lib/winston.js","s":{"1":1,"2":1,"3":1,"4":1,"5":1,"6":1,"7":1,"8":1,"9":1,"10":1,"11":1,"12":1,"13":1,"14":1,"15":1,"16":1,"17":1,"18":1,"19":14,"20":0,"21":1,"22":0,"23":0,"24":0,"25":0,"26":0,"27":0,"28":0,"29":0,"30":1,"31":0,"32":0,"33":1,"34":0,"35":0,"36":0,"37":0,"38":1,"39":5,"40":0,"41":0,"42":1,"43":0},"b":{"1":[0,0]},"f":{"1":14,"2":0,"3":0,"4":0,"5":0,"6":0,"7":0,"8":5,"9":0,"10":0,"11":0},"fnMap":{"1":{"name":"(anonymous_1)","line":85,"loc":{"start":{"line":85,"column":16},"end":{"line":85,"column":34}}},"2":{"name":"(anonymous_2)","line":86,"loc":{"start":{"line":86,"column":20},"end":{"line":86,"column":32}}},"3":{"name":"(anonymous_3)","line":97,"loc":{"start":{"line":97,"column":14},"end":{"line":97,"column":26}}},"4":{"name":"(anonymous_4)","line":116,"loc":{"start":{"line":116,"column":20},"end":{"line":116,"column":38}}},"5":{"name":"(anonymous_5)","line":126,"loc":{"start":{"line":126,"column":7},"end":{"line":126,"column":19}}},"6":{"name":"(anonymous_6)","line":129,"loc":{"start":{"line":129,"column":7},"end":{"line":129,"column":22}}},"7":{"name":"(anonymous_7)","line":132,"loc":{"start":{"line":132,"column":50},"end":{"line":132,"column":64}}},"8":{"name":"(anonymous_8)","line":142,"loc":{"start":{"line":142,"column":79},"end":{"line":142,"column":95}}},"9":{"name":"(anonymous_9)","line":144,"loc":{"start":{"line":144,"column":9},"end":{"line":144,"column":21}}},"10":{"name":"(anonymous_10)","line":147,"loc":{"start":{"line":147,"column":9},"end":{"line":147,"column":24}}},"11":{"name":"(anonymous_11)","line":159,"loc":{"start":{"line":159,"column":7},"end":{"line":159,"column":19}}}},"statementMap":{"1":{"start":{"line":9,"column":0},"end":{"line":9,"column":22}},"2":{"start":{"line":14,"column":0},"end":{"line":14,"column":48}},"3":{"start":{"line":19,"column":0},"end":{"line":19,"column":53}},"4":{"start":{"line":24,"column":0},"end":{"line":24,"column":53}},"5":{"start":{"line":25,"column":0},"end":{"line":25,"column":38}},"6":{"start":{"line":26,"column":0},"end":{"line":26,"column":47}},"7":{"start":{"line":27,"column":0},"end":{"line":27,"column":56}},"8":{"start":{"line":28,"column":0},"end":{"line":28,"column":53}},"9":{"start":{"line":29,"column":0},"end":{"line":29,"column":50}},"10":{"start":{"line":34,"column":0},"end":{"line":34,"column":66}},"11":{"start":{"line":35,"column":0},"end":{"line":35,"column":60}},"12":{"start":{"line":36,"column":0},"end":{"line":36,"column":57}},"13":{"start":{"line":37,"column":0},"end":{"line":37,"column":67}},"14":{"start":{"line":51,"column":0},"end":{"line":51,"column":42}},"15":{"start":{"line":61,"column":0},"end":{"line":63,"column":3}},"16":{"start":{"line":68,"column":0},"end":{"line":83,"column":2}},"17":{"start":{"line":84,"column":0},"end":{"line":84,"column":54}},"18":{"start":{"line":85,"column":0},"end":{"line":89,"column":3}},"19":{"start":{"line":86,"column":2},"end":{"line":88,"column":4}},"20":{"start":{"line":87,"column":4},"end":{"line":87,"column":65}},"21":{"start":{"line":97,"column":0},"end":{"line":109,"column":2}},"22":{"start":{"line":98,"column":2},"end":{"line":98,"column":27}},"23":{"start":{"line":99,"column":2},"end":{"line":99,"column":77}},"24":{"start":{"line":100,"column":2},"end":{"line":100,"column":53}},"25":{"start":{"line":101,"column":2},"end":{"line":101,"column":54}},"26":{"start":{"line":103,"column":2},"end":{"line":106,"column":3}},"27":{"start":{"line":104,"column":4},"end":{"line":104,"column":53}},"28":{"start":{"line":105,"column":4},"end":{"line":105,"column":55}},"29":{"start":{"line":108,"column":2},"end":{"line":108,"column":17}},"30":{"start":{"line":116,"column":0},"end":{"line":119,"column":2}},"31":{"start":{"line":117,"column":2},"end":{"line":117,"column":58}},"32":{"start":{"line":118,"column":2},"end":{"line":118,"column":34}},"33":{"start":{"line":125,"column":0},"end":{"line":136,"column":3}},"34":{"start":{"line":127,"column":4},"end":{"line":127,"column":31}},"35":{"start":{"line":130,"column":4},"end":{"line":130,"column":30}},"36":{"start":{"line":132,"column":4},"end":{"line":134,"column":7}},"37":{"start":{"line":133,"column":6},"end":{"line":133,"column":48}},"38":{"start":{"line":142,"column":0},"end":{"line":151,"column":3}},"39":{"start":{"line":143,"column":2},"end":{"line":150,"column":5}},"40":{"start":{"line":145,"column":6},"end":{"line":145,"column":33}},"41":{"start":{"line":148,"column":6},"end":{"line":148,"column":32}},"42":{"start":{"line":158,"column":0},"end":{"line":165,"column":3}},"43":{"start":{"line":160,"column":4},"end":{"line":163,"column":6}}},"branchMap":{"1":{"line":103,"type":"if","locations":[{"start":{"line":103,"column":2},"end":{"line":103,"column":2}},{"start":{"line":103,"column":2},"end":{"line":103,"column":2}}]}}},"/Users/charlie/Git/winstonjs/winston/lib/winston/transports.js":{"path":"/Users/charlie/Git/winstonjs/winston/lib/winston/transports.js","s":{"1":1,"2":1,"3":3,"4":8,"5":8,"6":3},"b":{},"f":{"1":3,"2":8},"fnMap":{"1":{"name":"(anonymous_1)","line":17,"loc":{"start":{"line":17,"column":12},"end":{"line":17,"column":33}}},"2":{"name":"(anonymous_2)","line":21,"loc":{"start":{"line":21,"column":13},"end":{"line":21,"column":25}}}},"statementMap":{"1":{"start":{"line":9,"column":0},"end":{"line":9,"column":27}},"2":{"start":{"line":14,"column":0},"end":{"line":29,"column":2}},"3":{"start":{"line":18,"column":6},"end":{"line":25,"column":8}},"4":{"start":{"line":22,"column":10},"end":{"line":22,"column":80}},"5":{"start":{"line":23,"column":10},"end":{"line":23,"column":51}},"6":{"start":{"line":27,"column":6},"end":{"line":27,"column":17}}},"branchMap":{}},"/Users/charlie/Git/winstonjs/winston/lib/winston/common.js":{"path":"/Users/charlie/Git/winstonjs/winston/lib/winston/common.js","s":{"1":1,"2":1,"3":13,"4":13,"5":0,"6":0,"7":13,"8":13,"9":0,"10":13,"11":75,"12":0,"13":0,"14":75,"15":0,"16":0,"17":13,"18":1,"19":0,"20":0,"21":1,"22":0,"23":0,"24":0,"25":0,"26":0,"27":0,"28":0,"29":0,"30":0,"31":0,"32":0,"33":0,"34":0,"35":0,"36":0,"37":0,"38":0,"39":0,"40":0,"41":0,"42":1,"43":0,"44":0,"45":0,"46":0,"47":0,"48":0,"49":0,"50":0,"51":0,"52":0,"53":0,"54":0,"55":0,"56":0,"57":0,"58":0,"59":0,"60":0,"61":0,"62":0,"63":0,"64":0,"65":0,"66":0,"67":0,"68":0,"69":0,"70":0,"71":0,"72":0,"73":0,"74":0,"75":0,"76":0,"77":0,"78":0,"79":0,"80":0,"81":0,"82":0,"83":0,"84":0,"85":0,"86":0,"87":0,"88":0,"89":0,"90":0,"91":0,"92":0,"93":0,"94":0,"95":0,"96":0,"97":0,"98":0,"99":0,"100":0,"101":0,"102":0,"103":0,"104":1,"105":0,"106":1,"107":0,"108":1,"109":0,"110":0,"111":0,"112":0,"113":0,"114":0,"115":0,"116":0,"117":0,"118":0,"119":0,"120":0,"121":0,"122":0,"123":0,"124":0,"125":0,"126":0,"127":0,"128":0,"129":0,"130":0,"131":0,"132":0,"133":0,"134":1,"135":0,"136":0,"137":0,"138":0,"139":0,"140":0,"141":0,"142":0,"143":0,"144":0,"145":0,"146":0,"147":0,"148":0,"149":0,"150":0,"151":0,"152":0,"153":0,"154":0,"155":0,"156":0,"157":0,"158":0,"159":0,"160":0,"161":0,"162":0,"163":0,"164":0,"165":0,"166":0,"167":0,"168":0,"169":0,"170":0,"171":0,"172":0,"173":0,"174":0,"175":0,"176":0,"177":0,"178":0,"179":0,"180":0,"181":0,"182":0,"183":0,"184":0,"185":0},"b":{"1":[0,13],"2":[13,12],"3":[0,13],"4":[0,75],"5":[0,0],"6":[0,0],"7":[0,0],"8":[0,0],"9":[0,0],"10":[0,0],"11":[0,0],"12":[0,0],"13":[0,0],"14":[0,0],"15":[0,0],"16":[0,0],"17":[0,0,0],"18":[0,0],"19":[0,0],"20":[0,0],"21":[0,0],"22":[0,0],"23":[0,0],"24":[0,0],"25":[0,0],"26":[0,0],"27":[0,0],"28":[0,0],"29":[0,0],"30":[0,0],"31":[0,0],"32":[0,0],"33":[0,0],"34":[0,0],"35":[0,0],"36":[0,0],"37":[0,0],"38":[0,0],"39":[0,0],"40":[0,0],"41":[0,0],"42":[0,0,0],"43":[0,0],"44":[0,0],"45":[0,0],"46":[0,0],"47":[0,0],"48":[0,0],"49":[0,0],"50":[0,0],"51":[0,0],"52":[0,0,0],"53":[0,0],"54":[0,0],"55":[0,0],"56":[0,0],"57":[0,0],"58":[0,0],"59":[0,0,0,0,0,0,0],"60":[0,0],"61":[0,0],"62":[0,0],"63":[0,0],"64":[0,0],"65":[0,0],"66":[0,0],"67":[0,0],"68":[0,0],"69":[0,0],"70":[0,0],"71":[0,0],"72":[0,0],"73":[0,0],"74":[0,0],"75":[0,0],"76":[0,0],"77":[0,0],"78":[0,0],"79":[0,0],"80":[0,0],"81":[0,0],"82":[0,0],"83":[0,0],"84":[0,0],"85":[0,0],"86":[0,0],"87":[0,0]},"f":{"1":13,"2":0,"3":75,"4":0,"5":0,"6":0,"7":0,"8":0,"9":0,"10":0,"11":0,"12":0,"13":0,"14":0,"15":0,"16":0,"17":0,"18":0},"fnMap":{"1":{"name":"(anonymous_1)","line":26,"loc":{"start":{"line":26,"column":20},"end":{"line":26,"column":64}}},"2":{"name":"(anonymous_2)","line":29,"loc":{"start":{"line":29,"column":30},"end":{"line":29,"column":47}}},"3":{"name":"(anonymous_3)","line":43,"loc":{"start":{"line":43,"column":37},"end":{"line":43,"column":54}}},"4":{"name":"(anonymous_4)","line":51,"loc":{"start":{"line":51,"column":20},"end":{"line":51,"column":35}}},"5":{"name":"(anonymous_5)","line":66,"loc":{"start":{"line":66,"column":25},"end":{"line":66,"column":39}}},"6":{"name":"(anonymous_6)","line":69,"loc":{"start":{"line":69,"column":11},"end":{"line":69,"column":24}}},"7":{"name":"(anonymous_7)","line":79,"loc":{"start":{"line":79,"column":16},"end":{"line":79,"column":31}}},"8":{"name":"(anonymous_8)","line":89,"loc":{"start":{"line":89,"column":44},"end":{"line":89,"column":59}}},"9":{"name":"(anonymous_9)","line":136,"loc":{"start":{"line":136,"column":14},"end":{"line":136,"column":33}}},"10":{"name":"(anonymous_10)","line":206,"loc":{"start":{"line":206,"column":34},"end":{"line":206,"column":56}}},"11":{"name":"(anonymous_11)","line":273,"loc":{"start":{"line":273,"column":21},"end":{"line":273,"column":36}}},"12":{"name":"(anonymous_12)","line":281,"loc":{"start":{"line":281,"column":20},"end":{"line":281,"column":32}}},"13":{"name":"(anonymous_13)","line":292,"loc":{"start":{"line":292,"column":20},"end":{"line":292,"column":40}}},"14":{"name":"(anonymous_14)","line":349,"loc":{"start":{"line":349,"column":19},"end":{"line":349,"column":47}}},"15":{"name":"(anonymous_15)","line":362,"loc":{"start":{"line":362,"column":19},"end":{"line":362,"column":30}}},"16":{"name":"(anonymous_16)","line":368,"loc":{"start":{"line":368,"column":38},"end":{"line":368,"column":56}}},"17":{"name":"read","line":379,"loc":{"start":{"line":379,"column":5},"end":{"line":379,"column":21}}},"18":{"name":"(anonymous_18)","line":385,"loc":{"start":{"line":385,"column":56},"end":{"line":385,"column":77}}}},"statementMap":{"1":{"start":{"line":9,"column":0},"end":{"line":15,"column":33}},"2":{"start":{"line":26,"column":0},"end":{"line":59,"column":2}},"3":{"start":{"line":27,"column":2},"end":{"line":27,"column":18}},"4":{"start":{"line":28,"column":2},"end":{"line":32,"column":3}},"5":{"start":{"line":29,"column":4},"end":{"line":31,"column":7}},"6":{"start":{"line":30,"column":6},"end":{"line":30,"column":27}},"7":{"start":{"line":34,"column":2},"end":{"line":34,"column":47}},"8":{"start":{"line":35,"column":2},"end":{"line":37,"column":3}},"9":{"start":{"line":36,"column":4},"end":{"line":36,"column":76}},"10":{"start":{"line":43,"column":2},"end":{"line":56,"column":5}},"11":{"start":{"line":46,"column":4},"end":{"line":49,"column":5}},"12":{"start":{"line":47,"column":6},"end":{"line":47,"column":111}},"13":{"start":{"line":48,"column":6},"end":{"line":48,"column":13}},"14":{"start":{"line":51,"column":4},"end":{"line":55,"column":6}},"15":{"start":{"line":53,"column":6},"end":{"line":53,"column":71}},"16":{"start":{"line":54,"column":6},"end":{"line":54,"column":37}},"17":{"start":{"line":58,"column":2},"end":{"line":58,"column":16}},"18":{"start":{"line":66,"column":0},"end":{"line":71,"column":2}},"19":{"start":{"line":67,"column":2},"end":{"line":70,"column":4}},"20":{"start":{"line":69,"column":26},"end":{"line":69,"column":42}},"21":{"start":{"line":79,"column":0},"end":{"line":118,"column":2}},"22":{"start":{"line":83,"column":2},"end":{"line":83,"column":16}},"23":{"start":{"line":85,"column":2},"end":{"line":100,"column":3}},"24":{"start":{"line":88,"column":4},"end":{"line":88,"column":34}},"25":{"start":{"line":89,"column":4},"end":{"line":91,"column":7}},"26":{"start":{"line":90,"column":6},"end":{"line":90,"column":27}},"27":{"start":{"line":93,"column":4},"end":{"line":93,"column":16}},"28":{"start":{"line":95,"column":7},"end":{"line":100,"column":3}},"29":{"start":{"line":96,"column":4},"end":{"line":96,"column":15}},"30":{"start":{"line":98,"column":7},"end":{"line":100,"column":3}},"31":{"start":{"line":99,"column":4},"end":{"line":99,"column":35}},"32":{"start":{"line":102,"column":2},"end":{"line":115,"column":3}},"33":{"start":{"line":103,"column":4},"end":{"line":114,"column":5}},"34":{"start":{"line":104,"column":6},"end":{"line":104,"column":32}},"35":{"start":{"line":106,"column":9},"end":{"line":114,"column":5}},"36":{"start":{"line":107,"column":8},"end":{"line":107,"column":34}},"37":{"start":{"line":109,"column":9},"end":{"line":114,"column":5}},"38":{"start":{"line":110,"column":6},"end":{"line":110,"column":74}},"39":{"start":{"line":112,"column":9},"end":{"line":114,"column":5}},"40":{"start":{"line":113,"column":6},"end":{"line":113,"column":23}},"41":{"start":{"line":117,"column":2},"end":{"line":117,"column":14}},"42":{"start":{"line":136,"column":0},"end":{"line":271,"column":2}},"43":{"start":{"line":137,"column":2},"end":{"line":145,"column":13}},"44":{"start":{"line":150,"column":2},"end":{"line":167,"column":3}},"45":{"start":{"line":151,"column":4},"end":{"line":153,"column":5}},"46":{"start":{"line":152,"column":6},"end":{"line":152,"column":28}},"47":{"start":{"line":154,"column":4},"end":{"line":154,"column":47}},"48":{"start":{"line":155,"column":4},"end":{"line":155,"column":35}},"49":{"start":{"line":162,"column":4},"end":{"line":164,"column":24}},"50":{"start":{"line":166,"column":4},"end":{"line":166,"column":34}},"51":{"start":{"line":172,"column":2},"end":{"line":211,"column":3}},"52":{"start":{"line":173,"column":4},"end":{"line":175,"column":5}},"53":{"start":{"line":174,"column":6},"end":{"line":174,"column":28}},"54":{"start":{"line":177,"column":4},"end":{"line":177,"column":47}},"55":{"start":{"line":178,"column":4},"end":{"line":178,"column":35}},"56":{"start":{"line":179,"column":4},"end":{"line":179,"column":42}},"57":{"start":{"line":181,"column":4},"end":{"line":181,"column":56}},"58":{"start":{"line":181,"column":25},"end":{"line":181,"column":54}},"59":{"start":{"line":182,"column":4},"end":{"line":182,"column":62}},"60":{"start":{"line":182,"column":27},"end":{"line":182,"column":60}},"61":{"start":{"line":183,"column":4},"end":{"line":183,"column":52}},"62":{"start":{"line":183,"column":21},"end":{"line":183,"column":50}},"63":{"start":{"line":185,"column":4},"end":{"line":200,"column":5}},"64":{"start":{"line":187,"column":6},"end":{"line":187,"column":30}},"65":{"start":{"line":188,"column":6},"end":{"line":191,"column":7}},"66":{"start":{"line":189,"column":8},"end":{"line":189,"column":52}},"67":{"start":{"line":190,"column":8},"end":{"line":190,"column":30}},"68":{"start":{"line":193,"column":6},"end":{"line":196,"column":7}},"69":{"start":{"line":194,"column":8},"end":{"line":194,"column":56}},"70":{"start":{"line":195,"column":8},"end":{"line":195,"column":32}},"71":{"start":{"line":198,"column":6},"end":{"line":198,"column":56}},"72":{"start":{"line":199,"column":6},"end":{"line":199,"column":30}},"73":{"start":{"line":202,"column":4},"end":{"line":204,"column":5}},"74":{"start":{"line":203,"column":6},"end":{"line":203,"column":39}},"75":{"start":{"line":206,"column":4},"end":{"line":210,"column":7}},"76":{"start":{"line":207,"column":6},"end":{"line":209,"column":16}},"77":{"start":{"line":216,"column":2},"end":{"line":218,"column":3}},"78":{"start":{"line":217,"column":4},"end":{"line":217,"column":61}},"79":{"start":{"line":220,"column":2},"end":{"line":220,"column":46}},"80":{"start":{"line":221,"column":2},"end":{"line":225,"column":3}},"81":{"start":{"line":222,"column":4},"end":{"line":224,"column":22}},"82":{"start":{"line":227,"column":2},"end":{"line":227,"column":40}},"83":{"start":{"line":228,"column":2},"end":{"line":228,"column":49}},"84":{"start":{"line":229,"column":2},"end":{"line":229,"column":62}},"85":{"start":{"line":230,"column":2},"end":{"line":232,"column":22}},"86":{"start":{"line":234,"column":2},"end":{"line":268,"column":3}},"87":{"start":{"line":235,"column":4},"end":{"line":237,"column":5}},"88":{"start":{"line":236,"column":6},"end":{"line":236,"column":24}},"89":{"start":{"line":239,"column":4},"end":{"line":267,"column":5}},"90":{"start":{"line":240,"column":6},"end":{"line":240,"column":27}},"91":{"start":{"line":242,"column":9},"end":{"line":267,"column":5}},"92":{"start":{"line":243,"column":6},"end":{"line":266,"column":7}},"93":{"start":{"line":244,"column":8},"end":{"line":244,"column":50}},"94":{"start":{"line":245,"column":13},"end":{"line":266,"column":7}},"95":{"start":{"line":246,"column":8},"end":{"line":246,"column":98}},"96":{"start":{"line":247,"column":13},"end":{"line":266,"column":7}},"97":{"start":{"line":259,"column":8},"end":{"line":259,"column":31}},"98":{"start":{"line":260,"column":8},"end":{"line":260,"column":26}},"99":{"start":{"line":261,"column":8},"end":{"line":261,"column":26}},"100":{"start":{"line":262,"column":8},"end":{"line":262,"column":48}},"101":{"start":{"line":263,"column":8},"end":{"line":263,"column":42}},"102":{"start":{"line":265,"column":8},"end":{"line":265,"column":48}},"103":{"start":{"line":270,"column":2},"end":{"line":270,"column":16}},"104":{"start":{"line":273,"column":0},"end":{"line":275,"column":2}},"105":{"start":{"line":274,"column":2},"end":{"line":274,"column":52}},"106":{"start":{"line":281,"column":0},"end":{"line":283,"column":2}},"107":{"start":{"line":282,"column":2},"end":{"line":282,"column":34}},"108":{"start":{"line":292,"column":0},"end":{"line":341,"column":2}},"109":{"start":{"line":293,"column":2},"end":{"line":301,"column":3}},"110":{"start":{"line":294,"column":4},"end":{"line":294,"column":17}},"111":{"start":{"line":296,"column":7},"end":{"line":301,"column":3}},"112":{"start":{"line":297,"column":4},"end":{"line":297,"column":22}},"113":{"start":{"line":299,"column":7},"end":{"line":301,"column":3}},"114":{"start":{"line":300,"column":4},"end":{"line":300,"column":18}},"115":{"start":{"line":303,"column":2},"end":{"line":305,"column":3}},"116":{"start":{"line":304,"column":4},"end":{"line":304,"column":39}},"117":{"start":{"line":307,"column":2},"end":{"line":309,"column":3}},"118":{"start":{"line":308,"column":4},"end":{"line":308,"column":77}},"119":{"start":{"line":311,"column":2},"end":{"line":313,"column":27}},"120":{"start":{"line":315,"column":2},"end":{"line":338,"column":3}},"121":{"start":{"line":316,"column":4},"end":{"line":333,"column":5}},"122":{"start":{"line":317,"column":6},"end":{"line":317,"column":28}},"123":{"start":{"line":319,"column":6},"end":{"line":324,"column":7}},"124":{"start":{"line":320,"column":8},"end":{"line":320,"column":50}},"125":{"start":{"line":321,"column":8},"end":{"line":323,"column":9}},"126":{"start":{"line":322,"column":10},"end":{"line":322,"column":22}},"127":{"start":{"line":326,"column":6},"end":{"line":326,"column":17}},"128":{"start":{"line":328,"column":9},"end":{"line":333,"column":5}},"129":{"start":{"line":329,"column":6},"end":{"line":329,"column":42}},"130":{"start":{"line":332,"column":6},"end":{"line":332,"column":54}},"131":{"start":{"line":335,"column":4},"end":{"line":337,"column":5}},"132":{"start":{"line":336,"column":6},"end":{"line":336,"column":18}},"133":{"start":{"line":340,"column":2},"end":{"line":340,"column":13}},"134":{"start":{"line":349,"column":0},"end":{"line":446,"column":2}},"135":{"start":{"line":350,"column":2},"end":{"line":355,"column":14}},"136":{"start":{"line":357,"column":2},"end":{"line":359,"column":3}},"137":{"start":{"line":358,"column":4},"end":{"line":358,"column":25}},"138":{"start":{"line":361,"column":2},"end":{"line":361,"column":25}},"139":{"start":{"line":362,"column":2},"end":{"line":366,"column":4}},"140":{"start":{"line":363,"column":4},"end":{"line":363,"column":28}},"141":{"start":{"line":364,"column":4},"end":{"line":364,"column":23}},"142":{"start":{"line":365,"column":4},"end":{"line":365,"column":25}},"143":{"start":{"line":368,"column":2},"end":{"line":439,"column":5}},"144":{"start":{"line":369,"column":4},"end":{"line":377,"column":5}},"145":{"start":{"line":370,"column":6},"end":{"line":374,"column":7}},"146":{"start":{"line":371,"column":8},"end":{"line":371,"column":34}},"147":{"start":{"line":373,"column":8},"end":{"line":373,"column":22}},"148":{"start":{"line":375,"column":6},"end":{"line":375,"column":23}},"149":{"start":{"line":376,"column":6},"end":{"line":376,"column":13}},"150":{"start":{"line":379,"column":4},"end":{"line":438,"column":9}},"151":{"start":{"line":380,"column":6},"end":{"line":383,"column":7}},"152":{"start":{"line":381,"column":8},"end":{"line":381,"column":21}},"153":{"start":{"line":382,"column":8},"end":{"line":382,"column":15}},"154":{"start":{"line":385,"column":6},"end":{"line":437,"column":9}},"155":{"start":{"line":386,"column":8},"end":{"line":394,"column":9}},"156":{"start":{"line":387,"column":10},"end":{"line":391,"column":11}},"157":{"start":{"line":388,"column":12},"end":{"line":388,"column":38}},"158":{"start":{"line":390,"column":12},"end":{"line":390,"column":26}},"159":{"start":{"line":392,"column":10},"end":{"line":392,"column":27}},"160":{"start":{"line":393,"column":10},"end":{"line":393,"column":17}},"161":{"start":{"line":396,"column":8},"end":{"line":409,"column":9}},"162":{"start":{"line":397,"column":10},"end":{"line":407,"column":11}},"163":{"start":{"line":398,"column":12},"end":{"line":404,"column":13}},"164":{"start":{"line":399,"column":14},"end":{"line":403,"column":15}},"165":{"start":{"line":400,"column":16},"end":{"line":400,"column":42}},"166":{"start":{"line":402,"column":16},"end":{"line":402,"column":37}},"167":{"start":{"line":405,"column":12},"end":{"line":405,"column":18}},"168":{"start":{"line":406,"column":12},"end":{"line":406,"column":22}},"169":{"start":{"line":408,"column":10},"end":{"line":408,"column":40}},"170":{"start":{"line":411,"column":8},"end":{"line":411,"column":56}},"171":{"start":{"line":413,"column":8},"end":{"line":415,"column":9}},"172":{"start":{"line":414,"column":10},"end":{"line":414,"column":36}},"173":{"start":{"line":417,"column":8},"end":{"line":419,"column":18}},"174":{"start":{"line":421,"column":8},"end":{"line":430,"column":9}},"175":{"start":{"line":422,"column":10},"end":{"line":428,"column":11}},"176":{"start":{"line":423,"column":12},"end":{"line":427,"column":13}},"177":{"start":{"line":424,"column":14},"end":{"line":424,"column":43}},"178":{"start":{"line":426,"column":14},"end":{"line":426,"column":38}},"179":{"start":{"line":429,"column":10},"end":{"line":429,"column":16}},"180":{"start":{"line":432,"column":8},"end":{"line":432,"column":23}},"181":{"start":{"line":434,"column":8},"end":{"line":434,"column":21}},"182":{"start":{"line":436,"column":8},"end":{"line":436,"column":22}},"183":{"start":{"line":441,"column":2},"end":{"line":443,"column":3}},"184":{"start":{"line":442,"column":4},"end":{"line":442,"column":18}},"185":{"start":{"line":445,"column":2},"end":{"line":445,"column":24}}},"branchMap":{"1":{"line":28,"type":"if","locations":[{"start":{"line":28,"column":2},"end":{"line":28,"column":2}},{"start":{"line":28,"column":2},"end":{"line":28,"column":2}}]},"2":{"line":34,"type":"binary-expr","locations":[{"start":{"line":34,"column":18},"end":{"line":34,"column":25}},{"start":{"line":34,"column":29},"end":{"line":34,"column":46}}]},"3":{"line":35,"type":"if","locations":[{"start":{"line":35,"column":2},"end":{"line":35,"column":2}},{"start":{"line":35,"column":2},"end":{"line":35,"column":2}}]},"4":{"line":46,"type":"if","locations":[{"start":{"line":46,"column":4},"end":{"line":46,"column":4}},{"start":{"line":46,"column":4},"end":{"line":46,"column":4}}]},"5":{"line":85,"type":"if","locations":[{"start":{"line":85,"column":2},"end":{"line":85,"column":2}},{"start":{"line":85,"column":2},"end":{"line":85,"column":2}}]},"6":{"line":95,"type":"if","locations":[{"start":{"line":95,"column":7},"end":{"line":95,"column":7}},{"start":{"line":95,"column":7},"end":{"line":95,"column":7}}]},"7":{"line":98,"type":"if","locations":[{"start":{"line":98,"column":7},"end":{"line":98,"column":7}},{"start":{"line":98,"column":7},"end":{"line":98,"column":7}}]},"8":{"line":103,"type":"if","locations":[{"start":{"line":103,"column":4},"end":{"line":103,"column":4}},{"start":{"line":103,"column":4},"end":{"line":103,"column":4}}]},"9":{"line":106,"type":"if","locations":[{"start":{"line":106,"column":9},"end":{"line":106,"column":9}},{"start":{"line":106,"column":9},"end":{"line":106,"column":9}}]},"10":{"line":109,"type":"if","locations":[{"start":{"line":109,"column":9},"end":{"line":109,"column":9}},{"start":{"line":109,"column":9},"end":{"line":109,"column":9}}]},"11":{"line":110,"type":"cond-expr","locations":[{"start":{"line":110,"column":43},"end":{"line":110,"column":64}},{"start":{"line":110,"column":67},"end":{"line":110,"column":73}}]},"12":{"line":112,"type":"if","locations":[{"start":{"line":112,"column":9},"end":{"line":112,"column":9}},{"start":{"line":112,"column":9},"end":{"line":112,"column":9}}]},"13":{"line":137,"type":"cond-expr","locations":[{"start":{"line":138,"column":10},"end":{"line":138,"column":27}},{"start":{"line":139,"column":10},"end":{"line":139,"column":27}}]},"14":{"line":140,"type":"cond-expr","locations":[{"start":{"line":140,"column":40},"end":{"line":140,"column":53}},{"start":{"line":140,"column":56},"end":{"line":140,"column":60}}]},"15":{"line":141,"type":"cond-expr","locations":[{"start":{"line":141,"column":54},"end":{"line":141,"column":58}},{"start":{"line":141,"column":61},"end":{"line":141,"column":78}}]},"16":{"line":142,"type":"cond-expr","locations":[{"start":{"line":143,"column":10},"end":{"line":143,"column":52}},{"start":{"line":144,"column":10},"end":{"line":144,"column":30}}]},"17":{"line":142,"type":"binary-expr","locations":[{"start":{"line":142,"column":20},"end":{"line":142,"column":41}},{"start":{"line":142,"column":45},"end":{"line":142,"column":71}},{"start":{"line":142,"column":75},"end":{"line":142,"column":107}}]},"18":{"line":144,"type":"binary-expr","locations":[{"start":{"line":144,"column":10},"end":{"line":144,"column":22}},{"start":{"line":144,"column":26},"end":{"line":144,"column":30}}]},"19":{"line":150,"type":"if","locations":[{"start":{"line":150,"column":2},"end":{"line":150,"column":2}},{"start":{"line":150,"column":2},"end":{"line":150,"column":2}}]},"20":{"line":151,"type":"if","locations":[{"start":{"line":151,"column":4},"end":{"line":151,"column":4}},{"start":{"line":151,"column":4},"end":{"line":151,"column":4}}]},"21":{"line":151,"type":"binary-expr","locations":[{"start":{"line":151,"column":8},"end":{"line":151,"column":32}},{"start":{"line":151,"column":36},"end":{"line":151,"column":48}}]},"22":{"line":154,"type":"binary-expr","locations":[{"start":{"line":154,"column":21},"end":{"line":154,"column":40}},{"start":{"line":154,"column":44},"end":{"line":154,"column":46}}]},"23":{"line":162,"type":"cond-expr","locations":[{"start":{"line":163,"column":8},"end":{"line":163,"column":35}},{"start":{"line":164,"column":8},"end":{"line":164,"column":23}}]},"24":{"line":172,"type":"if","locations":[{"start":{"line":172,"column":2},"end":{"line":172,"column":2}},{"start":{"line":172,"column":2},"end":{"line":172,"column":2}}]},"25":{"line":172,"type":"binary-expr","locations":[{"start":{"line":172,"column":6},"end":{"line":172,"column":18}},{"start":{"line":172,"column":22},"end":{"line":172,"column":47}}]},"26":{"line":173,"type":"if","locations":[{"start":{"line":173,"column":4},"end":{"line":173,"column":4}},{"start":{"line":173,"column":4},"end":{"line":173,"column":4}}]},"27":{"line":173,"type":"binary-expr","locations":[{"start":{"line":173,"column":8},"end":{"line":173,"column":32}},{"start":{"line":173,"column":36},"end":{"line":173,"column":48}}]},"28":{"line":177,"type":"binary-expr","locations":[{"start":{"line":177,"column":21},"end":{"line":177,"column":40}},{"start":{"line":177,"column":44},"end":{"line":177,"column":46}}]},"29":{"line":179,"type":"binary-expr","locations":[{"start":{"line":179,"column":21},"end":{"line":179,"column":35}},{"start":{"line":179,"column":39},"end":{"line":179,"column":41}}]},"30":{"line":181,"type":"if","locations":[{"start":{"line":181,"column":4},"end":{"line":181,"column":4}},{"start":{"line":181,"column":4},"end":{"line":181,"column":4}}]},"31":{"line":182,"type":"if","locations":[{"start":{"line":182,"column":4},"end":{"line":182,"column":4}},{"start":{"line":182,"column":4},"end":{"line":182,"column":4}}]},"32":{"line":183,"type":"if","locations":[{"start":{"line":183,"column":4},"end":{"line":183,"column":4}},{"start":{"line":183,"column":4},"end":{"line":183,"column":4}}]},"33":{"line":185,"type":"if","locations":[{"start":{"line":185,"column":4},"end":{"line":185,"column":4}},{"start":{"line":185,"column":4},"end":{"line":185,"column":4}}]},"34":{"line":188,"type":"if","locations":[{"start":{"line":188,"column":6},"end":{"line":188,"column":6}},{"start":{"line":188,"column":6},"end":{"line":188,"column":6}}]},"35":{"line":193,"type":"if","locations":[{"start":{"line":193,"column":6},"end":{"line":193,"column":6}},{"start":{"line":193,"column":6},"end":{"line":193,"column":6}}]},"36":{"line":202,"type":"if","locations":[{"start":{"line":202,"column":4},"end":{"line":202,"column":4}},{"start":{"line":202,"column":4},"end":{"line":202,"column":4}}]},"37":{"line":207,"type":"cond-expr","locations":[{"start":{"line":208,"column":10},"end":{"line":208,"column":34}},{"start":{"line":209,"column":10},"end":{"line":209,"column":15}}]},"38":{"line":216,"type":"if","locations":[{"start":{"line":216,"column":2},"end":{"line":216,"column":2}},{"start":{"line":216,"column":2},"end":{"line":216,"column":2}}]},"39":{"line":220,"type":"cond-expr","locations":[{"start":{"line":220,"column":23},"end":{"line":220,"column":40}},{"start":{"line":220,"column":43},"end":{"line":220,"column":45}}]},"40":{"line":221,"type":"if","locations":[{"start":{"line":221,"column":2},"end":{"line":221,"column":2}},{"start":{"line":221,"column":2},"end":{"line":221,"column":2}}]},"41":{"line":222,"type":"cond-expr","locations":[{"start":{"line":223,"column":8},"end":{"line":223,"column":38}},{"start":{"line":224,"column":8},"end":{"line":224,"column":21}}]},"42":{"line":222,"type":"binary-expr","locations":[{"start":{"line":222,"column":14},"end":{"line":222,"column":40}},{"start":{"line":222,"column":44},"end":{"line":222,"column":72}},{"start":{"line":222,"column":76},"end":{"line":222,"column":101}}]},"43":{"line":227,"type":"cond-expr","locations":[{"start":{"line":227,"column":30},"end":{"line":227,"column":34}},{"start":{"line":227,"column":37},"end":{"line":227,"column":39}}]},"44":{"line":228,"type":"cond-expr","locations":[{"start":{"line":228,"column":39},"end":{"line":228,"column":43}},{"start":{"line":228,"column":46},"end":{"line":228,"column":48}}]},"45":{"line":228,"type":"binary-expr","locations":[{"start":{"line":228,"column":13},"end":{"line":228,"column":22}},{"start":{"line":228,"column":26},"end":{"line":228,"column":35}}]},"46":{"line":229,"type":"cond-expr","locations":[{"start":{"line":229,"column":29},"end":{"line":229,"column":55}},{"start":{"line":229,"column":59},"end":{"line":229,"column":61}}]},"47":{"line":230,"type":"cond-expr","locations":[{"start":{"line":231,"column":6},"end":{"line":231,"column":53}},{"start":{"line":232,"column":6},"end":{"line":232,"column":21}}]},"48":{"line":230,"type":"binary-expr","locations":[{"start":{"line":230,"column":12},"end":{"line":230,"column":38}},{"start":{"line":230,"column":42},"end":{"line":230,"column":72}}]},"49":{"line":234,"type":"if","locations":[{"start":{"line":234,"column":2},"end":{"line":234,"column":2}},{"start":{"line":234,"column":2},"end":{"line":234,"column":2}}]},"50":{"line":234,"type":"binary-expr","locations":[{"start":{"line":234,"column":6},"end":{"line":234,"column":19}},{"start":{"line":234,"column":23},"end":{"line":234,"column":41}}]},"51":{"line":235,"type":"if","locations":[{"start":{"line":235,"column":4},"end":{"line":235,"column":4}},{"start":{"line":235,"column":4},"end":{"line":235,"column":4}}]},"52":{"line":235,"type":"binary-expr","locations":[{"start":{"line":235,"column":8},"end":{"line":235,"column":12}},{"start":{"line":235,"column":16},"end":{"line":235,"column":37}},{"start":{"line":235,"column":41},"end":{"line":235,"column":51}}]},"53":{"line":239,"type":"if","locations":[{"start":{"line":239,"column":4},"end":{"line":239,"column":4}},{"start":{"line":239,"column":4},"end":{"line":239,"column":4}}]},"54":{"line":242,"type":"if","locations":[{"start":{"line":242,"column":9},"end":{"line":242,"column":9}},{"start":{"line":242,"column":9},"end":{"line":242,"column":9}}]},"55":{"line":243,"type":"if","locations":[{"start":{"line":243,"column":6},"end":{"line":243,"column":6}},{"start":{"line":243,"column":6},"end":{"line":243,"column":6}}]},"56":{"line":245,"type":"if","locations":[{"start":{"line":245,"column":13},"end":{"line":245,"column":13}},{"start":{"line":245,"column":13},"end":{"line":245,"column":13}}]},"57":{"line":246,"type":"binary-expr","locations":[{"start":{"line":246,"column":57},"end":{"line":246,"column":70}},{"start":{"line":246,"column":74},"end":{"line":246,"column":78}}]},"58":{"line":247,"type":"if","locations":[{"start":{"line":247,"column":13},"end":{"line":247,"column":13}},{"start":{"line":247,"column":13},"end":{"line":247,"column":13}}]},"59":{"line":248,"type":"binary-expr","locations":[{"start":{"line":248,"column":8},"end":{"line":248,"column":47}},{"start":{"line":249,"column":13},"end":{"line":249,"column":43}},{"start":{"line":250,"column":13},"end":{"line":250,"column":40}},{"start":{"line":251,"column":13},"end":{"line":251,"column":43}},{"start":{"line":252,"column":13},"end":{"line":252,"column":38}},{"start":{"line":253,"column":13},"end":{"line":253,"column":41}},{"start":{"line":254,"column":13},"end":{"line":254,"column":41}}]},"60":{"line":274,"type":"binary-expr","locations":[{"start":{"line":274,"column":9},"end":{"line":274,"column":12}},{"start":{"line":274,"column":16},"end":{"line":274,"column":51}}]},"61":{"line":293,"type":"if","locations":[{"start":{"line":293,"column":2},"end":{"line":293,"column":2}},{"start":{"line":293,"column":2},"end":{"line":293,"column":2}}]},"62":{"line":296,"type":"if","locations":[{"start":{"line":296,"column":7},"end":{"line":296,"column":7}},{"start":{"line":296,"column":7},"end":{"line":296,"column":7}}]},"63":{"line":299,"type":"if","locations":[{"start":{"line":299,"column":7},"end":{"line":299,"column":7}},{"start":{"line":299,"column":7},"end":{"line":299,"column":7}}]},"64":{"line":303,"type":"if","locations":[{"start":{"line":303,"column":2},"end":{"line":303,"column":2}},{"start":{"line":303,"column":2},"end":{"line":303,"column":2}}]},"65":{"line":304,"type":"cond-expr","locations":[{"start":{"line":304,"column":17},"end":{"line":304,"column":32}},{"start":{"line":304,"column":35},"end":{"line":304,"column":38}}]},"66":{"line":307,"type":"if","locations":[{"start":{"line":307,"column":2},"end":{"line":307,"column":2}},{"start":{"line":307,"column":2},"end":{"line":307,"column":2}}]},"67":{"line":308,"type":"cond-expr","locations":[{"start":{"line":308,"column":17},"end":{"line":308,"column":51}},{"start":{"line":308,"column":54},"end":{"line":308,"column":76}}]},"68":{"line":316,"type":"if","locations":[{"start":{"line":316,"column":4},"end":{"line":316,"column":4}},{"start":{"line":316,"column":4},"end":{"line":316,"column":4}}]},"69":{"line":321,"type":"if","locations":[{"start":{"line":321,"column":8},"end":{"line":321,"column":8}},{"start":{"line":321,"column":8},"end":{"line":321,"column":8}}]},"70":{"line":328,"type":"if","locations":[{"start":{"line":328,"column":9},"end":{"line":328,"column":9}},{"start":{"line":328,"column":9},"end":{"line":328,"column":9}}]},"71":{"line":335,"type":"if","locations":[{"start":{"line":335,"column":4},"end":{"line":335,"column":4}},{"start":{"line":335,"column":4},"end":{"line":335,"column":4}}]},"72":{"line":357,"type":"if","locations":[{"start":{"line":357,"column":2},"end":{"line":357,"column":2}},{"start":{"line":357,"column":2},"end":{"line":357,"column":2}}]},"73":{"line":369,"type":"if","locations":[{"start":{"line":369,"column":4},"end":{"line":369,"column":4}},{"start":{"line":369,"column":4},"end":{"line":369,"column":4}}]},"74":{"line":370,"type":"if","locations":[{"start":{"line":370,"column":6},"end":{"line":370,"column":6}},{"start":{"line":370,"column":6},"end":{"line":370,"column":6}}]},"75":{"line":380,"type":"if","locations":[{"start":{"line":380,"column":6},"end":{"line":380,"column":6}},{"start":{"line":380,"column":6},"end":{"line":380,"column":6}}]},"76":{"line":386,"type":"if","locations":[{"start":{"line":386,"column":8},"end":{"line":386,"column":8}},{"start":{"line":386,"column":8},"end":{"line":386,"column":8}}]},"77":{"line":387,"type":"if","locations":[{"start":{"line":387,"column":10},"end":{"line":387,"column":10}},{"start":{"line":387,"column":10},"end":{"line":387,"column":10}}]},"78":{"line":396,"type":"if","locations":[{"start":{"line":396,"column":8},"end":{"line":396,"column":8}},{"start":{"line":396,"column":8},"end":{"line":396,"column":8}}]},"79":{"line":397,"type":"if","locations":[{"start":{"line":397,"column":10},"end":{"line":397,"column":10}},{"start":{"line":397,"column":10},"end":{"line":397,"column":10}}]},"80":{"line":398,"type":"if","locations":[{"start":{"line":398,"column":12},"end":{"line":398,"column":12}},{"start":{"line":398,"column":12},"end":{"line":398,"column":12}}]},"81":{"line":398,"type":"binary-expr","locations":[{"start":{"line":398,"column":16},"end":{"line":398,"column":37}},{"start":{"line":398,"column":41},"end":{"line":398,"column":60}}]},"82":{"line":399,"type":"if","locations":[{"start":{"line":399,"column":14},"end":{"line":399,"column":14}},{"start":{"line":399,"column":14},"end":{"line":399,"column":14}}]},"83":{"line":413,"type":"if","locations":[{"start":{"line":413,"column":8},"end":{"line":413,"column":8}},{"start":{"line":413,"column":8},"end":{"line":413,"column":8}}]},"84":{"line":422,"type":"if","locations":[{"start":{"line":422,"column":10},"end":{"line":422,"column":10}},{"start":{"line":422,"column":10},"end":{"line":422,"column":10}}]},"85":{"line":422,"type":"binary-expr","locations":[{"start":{"line":422,"column":14},"end":{"line":422,"column":35}},{"start":{"line":422,"column":39},"end":{"line":422,"column":58}}]},"86":{"line":423,"type":"if","locations":[{"start":{"line":423,"column":12},"end":{"line":423,"column":12}},{"start":{"line":423,"column":12},"end":{"line":423,"column":12}}]},"87":{"line":441,"type":"if","locations":[{"start":{"line":441,"column":2},"end":{"line":441,"column":2}},{"start":{"line":441,"column":2},"end":{"line":441,"column":2}}]}}},"/Users/charlie/Git/winstonjs/winston/lib/winston/config.js":{"path":"/Users/charlie/Git/winstonjs/winston/lib/winston/config.js","s":{"1":1,"2":1,"3":1,"4":3,"5":1,"6":0,"7":0,"8":0,"9":0,"10":0,"11":0,"12":0,"13":0,"14":0,"15":0,"16":0,"17":0,"18":0,"19":1,"20":1,"21":1,"22":1,"23":1,"24":1,"25":1,"26":3,"27":3,"28":3,"29":3,"30":24,"31":3},"b":{"1":[0,0],"2":[0,0],"3":[0,0]},"f":{"1":3,"2":0,"3":3,"4":3},"fnMap":{"1":{"name":"(anonymous_1)","line":14,"loc":{"start":{"line":14,"column":19},"end":{"line":14,"column":37}}},"2":{"name":"(anonymous_2)","line":18,"loc":{"start":{"line":18,"column":18},"end":{"line":18,"column":44}}},"3":{"name":"mixin","line":55,"loc":{"start":{"line":55,"column":0},"end":{"line":55,"column":24}}},"4":{"name":"(anonymous_4)","line":58,"loc":{"start":{"line":58,"column":15},"end":{"line":58,"column":28}}}},"statementMap":{"1":{"start":{"line":9,"column":0},"end":{"line":9,"column":36}},"2":{"start":{"line":11,"column":0},"end":{"line":12,"column":39}},"3":{"start":{"line":14,"column":0},"end":{"line":16,"column":2}},"4":{"start":{"line":15,"column":2},"end":{"line":15,"column":27}},"5":{"start":{"line":18,"column":0},"end":{"line":39,"column":2}},"6":{"start":{"line":19,"column":2},"end":{"line":19,"column":54}},"7":{"start":{"line":19,"column":38},"end":{"line":19,"column":54}},"8":{"start":{"line":21,"column":2},"end":{"line":21,"column":26}},"9":{"start":{"line":22,"column":2},"end":{"line":36,"column":3}},"10":{"start":{"line":23,"column":4},"end":{"line":25,"column":5}},"11":{"start":{"line":24,"column":6},"end":{"line":24,"column":57}},"12":{"start":{"line":27,"column":7},"end":{"line":36,"column":3}},"13":{"start":{"line":28,"column":4},"end":{"line":28,"column":49}},"14":{"start":{"line":29,"column":4},"end":{"line":31,"column":5}},"15":{"start":{"line":30,"column":6},"end":{"line":30,"column":49}},"16":{"start":{"line":32,"column":4},"end":{"line":32,"column":32}},"17":{"start":{"line":35,"column":4},"end":{"line":35,"column":52}},"18":{"start":{"line":38,"column":2},"end":{"line":38,"column":19}},"19":{"start":{"line":44,"column":0},"end":{"line":44,"column":47}},"20":{"start":{"line":45,"column":0},"end":{"line":45,"column":47}},"21":{"start":{"line":46,"column":0},"end":{"line":46,"column":50}},"22":{"start":{"line":51,"column":0},"end":{"line":51,"column":36}},"23":{"start":{"line":52,"column":0},"end":{"line":52,"column":36}},"24":{"start":{"line":53,"column":0},"end":{"line":53,"column":39}},"25":{"start":{"line":55,"column":0},"end":{"line":65,"column":1}},"26":{"start":{"line":56,"column":2},"end":{"line":56,"column":54}},"27":{"start":{"line":58,"column":2},"end":{"line":63,"column":5}},"28":{"start":{"line":59,"column":4},"end":{"line":59,"column":30}},"29":{"start":{"line":60,"column":4},"end":{"line":62,"column":5}},"30":{"start":{"line":61,"column":6},"end":{"line":61,"column":35}},"31":{"start":{"line":64,"column":2},"end":{"line":64,"column":16}}},"branchMap":{"1":{"line":19,"type":"if","locations":[{"start":{"line":19,"column":2},"end":{"line":19,"column":2}},{"start":{"line":19,"column":2},"end":{"line":19,"column":2}}]},"2":{"line":22,"type":"if","locations":[{"start":{"line":22,"column":2},"end":{"line":22,"column":2}},{"start":{"line":22,"column":2},"end":{"line":22,"column":2}}]},"3":{"line":27,"type":"if","locations":[{"start":{"line":27,"column":7},"end":{"line":27,"column":7}},{"start":{"line":27,"column":7},"end":{"line":27,"column":7}}]}}},"/Users/charlie/Git/winstonjs/winston/lib/winston/config/cli-config.js":{"path":"/Users/charlie/Git/winstonjs/winston/lib/winston/config/cli-config.js","s":{"1":1,"2":1,"3":1},"b":{},"f":{},"fnMap":{},"statementMap":{"1":{"start":{"line":9,"column":0},"end":{"line":9,"column":24}},"2":{"start":{"line":11,"column":0},"end":{"line":22,"column":2}},"3":{"start":{"line":24,"column":0},"end":{"line":35,"column":2}}},"branchMap":{}},"/Users/charlie/Git/winstonjs/winston/lib/winston/config/npm-config.js":{"path":"/Users/charlie/Git/winstonjs/winston/lib/winston/config/npm-config.js","s":{"1":1,"2":1,"3":1},"b":{},"f":{},"fnMap":{},"statementMap":{"1":{"start":{"line":9,"column":0},"end":{"line":9,"column":24}},"2":{"start":{"line":11,"column":0},"end":{"line":18,"column":2}},"3":{"start":{"line":20,"column":0},"end":{"line":27,"column":2}}},"branchMap":{}},"/Users/charlie/Git/winstonjs/winston/lib/winston/config/syslog-config.js":{"path":"/Users/charlie/Git/winstonjs/winston/lib/winston/config/syslog-config.js","s":{"1":1,"2":1,"3":1},"b":{},"f":{},"fnMap":{},"statementMap":{"1":{"start":{"line":9,"column":0},"end":{"line":9,"column":27}},"2":{"start":{"line":11,"column":0},"end":{"line":20,"column":2}},"3":{"start":{"line":22,"column":0},"end":{"line":31,"column":2}}},"branchMap":{}},"/Users/charlie/Git/winstonjs/winston/lib/winston/exception.js":{"path":"/Users/charlie/Git/winstonjs/winston/lib/winston/exception.js","s":{"1":1,"2":1,"3":1,"4":0,"5":1,"6":1,"7":1,"8":1,"9":1,"10":1,"11":1,"12":10},"b":{"1":[0,0],"2":[1,0],"3":[1,0],"4":[1,0]},"f":{"1":0,"2":1,"3":1,"4":1,"5":10},"fnMap":{"1":{"name":"(anonymous_1)","line":14,"loc":{"start":{"line":14,"column":23},"end":{"line":14,"column":38}}},"2":{"name":"(anonymous_2)","line":24,"loc":{"start":{"line":24,"column":27},"end":{"line":24,"column":39}}},"3":{"name":"(anonymous_3)","line":37,"loc":{"start":{"line":37,"column":22},"end":{"line":37,"column":34}}},"4":{"name":"(anonymous_4)","line":44,"loc":{"start":{"line":44,"column":21},"end":{"line":44,"column":36}}},"5":{"name":"(anonymous_5)","line":46,"loc":{"start":{"line":46,"column":19},"end":{"line":46,"column":35}}}},"statementMap":{"1":{"start":{"line":9,"column":0},"end":{"line":10,"column":40}},"2":{"start":{"line":12,"column":0},"end":{"line":12,"column":24}},"3":{"start":{"line":14,"column":0},"end":{"line":22,"column":2}},"4":{"start":{"line":15,"column":2},"end":{"line":21,"column":4}},"5":{"start":{"line":24,"column":0},"end":{"line":35,"column":2}},"6":{"start":{"line":25,"column":2},"end":{"line":34,"column":4}},"7":{"start":{"line":37,"column":0},"end":{"line":42,"column":2}},"8":{"start":{"line":38,"column":2},"end":{"line":41,"column":4}},"9":{"start":{"line":44,"column":0},"end":{"line":56,"column":2}},"10":{"start":{"line":45,"column":2},"end":{"line":45,"column":61}},"11":{"start":{"line":46,"column":2},"end":{"line":55,"column":5}},"12":{"start":{"line":47,"column":4},"end":{"line":54,"column":5}}},"branchMap":{"1":{"line":20,"type":"binary-expr","locations":[{"start":{"line":20,"column":13},"end":{"line":20,"column":22}},{"start":{"line":20,"column":26},"end":{"line":20,"column":47}}]},"2":{"line":27,"type":"cond-expr","locations":[{"start":{"line":27,"column":34},"end":{"line":27,"column":50}},{"start":{"line":27,"column":53},"end":{"line":27,"column":57}}]},"3":{"line":28,"type":"cond-expr","locations":[{"start":{"line":28,"column":34},"end":{"line":28,"column":50}},{"start":{"line":28,"column":53},"end":{"line":28,"column":57}}]},"4":{"line":45,"type":"cond-expr","locations":[{"start":{"line":45,"column":20},"end":{"line":45,"column":41}},{"start":{"line":45,"column":44},"end":{"line":45,"column":60}}]}}},"/Users/charlie/Git/winstonjs/winston/lib/winston/container.js":{"path":"/Users/charlie/Git/winstonjs/winston/lib/winston/container.js","s":{"1":1,"2":1,"3":3,"4":3,"5":1,"6":4,"7":4,"8":3,"9":3,"10":3,"11":3,"12":3,"13":1,"14":4,"15":1,"16":2,"17":1,"18":1,"19":1,"20":1,"21":0,"22":1,"23":1,"24":1,"25":1,"26":0,"27":1,"28":2},"b":{"1":[3,2],"2":[3,1],"3":[3,3],"4":[3,1],"5":[2,1],"6":[0,1],"7":[1,0]},"f":{"1":3,"2":4,"3":1,"4":2,"5":1,"6":1,"7":2},"fnMap":{"1":{"name":"(anonymous_1)","line":19,"loc":{"start":{"line":19,"column":36},"end":{"line":19,"column":55}}},"2":{"name":"(anonymous_2)","line":31,"loc":{"start":{"line":31,"column":52},"end":{"line":31,"column":75}}},"3":{"name":"(anonymous_3)","line":50,"loc":{"start":{"line":50,"column":33},"end":{"line":50,"column":45}}},"4":{"name":"(anonymous_4)","line":64,"loc":{"start":{"line":64,"column":26},"end":{"line":64,"column":40}}},"5":{"name":"(anonymous_5)","line":74,"loc":{"start":{"line":74,"column":28},"end":{"line":74,"column":42}}},"6":{"name":"removeLogger","line":77,"loc":{"start":{"line":77,"column":2},"end":{"line":77,"column":28}}},"7":{"name":"(anonymous_7)","line":98,"loc":{"start":{"line":98,"column":30},"end":{"line":98,"column":44}}}},"statementMap":{"1":{"start":{"line":9,"column":0},"end":{"line":11,"column":37}},"2":{"start":{"line":19,"column":0},"end":{"line":22,"column":2}},"3":{"start":{"line":20,"column":2},"end":{"line":20,"column":20}},"4":{"start":{"line":21,"column":2},"end":{"line":21,"column":31}},"5":{"start":{"line":31,"column":0},"end":{"line":56,"column":2}},"6":{"start":{"line":32,"column":2},"end":{"line":33,"column":15}},"7":{"start":{"line":35,"column":2},"end":{"line":53,"column":3}},"8":{"start":{"line":40,"column":4},"end":{"line":40,"column":50}},"9":{"start":{"line":41,"column":4},"end":{"line":41,"column":61}},"10":{"start":{"line":47,"column":4},"end":{"line":47,"column":58}},"11":{"start":{"line":49,"column":4},"end":{"line":49,"column":54}},"12":{"start":{"line":50,"column":4},"end":{"line":52,"column":7}},"13":{"start":{"line":51,"column":6},"end":{"line":51,"column":23}},"14":{"start":{"line":55,"column":2},"end":{"line":55,"column":26}},"15":{"start":{"line":64,"column":0},"end":{"line":66,"column":2}},"16":{"start":{"line":65,"column":2},"end":{"line":65,"column":28}},"17":{"start":{"line":74,"column":0},"end":{"line":91,"column":2}},"18":{"start":{"line":75,"column":2},"end":{"line":75,"column":18}},"19":{"start":{"line":77,"column":2},"end":{"line":84,"column":3}},"20":{"start":{"line":78,"column":4},"end":{"line":80,"column":5}},"21":{"start":{"line":79,"column":6},"end":{"line":79,"column":13}},"22":{"start":{"line":82,"column":4},"end":{"line":82,"column":29}},"23":{"start":{"line":83,"column":4},"end":{"line":83,"column":21}},"24":{"start":{"line":86,"column":2},"end":{"line":88,"column":3}},"25":{"start":{"line":87,"column":4},"end":{"line":87,"column":28}},"26":{"start":{"line":90,"column":2},"end":{"line":90,"column":50}},"27":{"start":{"line":98,"column":0},"end":{"line":100,"column":2}},"28":{"start":{"line":99,"column":2},"end":{"line":99,"column":26}}},"branchMap":{"1":{"line":21,"type":"binary-expr","locations":[{"start":{"line":21,"column":17},"end":{"line":21,"column":24}},{"start":{"line":21,"column":28},"end":{"line":21,"column":30}}]},"2":{"line":35,"type":"if","locations":[{"start":{"line":35,"column":2},"end":{"line":35,"column":2}},{"start":{"line":35,"column":2},"end":{"line":35,"column":2}}]},"3":{"line":40,"type":"binary-expr","locations":[{"start":{"line":40,"column":25},"end":{"line":40,"column":32}},{"start":{"line":40,"column":36},"end":{"line":40,"column":48}}]},"4":{"line":41,"type":"binary-expr","locations":[{"start":{"line":41,"column":15},"end":{"line":41,"column":33}},{"start":{"line":41,"column":37},"end":{"line":41,"column":60}}]},"5":{"line":47,"type":"cond-expr","locations":[{"start":{"line":47,"column":36},"end":{"line":47,"column":52}},{"start":{"line":47,"column":55},"end":{"line":47,"column":57}}]},"6":{"line":78,"type":"if","locations":[{"start":{"line":78,"column":4},"end":{"line":78,"column":4}},{"start":{"line":78,"column":4},"end":{"line":78,"column":4}}]},"7":{"line":86,"type":"if","locations":[{"start":{"line":86,"column":2},"end":{"line":86,"column":2}},{"start":{"line":86,"column":2},"end":{"line":86,"column":2}}]}}},"/Users/charlie/Git/winstonjs/winston/lib/winston/logger.js":{"path":"/Users/charlie/Git/winstonjs/winston/lib/winston/logger.js","s":{"1":1,"2":1,"3":1,"4":1,"5":1,"6":1,"7":1,"8":0,"9":0,"10":0,"11":0,"12":1,"13":0,"14":0,"15":0,"16":0,"17":0,"18":0,"19":1,"20":0,"21":0,"22":0,"23":0,"24":0,"25":0,"26":0,"27":0,"28":0,"29":0,"30":0,"31":0,"32":0,"33":0,"34":0,"35":1,"36":0,"37":0,"38":0,"39":0,"40":0,"41":0,"42":0,"43":0,"44":0,"45":0,"46":0,"47":0,"48":0,"49":0,"50":0,"51":0,"52":0,"53":0,"54":0,"55":0,"56":0,"57":0,"58":0,"59":0,"60":0,"61":0,"62":0,"63":0,"64":1,"65":0,"66":0,"67":0,"68":0,"69":0,"70":0,"71":0,"72":0,"73":0,"74":0,"75":0,"76":0,"77":1,"78":0,"79":0,"80":0,"81":0,"82":0,"83":0,"84":0,"85":0,"86":0,"87":0,"88":0,"89":0,"90":0,"91":1,"92":0,"93":1,"94":0,"95":0,"96":0,"97":0,"98":0,"99":0,"100":0,"101":0,"102":0,"103":0,"104":0,"105":0,"106":1,"107":0,"108":1,"109":0,"110":0,"111":1,"112":0,"113":1,"114":0,"115":0,"116":0,"117":0,"118":0,"119":0,"120":0,"121":0,"122":0,"123":1,"124":0,"125":0,"126":0,"127":0},"b":{"1":[0,0],"2":[0,0],"3":[0,0],"4":[0,0],"5":[0,0],"6":[0,0],"7":[0,0],"8":[0,0],"9":[0,0],"10":[0,0],"11":[0,0],"12":[0,0],"13":[0,0],"14":[0,0],"15":[0,0],"16":[0,0],"17":[0,0],"18":[0,0],"19":[0,0],"20":[0,0],"21":[0,0],"22":[0,0],"23":[0,0],"24":[0,0],"25":[0,0],"26":[0,0],"27":[0,0],"28":[0,0],"29":[0,0],"30":[0,0],"31":[0,0],"32":[0,0],"33":[0,0],"34":[0,0]},"f":{"1":1,"2":1,"3":0,"4":0,"5":0,"6":0,"7":0,"8":0,"9":0,"10":0,"11":0,"12":0,"13":0,"14":0,"15":0,"16":0,"17":0,"18":0,"19":0,"20":0,"21":0,"22":0,"23":0,"24":0,"25":0,"26":0,"27":0,"28":0,"29":0,"30":0,"31":0,"32":0},"fnMap":{"1":{"name":"(anonymous_1)","line":25,"loc":{"start":{"line":25,"column":30},"end":{"line":25,"column":49}}},"2":{"name":"(anonymous_2)","line":42,"loc":{"start":{"line":42,"column":29},"end":{"line":42,"column":48}}},"3":{"name":"(anonymous_3)","line":233,"loc":{"start":{"line":233,"column":25},"end":{"line":233,"column":54}}},"4":{"name":"queryTransport","line":248,"loc":{"start":{"line":248,"column":2},"end":{"line":248,"column":43}}},"5":{"name":"(anonymous_5)","line":253,"loc":{"start":{"line":253,"column":29},"end":{"line":253,"column":53}}},"6":{"name":"addResults","line":266,"loc":{"start":{"line":266,"column":2},"end":{"line":266,"column":39}}},"7":{"name":"(anonymous_7)","line":267,"loc":{"start":{"line":267,"column":30},"end":{"line":267,"column":53}}},"8":{"name":"(anonymous_8)","line":297,"loc":{"start":{"line":297,"column":31},"end":{"line":297,"column":47}}},"9":{"name":"(anonymous_9)","line":299,"loc":{"start":{"line":299,"column":12},"end":{"line":299,"column":33}}},"10":{"name":"(anonymous_10)","line":307,"loc":{"start":{"line":307,"column":40},"end":{"line":307,"column":52}}},"11":{"name":"(anonymous_11)","line":317,"loc":{"start":{"line":317,"column":26},"end":{"line":317,"column":45}}},"12":{"name":"(anonymous_12)","line":333,"loc":{"start":{"line":333,"column":16},"end":{"line":333,"column":28}}},"13":{"name":"(anonymous_13)","line":341,"loc":{"start":{"line":341,"column":31},"end":{"line":341,"column":47}}},"14":{"name":"(anonymous_14)","line":343,"loc":{"start":{"line":343,"column":12},"end":{"line":343,"column":33}}},"15":{"name":"(anonymous_15)","line":347,"loc":{"start":{"line":347,"column":21},"end":{"line":347,"column":42}}},"16":{"name":"(anonymous_16)","line":353,"loc":{"start":{"line":353,"column":21},"end":{"line":353,"column":36}}},"17":{"name":"(anonymous_17)","line":359,"loc":{"start":{"line":359,"column":23},"end":{"line":359,"column":38}}},"18":{"name":"(anonymous_18)","line":374,"loc":{"start":{"line":374,"column":36},"end":{"line":374,"column":48}}},"19":{"name":"(anonymous_19)","line":379,"loc":{"start":{"line":379,"column":15},"end":{"line":379,"column":28}}},"20":{"name":"(anonymous_20)","line":389,"loc":{"start":{"line":389,"column":19},"end":{"line":389,"column":38}}},"21":{"name":"(anonymous_21)","line":406,"loc":{"start":{"line":406,"column":38},"end":{"line":406,"column":50}}},"22":{"name":"(anonymous_22)","line":410,"loc":{"start":{"line":410,"column":48},"end":{"line":410,"column":64}}},"23":{"name":"(anonymous_23)","line":418,"loc":{"start":{"line":418,"column":41},"end":{"line":418,"column":57}}},"24":{"name":"(anonymous_24)","line":440,"loc":{"start":{"line":440,"column":30},"end":{"line":440,"column":42}}},"25":{"name":"(anonymous_25)","line":454,"loc":{"start":{"line":454,"column":27},"end":{"line":454,"column":41}}},"26":{"name":"(anonymous_26)","line":484,"loc":{"start":{"line":484,"column":29},"end":{"line":484,"column":47}}},"27":{"name":"(anonymous_27)","line":495,"loc":{"start":{"line":495,"column":38},"end":{"line":495,"column":53}}},"28":{"name":"logAndWait","line":510,"loc":{"start":{"line":510,"column":2},"end":{"line":510,"column":39}}},"29":{"name":"gracefulExit","line":514,"loc":{"start":{"line":514,"column":2},"end":{"line":514,"column":26}}},"30":{"name":"(anonymous_30)","line":545,"loc":{"start":{"line":545,"column":41},"end":{"line":545,"column":53}}},"31":{"name":"(anonymous_31)","line":548,"loc":{"start":{"line":548,"column":26},"end":{"line":548,"column":42}}},"32":{"name":"(anonymous_32)","line":550,"loc":{"start":{"line":550,"column":28},"end":{"line":550,"column":44}}}},"statementMap":{"1":{"start":{"line":9,"column":0},"end":{"line":15,"column":38}},"2":{"start":{"line":17,"column":0},"end":{"line":17,"column":32}},"3":{"start":{"line":25,"column":0},"end":{"line":28,"column":2}},"4":{"start":{"line":27,"column":2},"end":{"line":27,"column":26}},"5":{"start":{"line":33,"column":0},"end":{"line":33,"column":43}},"6":{"start":{"line":42,"column":0},"end":{"line":74,"column":2}},"7":{"start":{"line":233,"column":0},"end":{"line":310,"column":2}},"8":{"start":{"line":234,"column":2},"end":{"line":237,"column":3}},"9":{"start":{"line":235,"column":4},"end":{"line":235,"column":23}},"10":{"start":{"line":236,"column":4},"end":{"line":236,"column":17}},"11":{"start":{"line":239,"column":2},"end":{"line":243,"column":17}},"12":{"start":{"line":248,"column":2},"end":{"line":260,"column":3}},"13":{"start":{"line":249,"column":4},"end":{"line":251,"column":5}},"14":{"start":{"line":250,"column":6},"end":{"line":250,"column":51}},"15":{"start":{"line":253,"column":4},"end":{"line":259,"column":7}},"16":{"start":{"line":254,"column":6},"end":{"line":256,"column":7}},"17":{"start":{"line":255,"column":8},"end":{"line":255,"column":25}},"18":{"start":{"line":258,"column":6},"end":{"line":258,"column":67}},"19":{"start":{"line":266,"column":2},"end":{"line":283,"column":3}},"20":{"start":{"line":267,"column":4},"end":{"line":282,"column":7}},"21":{"start":{"line":272,"column":6},"end":{"line":279,"column":7}},"22":{"start":{"line":273,"column":8},"end":{"line":273,"column":31}},"23":{"start":{"line":274,"column":8},"end":{"line":276,"column":9}},"24":{"start":{"line":275,"column":10},"end":{"line":275,"column":43}},"25":{"start":{"line":278,"column":8},"end":{"line":278,"column":15}},"26":{"start":{"line":281,"column":6},"end":{"line":281,"column":18}},"27":{"start":{"line":289,"column":2},"end":{"line":292,"column":3}},"28":{"start":{"line":290,"column":4},"end":{"line":290,"column":56}},"29":{"start":{"line":291,"column":4},"end":{"line":291,"column":72}},"30":{"start":{"line":297,"column":2},"end":{"line":301,"column":5}},"31":{"start":{"line":298,"column":4},"end":{"line":298,"column":33}},"32":{"start":{"line":300,"column":4},"end":{"line":300,"column":29}},"33":{"start":{"line":307,"column":2},"end":{"line":309,"column":5}},"34":{"start":{"line":308,"column":4},"end":{"line":308,"column":28}},"35":{"start":{"line":317,"column":0},"end":{"line":367,"column":2}},"36":{"start":{"line":318,"column":2},"end":{"line":322,"column":17}},"37":{"start":{"line":324,"column":2},"end":{"line":330,"column":3}},"38":{"start":{"line":325,"column":4},"end":{"line":325,"column":55}},"39":{"start":{"line":326,"column":4},"end":{"line":326,"column":29}},"40":{"start":{"line":327,"column":4},"end":{"line":329,"column":5}},"41":{"start":{"line":328,"column":6},"end":{"line":328,"column":39}},"42":{"start":{"line":332,"column":2},"end":{"line":332,"column":25}},"43":{"start":{"line":333,"column":2},"end":{"line":336,"column":4}},"44":{"start":{"line":334,"column":4},"end":{"line":334,"column":27}},"45":{"start":{"line":335,"column":4},"end":{"line":335,"column":37}},"46":{"start":{"line":335,"column":16},"end":{"line":335,"column":37}},"47":{"start":{"line":341,"column":2},"end":{"line":345,"column":5}},"48":{"start":{"line":342,"column":4},"end":{"line":342,"column":33}},"49":{"start":{"line":344,"column":4},"end":{"line":344,"column":30}},"50":{"start":{"line":347,"column":2},"end":{"line":364,"column":5}},"51":{"start":{"line":348,"column":4},"end":{"line":348,"column":43}},"52":{"start":{"line":349,"column":4},"end":{"line":349,"column":24}},"53":{"start":{"line":349,"column":17},"end":{"line":349,"column":24}},"54":{"start":{"line":351,"column":4},"end":{"line":351,"column":25}},"55":{"start":{"line":353,"column":4},"end":{"line":357,"column":7}},"56":{"start":{"line":354,"column":6},"end":{"line":354,"column":42}},"57":{"start":{"line":355,"column":6},"end":{"line":355,"column":41}},"58":{"start":{"line":356,"column":6},"end":{"line":356,"column":27}},"59":{"start":{"line":359,"column":4},"end":{"line":363,"column":7}},"60":{"start":{"line":360,"column":6},"end":{"line":360,"column":42}},"61":{"start":{"line":361,"column":6},"end":{"line":361,"column":41}},"62":{"start":{"line":362,"column":6},"end":{"line":362,"column":29}},"63":{"start":{"line":366,"column":2},"end":{"line":366,"column":13}},"64":{"start":{"line":374,"column":0},"end":{"line":399,"column":2}},"65":{"start":{"line":375,"column":2},"end":{"line":377,"column":18}},"66":{"start":{"line":379,"column":2},"end":{"line":386,"column":5}},"67":{"start":{"line":380,"column":4},"end":{"line":385,"column":5}},"68":{"start":{"line":381,"column":6},"end":{"line":381,"column":36}},"69":{"start":{"line":384,"column":6},"end":{"line":384,"column":23}},"70":{"start":{"line":388,"column":2},"end":{"line":388,"column":56}},"71":{"start":{"line":389,"column":2},"end":{"line":391,"column":5}},"72":{"start":{"line":390,"column":4},"end":{"line":390,"column":51}},"73":{"start":{"line":393,"column":2},"end":{"line":393,"column":53}},"74":{"start":{"line":395,"column":2},"end":{"line":398,"column":3}},"75":{"start":{"line":396,"column":4},"end":{"line":396,"column":62}},"76":{"start":{"line":397,"column":4},"end":{"line":397,"column":58}},"77":{"start":{"line":406,"column":0},"end":{"line":428,"column":2}},"78":{"start":{"line":407,"column":2},"end":{"line":407,"column":18}},"79":{"start":{"line":409,"column":2},"end":{"line":427,"column":3}},"80":{"start":{"line":410,"column":4},"end":{"line":415,"column":7}},"81":{"start":{"line":411,"column":6},"end":{"line":411,"column":49}},"82":{"start":{"line":412,"column":6},"end":{"line":414,"column":7}},"83":{"start":{"line":413,"column":8},"end":{"line":413,"column":24}},"84":{"start":{"line":417,"column":4},"end":{"line":417,"column":32}},"85":{"start":{"line":418,"column":4},"end":{"line":423,"column":6}},"86":{"start":{"line":419,"column":6},"end":{"line":419,"column":44}},"87":{"start":{"line":420,"column":6},"end":{"line":422,"column":7}},"88":{"start":{"line":421,"column":8},"end":{"line":421,"column":43}},"89":{"start":{"line":425,"column":4},"end":{"line":425,"column":70}},"90":{"start":{"line":426,"column":4},"end":{"line":426,"column":33}},"91":{"start":{"line":440,"column":0},"end":{"line":442,"column":2}},"92":{"start":{"line":441,"column":2},"end":{"line":441,"column":34}},"93":{"start":{"line":454,"column":0},"end":{"line":477,"column":2}},"94":{"start":{"line":455,"column":2},"end":{"line":456,"column":26}},"95":{"start":{"line":458,"column":2},"end":{"line":474,"column":3}},"96":{"start":{"line":459,"column":4},"end":{"line":459,"column":30}},"97":{"start":{"line":460,"column":4},"end":{"line":460,"column":30}},"98":{"start":{"line":463,"column":4},"end":{"line":463,"column":53}},"99":{"start":{"line":464,"column":4},"end":{"line":464,"column":79}},"100":{"start":{"line":465,"column":4},"end":{"line":465,"column":75}},"101":{"start":{"line":466,"column":4},"end":{"line":466,"column":48}},"102":{"start":{"line":469,"column":4},"end":{"line":469,"column":33}},"103":{"start":{"line":470,"column":4},"end":{"line":470,"column":42}},"104":{"start":{"line":473,"column":4},"end":{"line":473,"column":29}},"105":{"start":{"line":476,"column":2},"end":{"line":476,"column":14}},"106":{"start":{"line":484,"column":0},"end":{"line":486,"column":2}},"107":{"start":{"line":485,"column":2},"end":{"line":485,"column":53}},"108":{"start":{"line":495,"column":0},"end":{"line":538,"column":2}},"109":{"start":{"line":496,"column":2},"end":{"line":501,"column":13}},"110":{"start":{"line":506,"column":2},"end":{"line":508,"column":23}},"111":{"start":{"line":510,"column":2},"end":{"line":512,"column":3}},"112":{"start":{"line":511,"column":4},"end":{"line":511,"column":90}},"113":{"start":{"line":514,"column":2},"end":{"line":524,"column":3}},"114":{"start":{"line":515,"column":4},"end":{"line":523,"column":5}},"115":{"start":{"line":520,"column":6},"end":{"line":520,"column":28}},"116":{"start":{"line":521,"column":6},"end":{"line":521,"column":23}},"117":{"start":{"line":522,"column":6},"end":{"line":522,"column":22}},"118":{"start":{"line":526,"column":2},"end":{"line":528,"column":3}},"119":{"start":{"line":527,"column":4},"end":{"line":527,"column":26}},"120":{"start":{"line":534,"column":2},"end":{"line":534,"column":52}},"121":{"start":{"line":535,"column":2},"end":{"line":537,"column":3}},"122":{"start":{"line":536,"column":4},"end":{"line":536,"column":45}},"123":{"start":{"line":545,"column":0},"end":{"line":553,"column":2}},"124":{"start":{"line":546,"column":2},"end":{"line":546,"column":18}},"125":{"start":{"line":548,"column":2},"end":{"line":552,"column":22}},"126":{"start":{"line":549,"column":4},"end":{"line":549,"column":40}},"127":{"start":{"line":551,"column":4},"end":{"line":551,"column":75}}},"branchMap":{"1":{"line":234,"type":"if","locations":[{"start":{"line":234,"column":2},"end":{"line":234,"column":2}},{"start":{"line":234,"column":2},"end":{"line":234,"column":2}}]},"2":{"line":240,"type":"binary-expr","locations":[{"start":{"line":240,"column":16},"end":{"line":240,"column":23}},{"start":{"line":240,"column":27},"end":{"line":240,"column":29}}]},"3":{"line":242,"type":"binary-expr","locations":[{"start":{"line":242,"column":14},"end":{"line":242,"column":41}},{"start":{"line":242,"column":45},"end":{"line":242,"column":47}}]},"4":{"line":249,"type":"if","locations":[{"start":{"line":249,"column":4},"end":{"line":249,"column":4}},{"start":{"line":249,"column":4},"end":{"line":249,"column":4}}]},"5":{"line":254,"type":"if","locations":[{"start":{"line":254,"column":6},"end":{"line":254,"column":6}},{"start":{"line":254,"column":6},"end":{"line":254,"column":6}}]},"6":{"line":272,"type":"if","locations":[{"start":{"line":272,"column":6},"end":{"line":272,"column":6}},{"start":{"line":272,"column":6},"end":{"line":272,"column":6}}]},"7":{"line":273,"type":"binary-expr","locations":[{"start":{"line":273,"column":17},"end":{"line":273,"column":20}},{"start":{"line":273,"column":24},"end":{"line":273,"column":30}}]},"8":{"line":274,"type":"if","locations":[{"start":{"line":274,"column":8},"end":{"line":274,"column":8}},{"start":{"line":274,"column":8},"end":{"line":274,"column":8}}]},"9":{"line":289,"type":"if","locations":[{"start":{"line":289,"column":2},"end":{"line":289,"column":2}},{"start":{"line":289,"column":2},"end":{"line":289,"column":2}}]},"10":{"line":319,"type":"binary-expr","locations":[{"start":{"line":319,"column":16},"end":{"line":319,"column":23}},{"start":{"line":319,"column":27},"end":{"line":319,"column":29}}]},"11":{"line":324,"type":"if","locations":[{"start":{"line":324,"column":2},"end":{"line":324,"column":2}},{"start":{"line":324,"column":2},"end":{"line":324,"column":2}}]},"12":{"line":327,"type":"if","locations":[{"start":{"line":327,"column":4},"end":{"line":327,"column":4}},{"start":{"line":327,"column":4},"end":{"line":327,"column":4}}]},"13":{"line":327,"type":"binary-expr","locations":[{"start":{"line":327,"column":8},"end":{"line":327,"column":17}},{"start":{"line":327,"column":21},"end":{"line":327,"column":37}}]},"14":{"line":349,"type":"if","locations":[{"start":{"line":349,"column":4},"end":{"line":349,"column":4}},{"start":{"line":349,"column":4},"end":{"line":349,"column":4}}]},"15":{"line":354,"type":"binary-expr","locations":[{"start":{"line":354,"column":22},"end":{"line":354,"column":35}},{"start":{"line":354,"column":39},"end":{"line":354,"column":41}}]},"16":{"line":360,"type":"binary-expr","locations":[{"start":{"line":360,"column":22},"end":{"line":360,"column":35}},{"start":{"line":360,"column":39},"end":{"line":360,"column":41}}]},"17":{"line":380,"type":"if","locations":[{"start":{"line":380,"column":4},"end":{"line":380,"column":4}},{"start":{"line":380,"column":4},"end":{"line":380,"column":4}}]},"18":{"line":388,"type":"binary-expr","locations":[{"start":{"line":388,"column":27},"end":{"line":388,"column":49}},{"start":{"line":388,"column":53},"end":{"line":388,"column":55}}]},"19":{"line":395,"type":"if","locations":[{"start":{"line":395,"column":2},"end":{"line":395,"column":2}},{"start":{"line":395,"column":2},"end":{"line":395,"column":2}}]},"20":{"line":409,"type":"if","locations":[{"start":{"line":409,"column":2},"end":{"line":409,"column":2}},{"start":{"line":409,"column":2},"end":{"line":409,"column":2}}]},"21":{"line":412,"type":"if","locations":[{"start":{"line":412,"column":6},"end":{"line":412,"column":6}},{"start":{"line":412,"column":6},"end":{"line":412,"column":6}}]},"22":{"line":420,"type":"if","locations":[{"start":{"line":420,"column":6},"end":{"line":420,"column":6}},{"start":{"line":420,"column":6},"end":{"line":420,"column":6}}]},"23":{"line":458,"type":"if","locations":[{"start":{"line":458,"column":2},"end":{"line":458,"column":2}},{"start":{"line":458,"column":2},"end":{"line":458,"column":2}}]},"24":{"line":464,"type":"cond-expr","locations":[{"start":{"line":464,"column":61},"end":{"line":464,"column":71}},{"start":{"line":464,"column":74},"end":{"line":464,"column":78}}]},"25":{"line":465,"type":"cond-expr","locations":[{"start":{"line":465,"column":59},"end":{"line":465,"column":69}},{"start":{"line":465,"column":72},"end":{"line":465,"column":74}}]},"26":{"line":466,"type":"cond-expr","locations":[{"start":{"line":466,"column":35},"end":{"line":466,"column":42}},{"start":{"line":466,"column":45},"end":{"line":466,"column":47}}]},"27":{"line":506,"type":"cond-expr","locations":[{"start":{"line":507,"column":6},"end":{"line":507,"column":27}},{"start":{"line":508,"column":6},"end":{"line":508,"column":22}}]},"28":{"line":511,"type":"binary-expr","locations":[{"start":{"line":511,"column":52},"end":{"line":511,"column":63}},{"start":{"line":511,"column":67},"end":{"line":511,"column":70}}]},"29":{"line":515,"type":"if","locations":[{"start":{"line":515,"column":4},"end":{"line":515,"column":4}},{"start":{"line":515,"column":4},"end":{"line":515,"column":4}}]},"30":{"line":515,"type":"binary-expr","locations":[{"start":{"line":515,"column":8},"end":{"line":515,"column":14}},{"start":{"line":515,"column":18},"end":{"line":515,"column":28}}]},"31":{"line":526,"type":"if","locations":[{"start":{"line":526,"column":2},"end":{"line":526,"column":2}},{"start":{"line":526,"column":2},"end":{"line":526,"column":2}}]},"32":{"line":526,"type":"binary-expr","locations":[{"start":{"line":526,"column":6},"end":{"line":526,"column":15}},{"start":{"line":526,"column":19},"end":{"line":526,"column":40}}]},"33":{"line":535,"type":"if","locations":[{"start":{"line":535,"column":2},"end":{"line":535,"column":2}},{"start":{"line":535,"column":2},"end":{"line":535,"column":2}}]},"34":{"line":551,"type":"binary-expr","locations":[{"start":{"line":551,"column":11},"end":{"line":551,"column":49}},{"start":{"line":551,"column":53},"end":{"line":551,"column":74}}]}}},"/Users/charlie/Git/winstonjs/winston/lib/winston/log-stream.js":{"path":"/Users/charlie/Git/winstonjs/winston/lib/winston/log-stream.js","s":{"1":1,"2":1,"3":12,"4":12,"5":12,"6":12,"7":12,"8":12,"9":12,"10":12,"11":5,"12":5,"13":12,"14":0,"15":0,"16":12,"17":12,"18":4,"19":4,"20":4,"21":12,"22":0,"23":1,"24":1,"25":12,"26":12,"27":1,"28":4,"29":1,"30":4,"31":4,"32":1,"33":4,"34":4,"35":0,"36":0,"37":0,"38":0,"39":0,"40":1,"41":12,"42":12,"43":11,"44":0,"45":11,"46":11,"47":11,"48":1,"49":0,"50":0,"51":1,"52":1,"53":1,"54":1,"55":1,"56":1,"57":1,"58":1,"59":0,"60":0,"61":1,"62":1,"63":1,"64":11,"65":1,"66":0,"67":11,"68":11,"69":11},"b":{"1":[12,6],"2":[12,11],"3":[12,11],"4":[1,11],"5":[5,7],"6":[0,12],"7":[12,12,12,12,12,12],"8":[0,12],"9":[1,3],"10":[4,2],"11":[4,0],"12":[0,0],"13":[3,9],"14":[0,11],"15":[11,11],"16":[11,0]},"f":{"1":12,"2":5,"3":4,"4":12,"5":4,"6":4,"7":12,"8":0,"9":1,"10":1,"11":0,"12":0,"13":0,"14":11,"15":0},"fnMap":{"1":{"name":"LogStream","line":10,"loc":{"start":{"line":10,"column":33},"end":{"line":10,"column":62}}},"2":{"name":"(anonymous_2)","line":31,"loc":{"start":{"line":31,"column":31},"end":{"line":31,"column":52}}},"3":{"name":"(anonymous_3)","line":53,"loc":{"start":{"line":53,"column":29},"end":{"line":53,"column":41}}},"4":{"name":"(anonymous_4)","line":75,"loc":{"start":{"line":75,"column":32},"end":{"line":75,"column":50}}},"5":{"name":"(anonymous_5)","line":86,"loc":{"start":{"line":86,"column":33},"end":{"line":86,"column":64}}},"6":{"name":"(anonymous_6)","line":123,"loc":{"start":{"line":123,"column":26},"end":{"line":123,"column":54}}},"7":{"name":"(anonymous_7)","line":149,"loc":{"start":{"line":149,"column":26},"end":{"line":149,"column":47}}},"8":{"name":"(anonymous_8)","line":185,"loc":{"start":{"line":185,"column":29},"end":{"line":185,"column":50}}},"9":{"name":"(anonymous_9)","line":194,"loc":{"start":{"line":194,"column":28},"end":{"line":194,"column":40}}},"10":{"name":"(anonymous_10)","line":204,"loc":{"start":{"line":204,"column":28},"end":{"line":204,"column":40}}},"11":{"name":"(anonymous_11)","line":213,"loc":{"start":{"line":213,"column":26},"end":{"line":213,"column":38}}},"12":{"name":"(anonymous_12)","line":222,"loc":{"start":{"line":222,"column":28},"end":{"line":222,"column":40}}},"13":{"name":"(anonymous_13)","line":226,"loc":{"start":{"line":226,"column":29},"end":{"line":226,"column":41}}},"14":{"name":"(anonymous_14)","line":237,"loc":{"start":{"line":237,"column":31},"end":{"line":237,"column":52}}},"15":{"name":"transportError","line":240,"loc":{"start":{"line":240,"column":2},"end":{"line":240,"column":31}}}},"statementMap":{"1":{"start":{"line":3,"column":0},"end":{"line":8,"column":33}},"2":{"start":{"line":10,"column":0},"end":{"line":63,"column":2}},"3":{"start":{"line":11,"column":2},"end":{"line":11,"column":18}},"4":{"start":{"line":12,"column":2},"end":{"line":12,"column":52}},"5":{"start":{"line":18,"column":2},"end":{"line":18,"column":26}},"6":{"start":{"line":19,"column":2},"end":{"line":19,"column":67}},"7":{"start":{"line":24,"column":2},"end":{"line":24,"column":33}},"8":{"start":{"line":25,"column":2},"end":{"line":25,"column":39}},"9":{"start":{"line":26,"column":2},"end":{"line":28,"column":11}},"10":{"start":{"line":30,"column":2},"end":{"line":34,"column":3}},"11":{"start":{"line":31,"column":4},"end":{"line":33,"column":7}},"12":{"start":{"line":32,"column":6},"end":{"line":32,"column":26}},"13":{"start":{"line":36,"column":2},"end":{"line":41,"column":3}},"14":{"start":{"line":38,"column":4},"end":{"line":38,"column":119}},"15":{"start":{"line":39,"column":4},"end":{"line":39,"column":67}},"16":{"start":{"line":51,"column":2},"end":{"line":51,"column":18}},"17":{"start":{"line":53,"column":2},"end":{"line":58,"column":5}},"18":{"start":{"line":54,"column":4},"end":{"line":54,"column":13}},"19":{"start":{"line":55,"column":4},"end":{"line":57,"column":5}},"20":{"start":{"line":56,"column":6},"end":{"line":56,"column":22}},"21":{"start":{"line":60,"column":2},"end":{"line":62,"column":3}},"22":{"start":{"line":61,"column":4},"end":{"line":61,"column":53}},"23":{"start":{"line":68,"column":0},"end":{"line":68,"column":43}},"24":{"start":{"line":75,"column":0},"end":{"line":79,"column":2}},"25":{"start":{"line":77,"column":2},"end":{"line":77,"column":46}},"26":{"start":{"line":78,"column":2},"end":{"line":78,"column":14}},"27":{"start":{"line":86,"column":0},"end":{"line":106,"column":2}},"28":{"start":{"line":92,"column":2},"end":{"line":94,"column":3}},"29":{"start":{"line":93,"column":4},"end":{"line":93,"column":58}},"30":{"start":{"line":104,"column":2},"end":{"line":104,"column":26}},"31":{"start":{"line":105,"column":2},"end":{"line":105,"column":13}},"32":{"start":{"line":123,"column":0},"end":{"line":142,"column":2}},"33":{"start":{"line":124,"column":2},"end":{"line":126,"column":3}},"34":{"start":{"line":125,"column":4},"end":{"line":125,"column":29}},"35":{"start":{"line":137,"column":2},"end":{"line":137,"column":20}},"36":{"start":{"line":138,"column":2},"end":{"line":138,"column":21}},"37":{"start":{"line":139,"column":2},"end":{"line":139,"column":21}},"38":{"start":{"line":140,"column":2},"end":{"line":140,"column":19}},"39":{"start":{"line":141,"column":2},"end":{"line":141,"column":14}},"40":{"start":{"line":149,"column":0},"end":{"line":178,"column":2}},"41":{"start":{"line":150,"column":2},"end":{"line":150,"column":18}},"42":{"start":{"line":160,"column":2},"end":{"line":162,"column":15}},"43":{"start":{"line":164,"column":2},"end":{"line":166,"column":3}},"44":{"start":{"line":165,"column":4},"end":{"line":165,"column":96}},"45":{"start":{"line":171,"column":2},"end":{"line":171,"column":24}},"46":{"start":{"line":172,"column":2},"end":{"line":172,"column":20}},"47":{"start":{"line":177,"column":2},"end":{"line":177,"column":14}},"48":{"start":{"line":185,"column":0},"end":{"line":188,"column":2}},"49":{"start":{"line":186,"column":2},"end":{"line":186,"column":25}},"50":{"start":{"line":187,"column":2},"end":{"line":187,"column":14}},"51":{"start":{"line":194,"column":0},"end":{"line":197,"column":2}},"52":{"start":{"line":195,"column":2},"end":{"line":195,"column":16}},"53":{"start":{"line":196,"column":2},"end":{"line":196,"column":14}},"54":{"start":{"line":204,"column":0},"end":{"line":208,"column":2}},"55":{"start":{"line":205,"column":2},"end":{"line":205,"column":15}},"56":{"start":{"line":206,"column":2},"end":{"line":206,"column":21}},"57":{"start":{"line":207,"column":2},"end":{"line":207,"column":14}},"58":{"start":{"line":213,"column":0},"end":{"line":217,"column":2}},"59":{"start":{"line":214,"column":2},"end":{"line":214,"column":63}},"60":{"start":{"line":215,"column":2},"end":{"line":215,"column":65}},"61":{"start":{"line":222,"column":0},"end":{"line":224,"column":2}},"62":{"start":{"line":226,"column":0},"end":{"line":228,"column":2}},"63":{"start":{"line":237,"column":0},"end":{"line":248,"column":2}},"64":{"start":{"line":238,"column":2},"end":{"line":238,"column":18}},"65":{"start":{"line":240,"column":2},"end":{"line":242,"column":3}},"66":{"start":{"line":241,"column":4},"end":{"line":241,"column":39}},"67":{"start":{"line":244,"column":2},"end":{"line":247,"column":3}},"68":{"start":{"line":245,"column":4},"end":{"line":245,"column":46}},"69":{"start":{"line":246,"column":4},"end":{"line":246,"column":52}}},"branchMap":{"1":{"line":18,"type":"binary-expr","locations":[{"start":{"line":18,"column":12},"end":{"line":18,"column":19}},{"start":{"line":18,"column":23},"end":{"line":18,"column":25}}]},"2":{"line":19,"type":"binary-expr","locations":[{"start":{"line":19,"column":17},"end":{"line":19,"column":31}},{"start":{"line":19,"column":35},"end":{"line":19,"column":65}}]},"3":{"line":25,"type":"binary-expr","locations":[{"start":{"line":25,"column":15},"end":{"line":25,"column":28}},{"start":{"line":25,"column":32},"end":{"line":25,"column":38}}]},"4":{"line":26,"type":"cond-expr","locations":[{"start":{"line":27,"column":6},"end":{"line":27,"column":25}},{"start":{"line":28,"column":6},"end":{"line":28,"column":10}}]},"5":{"line":30,"type":"if","locations":[{"start":{"line":30,"column":2},"end":{"line":30,"column":2}},{"start":{"line":30,"column":2},"end":{"line":30,"column":2}}]},"6":{"line":36,"type":"if","locations":[{"start":{"line":36,"column":2},"end":{"line":36,"column":2}},{"start":{"line":36,"column":2},"end":{"line":36,"column":2}}]},"7":{"line":36,"type":"binary-expr","locations":[{"start":{"line":36,"column":6},"end":{"line":36,"column":23}},{"start":{"line":36,"column":27},"end":{"line":36,"column":41}},{"start":{"line":36,"column":45},"end":{"line":36,"column":64}},{"start":{"line":37,"column":7},"end":{"line":37,"column":24}},{"start":{"line":37,"column":28},"end":{"line":37,"column":46}},{"start":{"line":37,"column":50},"end":{"line":37,"column":66}}]},"8":{"line":60,"type":"if","locations":[{"start":{"line":60,"column":2},"end":{"line":60,"column":2}},{"start":{"line":60,"column":2},"end":{"line":60,"column":2}}]},"9":{"line":92,"type":"if","locations":[{"start":{
[...]
:2},"end":{"line":91,"column":75}},"26":{"start":{"line":93,"column":2},"end":{"line":98,"column":9}},"27":{"start":{"line":94,"column":4},"end":{"line":94,"column":60}},"28":{"start":{"line":94,"column":34},"end":{"line":94,"column":58}},"29":{"start":{"line":96,"column":4},"end":{"line":96,"column":19}},"30":{"start":{"line":97,"column":4},"end":{"line":97,"column":15}}},"branchMap":{"1":{"line":23,"type":"binary-expr","locations":[{"start":{"line":23,"column":12},"end":{"line":23,"column":19}},{"start":{"line":23,"column":23},"end":{"line":23,"column":25}}]},"2":{"line":26,"type":"binary-expr","locations":[{"start":{"line":26,"column":22},"end":{"line":26,"column":33}},{"start":{"line":26,"column":39},"end":{"line":26,"column":45}}]},"3":{"line":36,"type":"if","locations":[{"start":{"line":36,"column":4},"end":{"line":36,"column":4}},{"start":{"line":36,"column":4},"end":{"line":36,"column":4}}]},"4":{"line":37,"type":"if","locations":[{"start":{"line":37,"column":6},"end":{"line":37,"column":6}},{"start":{"line":37,"column":6},"end":{"line":37,"column":6}}]},"5":{"line":48,"type":"if","locations":[{"start":{"line":48,"column":4},"end":{"line":48,"column":4}},{"start":{"line":48,"column":4},"end":{"line":48,"column":4}}]},"6":{"line":50,"type":"if","locations":[{"start":{"line":50,"column":11},"end":{"line":50,"column":11}},{"start":{"line":50,"column":11},"end":{"line":50,"column":11}}]},"7":{"line":77,"type":"if","locations":[{"start":{"line":77,"column":2},"end":{"line":77,"column":2}},{"start":{"line":77,"column":2},"end":{"line":77,"column":2}}]},"8":{"line":91,"type":"binary-expr","locations":[{"start":{"line":91,"column":11},"end":{"line":91,"column":17}},{"start":{"line":91,"column":21},"end":{"line":91,"column":74}}]},"9":{"line":94,"type":"if","locations":[{"start":{"line":94,"column":4},"end":{"line":94,"column":4}},{"start":{"line":94,"column":4},"end":{"line":94,"column":4}}]}}},"/Users/charlie/Git/winstonjs/winston/lib/winston/transports/http.js":{"path":"/Users/charlie/Git/winstonjs/winston/lib/winston/transports/http.js","s":{"1":1,"2":1,"3":1,"4":1,"5":1,"6":1,"7":1,"8":1,"9":1,"10":1,"11":1,"12":0,"13":1,"14":1,"15":1,"16":0,"17":0,"18":0,"19":0,"20":0,"21":0,"22":0,"23":0,"24":0,"25":0,"26":0,"27":1,"28":0,"29":0,"30":0,"31":0,"32":0,"33":0,"34":0,"35":0,"36":0,"37":0,"38":0,"39":0,"40":0,"41":0,"42":0,"43":0,"44":0,"45":0,"46":0,"47":0,"48":1,"49":0,"50":0,"51":0,"52":0,"53":0,"54":0,"55":0,"56":0,"57":0,"58":0,"59":0,"60":0,"61":0,"62":0,"63":0,"64":0,"65":0,"66":0,"67":0,"68":0,"69":0,"70":1,"71":0,"72":0,"73":0,"74":0,"75":0,"76":0,"77":0,"78":0,"79":0,"80":0,"81":0,"82":0,"83":0,"84":0,"85":0,"86":0,"87":0,"88":0,"89":0,"90":0,"91":0,"92":0,"93":0},"b":{"1":[1,0],"2":[1,1],"3":[1,1],"4":[0,1],"5":[0,0],"6":[0,0],"7":[0,0],"8":[0,0,0],"9":[0,0],"10":[0,0],"11":[0,0],"12":[0,0],"13":[0,0],"14":[0,0],"15":[0,0],"16":[0,0],"17":[0,0],"18":[0,0],"19":[0,0],"20":[0,0],"21":[0,0],"22":[0,0],"23":[0,0],"24":[0,0],"25":[0,0],"26":[0,0],"27":[0,0],"28":[0,0]},"f":{"1":1,"2":0,"3":0,"4":0,"5":0,"6":0,"7":0,"8":0,"9":0,"10":0,"11":0,"12":0},"fnMap":{"1":{"name":"(anonymous_1)","line":14,"loc":{"start":{"line":14,"column":28},"end":{"line":14,"column":47}}},"2":{"name":"(anonymous_2)","line":43,"loc":{"start":{"line":43,"column":26},"end":{"line":43,"column":55}}},"3":{"name":"(anonymous_3)","line":64,"loc":{"start":{"line":64,"column":21},"end":{"line":64,"column":36}}},"4":{"name":"(anonymous_4)","line":65,"loc":{"start":{"line":65,"column":18},"end":{"line":65,"column":30}}},"5":{"name":"(anonymous_5)","line":83,"loc":{"start":{"line":83,"column":21},"end":{"line":83,"column":59}}},"6":{"name":"(anonymous_6)","line":112,"loc":{"start":{"line":112,"column":25},"end":{"line":112,"column":45}}},"7":{"name":"(anonymous_7)","line":133,"loc":{"start":{"line":133,"column":23},"end":{"line":133,"column":52}}},"8":{"name":"(anonymous_8)","line":157,"loc":{"start":{"line":157,"column":25},"end":{"line":157,"column":51}}},"9":{"name":"(anonymous_9)","line":181,"loc":{"start":{"line":181,"column":24},"end":{"line":181,"column":43}}},"10":{"name":"(anonymous_10)","line":189,"loc":{"start":{"line":189,"column":19},"end":{"line":189,"column":31}}},"11":{"name":"(anonymous_11)","line":211,"loc":{"start":{"line":211,"column":17},"end":{"line":211,"column":33}}},"12":{"name":"(anonymous_12)","line":227,"loc":{"start":{"line":227,"column":18},"end":{"line":227,"column":33}}}},"statementMap":{"1":{"start":{"line":1,"column":0},"end":{"line":6,"column":39}},"2":{"start":{"line":14,"column":0},"end":{"line":28,"column":2}},"3":{"start":{"line":15,"column":2},"end":{"line":15,"column":32}},"4":{"start":{"line":16,"column":2},"end":{"line":16,"column":26}},"5":{"start":{"line":18,"column":2},"end":{"line":18,"column":21}},"6":{"start":{"line":19,"column":2},"end":{"line":19,"column":27}},"7":{"start":{"line":20,"column":2},"end":{"line":20,"column":42}},"8":{"start":{"line":21,"column":2},"end":{"line":21,"column":27}},"9":{"start":{"line":22,"column":2},"end":{"line":22,"column":27}},"10":{"start":{"line":23,"column":2},"end":{"line":23,"column":33}},"11":{"start":{"line":25,"column":2},"end":{"line":27,"column":3}},"12":{"start":{"line":26,"column":4},"end":{"line":26,"column":36}},"13":{"start":{"line":30,"column":0},"end":{"line":30,"column":31}},"14":{"start":{"line":35,"column":0},"end":{"line":35,"column":29}},"15":{"start":{"line":43,"column":0},"end":{"line":73,"column":2}},"16":{"start":{"line":44,"column":2},"end":{"line":44,"column":26}},"17":{"start":{"line":46,"column":2},"end":{"line":48,"column":10}},"18":{"start":{"line":50,"column":2},"end":{"line":50,"column":22}},"19":{"start":{"line":51,"column":2},"end":{"line":51,"column":22}},"20":{"start":{"line":54,"column":2},"end":{"line":61,"column":5}},"21":{"start":{"line":63,"column":2},"end":{"line":63,"column":28}},"22":{"start":{"line":64,"column":2},"end":{"line":70,"column":5}},"23":{"start":{"line":65,"column":4},"end":{"line":67,"column":7}},"24":{"start":{"line":66,"column":6},"end":{"line":66,"column":26}},"25":{"start":{"line":69,"column":4},"end":{"line":69,"column":17}},"26":{"start":{"line":72,"column":2},"end":{"line":72,"column":55}},"27":{"start":{"line":83,"column":0},"end":{"line":125,"column":2}},"28":{"start":{"line":84,"column":2},"end":{"line":84,"column":18}},"29":{"start":{"line":86,"column":2},"end":{"line":89,"column":3}},"30":{"start":{"line":87,"column":4},"end":{"line":87,"column":20}},"31":{"start":{"line":88,"column":4},"end":{"line":88,"column":14}},"32":{"start":{"line":91,"column":2},"end":{"line":98,"column":4}},"33":{"start":{"line":100,"column":2},"end":{"line":110,"column":3}},"34":{"start":{"line":101,"column":4},"end":{"line":104,"column":5}},"35":{"start":{"line":102,"column":6},"end":{"line":102,"column":31}},"36":{"start":{"line":103,"column":6},"end":{"line":103,"column":23}},"37":{"start":{"line":106,"column":4},"end":{"line":109,"column":5}},"38":{"start":{"line":107,"column":6},"end":{"line":107,"column":31}},"39":{"start":{"line":108,"column":6},"end":{"line":108,"column":23}},"40":{"start":{"line":112,"column":2},"end":{"line":124,"column":5}},"41":{"start":{"line":113,"column":4},"end":{"line":115,"column":5}},"42":{"start":{"line":114,"column":6},"end":{"line":114,"column":61}},"43":{"start":{"line":117,"column":4},"end":{"line":117,"column":34}},"44":{"start":{"line":117,"column":13},"end":{"line":117,"column":34}},"45":{"start":{"line":121,"column":4},"end":{"line":121,"column":24}},"46":{"start":{"line":123,"column":4},"end":{"line":123,"column":39}},"47":{"start":{"line":123,"column":18},"end":{"line":123,"column":39}},"48":{"start":{"line":133,"column":0},"end":{"line":174,"column":2}},"49":{"start":{"line":134,"column":2},"end":{"line":137,"column":3}},"50":{"start":{"line":135,"column":4},"end":{"line":135,"column":23}},"51":{"start":{"line":136,"column":4},"end":{"line":136,"column":17}},"52":{"start":{"line":139,"column":2},"end":{"line":140,"column":45}},"53":{"start":{"line":142,"column":2},"end":{"line":145,"column":4}},"54":{"start":{"line":147,"column":2},"end":{"line":150,"column":3}},"55":{"start":{"line":148,"column":4},"end":{"line":148,"column":39}},"56":{"start":{"line":149,"column":4},"end":{"line":149,"column":31}},"57":{"start":{"line":152,"column":2},"end":{"line":155,"column":3}},"58":{"start":{"line":153,"column":4},"end":{"line":153,"column":39}},"59":{"start":{"line":154,"column":4},"end":{"line":154,"column":31}},"60":{"start":{"line":157,"column":2},"end":{"line":173,"column":5}},"61":{"start":{"line":158,"column":4},"end":{"line":160,"column":5}},"62":{"start":{"line":159,"column":6},"end":{"line":159,"column":61}},"63":{"start":{"line":162,"column":4},"end":{"line":162,"column":34}},"64":{"start":{"line":162,"column":13},"end":{"line":162,"column":34}},"65":{"start":{"line":164,"column":4},"end":{"line":170,"column":5}},"66":{"start":{"line":165,"column":6},"end":{"line":169,"column":7}},"67":{"start":{"line":166,"column":8},"end":{"line":166,"column":32}},"68":{"start":{"line":168,"column":8},"end":{"line":168,"column":27}},"69":{"start":{"line":172,"column":4},"end":{"line":172,"column":25}},"70":{"start":{"line":181,"column":0},"end":{"line":232,"column":2}},"71":{"start":{"line":182,"column":2},"end":{"line":182,"column":26}},"72":{"start":{"line":184,"column":2},"end":{"line":187,"column":11}},"73":{"start":{"line":189,"column":2},"end":{"line":191,"column":4}},"74":{"start":{"line":190,"column":4},"end":{"line":190,"column":18}},"75":{"start":{"line":193,"column":2},"end":{"line":196,"column":4}},"76":{"start":{"line":198,"column":2},"end":{"line":201,"column":3}},"77":{"start":{"line":199,"column":4},"end":{"line":199,"column":39}},"78":{"start":{"line":200,"column":4},"end":{"line":200,"column":31}},"79":{"start":{"line":203,"column":2},"end":{"line":206,"column":3}},"80":{"start":{"line":204,"column":4},"end":{"line":204,"column":39}},"81":{"start":{"line":205,"column":4},"end":{"line":205,"column":31}},"82":{"start":{"line":208,"column":2},"end":{"line":208,"column":31}},"83":{"start":{"line":209,"column":2},"end":{"line":209,"column":12}},"84":{"start":{"line":211,"column":2},"end":{"line":225,"column":5}},"85":{"start":{"line":212,"column":4},"end":{"line":214,"column":14}},"86":{"start":{"line":216,"column":4},"end":{"line":222,"column":5}},"87":{"start":{"line":217,"column":6},"end":{"line":221,"column":7}},"88":{"start":{"line":218,"column":8},"end":{"line":218,"column":48}},"89":{"start":{"line":220,"column":8},"end":{"line":220,"column":32}},"90":{"start":{"line":224,"column":4},"end":{"line":224,"column":19}},"91":{"start":{"line":227,"column":2},"end":{"line":229,"column":5}},"92":{"start":{"line":228,"column":4},"end":{"line":228,"column":30}},"93":{"start":{"line":231,"column":2},"end":{"line":231,"column":16}}},"branchMap":{"1":{"line":16,"type":"binary-expr","locations":[{"start":{"line":16,"column":12},"end":{"line":16,"column":19}},{"start":{"line":16,"column":23},"end":{"line":16,"column":25}}]},"2":{"line":20,"type":"binary-expr","locations":[{"start":{"line":20,"column":14},"end":{"line":20,"column":26}},{"start":{"line":20,"column":30},"end":{"line":20,"column":41}}]},"3":{"line":23,"type":"binary-expr","locations":[{"start":{"line":23,"column":14},"end":{"line":23,"column":26}},{"start":{"line":23,"column":30},"end":{"line":23,"column":32}}]},"4":{"line":25,"type":"if","locations":[{"start":{"line":25,"column":2},"end":{"line":25,"column":2}},{"start":{"line":25,"column":2},"end":{"line":25,"column":2}}]},"5":{"line":26,"type":"cond-expr","locations":[{"start":{"line":26,"column":27},"end":{"line":26,"column":30}},{"start":{"line":26,"column":33},"end":{"line":26,"column":35}}]},"6":{"line":44,"type":"binary-expr","locations":[{"start":{"line":44,"column":12},"end":{"line":44,"column":19}},{"start":{"line":44,"column":23},"end":{"line":44,"column":25}}]},"7":{"line":46,"type":"binary-expr","locations":[{"start":{"line":46,"column":13},"end":{"line":46,"column":25}},{"start":{"line":46,"column":29},"end":{"line":46,"column":38}}]},"8":{"line":47,"type":"binary-expr","locations":[{"start":{"line":47,"column":13},"end":{"line":47,"column":25}},{"start":{"line":47,"column":29},"end":{"line":47,"column":38}},{"start":{"line":47,"column":42},"end":{"line":47,"column":44}}]},"9":{"line":54,"type":"cond-expr","locations":[{"start":{"line":54,"column":20},"end":{"line":54,"column":25}},{"start":{"line":54,"column":28},"end":{"line":54,"column":32}}]},"10":{"line":60,"type":"cond-expr","locations":[{"start":{"line":60,"column":19},"end":{"line":60,"column":54}},{"start":{"line":60,"column":57},"end":{"line":60,"column":59}}]},"11":{"line":86,"type":"if","locations":[{"start":{"line":86,"column":2},"end":{"line":86,"column":2}},{"start":{"line":86,"column":2},"end":{"line":86,"column":2}}]},"12":{"line":100,"type":"if","locations":[{"start":{"line":100,"column":2},"end":{"line":100,"column":2}},{"start":{"line":100,"column":2},"end":{"line":100,"column":2}}]},"13":{"line":101,"type":"if","locations":[{"start":{"line":101,"column":4},"end":{"line":101,"column":4}},{"start":{"line":101,"column":4},"end":{"line":101,"column":4}}]},"14":{"line":106,"type":"if","locations":[{"start":{"line":106,"column":4},"end":{"line":106,"column":4}},{"start":{"line":106,"column":4},"end":{"line":106,"column":4}}]},"15":{"line":113,"type":"if","locations":[{"start":{"line":113,"column":4},"end":{"line":113,"column":4}},{"start":{"line":113,"column":4},"end":{"line":113,"column":4}}]},"16":{"line":113,"type":"binary-expr","locations":[{"start":{"line":113,"column":8},"end":{"line":113,"column":11}},{"start":{"line":113,"column":15},"end":{"line":113,"column":37}}]},"17":{"line":117,"type":"if","locations":[{"start":{"line":117,"column":4},"end":{"line":117,"column":4}},{"start":{"line":117,"column":4},"end":{"line":117,"column":4}}]},"18":{"line":123,"type":"if","locations":[{"start":{"line":123,"column":4},"end":{"line":123,"column":4}},{"start":{"line":123,"column":4},"end":{"line":123,"column":4}}]},"19":{"line":134,"type":"if","locations":[{"start":{"line":134,"column":2},"end":{"line":134,"column":2}},{"start":{"line":134,"column":2},"end":{"line":134,"column":2}}]},"20":{"line":147,"type":"if","locations":[{"start":{"line":147,"column":2},"end":{"line":147,"column":2}},{"start":{"line":147,"column":2},"end":{"line":147,"column":2}}]},"21":{"line":152,"type":"if","locations":[{"start":{"line":152,"column":2},"end":{"line":152,"column":2}},{"start":{"line":152,"column":2},"end":{"line":152,"column":2}}]},"22":{"line":158,"type":"if","locations":[{"start":{"line":158,"column":4},"end":{"line":158,"column":4}},{"start":{"line":158,"column":4},"end":{"line":158,"column":4}}]},"23":{"line":158,"type":"binary-expr","locations":[{"start":{"line":158,"column":8},"end":{"line":158,"column":11}},{"start":{"line":158,"column":15},"end":{"line":158,"column":37}}]},"24":{"line":162,"type":"if","locations":[{"start":{"line":162,"column":4},"end":{"line":162,"column":4}},{"start":{"line":162,"column":4},"end":{"line":162,"column":4}}]},"25":{"line":164,"type":"if","locations":[{"start":{"line":164,"column":4},"end":{"line":164,"column":4}},{"start":{"line":164,"column":4},"end":{"line":164,"column":4}}]},"26":{"line":182,"type":"binary-expr","locations":[{"start":{"line":182,"column":12},"end":{"line":182,"column":19}},{"start":{"line":182,"column":23},"end":{"line":182,"column":25}}]},"27":{"line":198,"type":"if","locations":[{"start":{"line":198,"column":2},"end":{"line":198,"column":2}},{"start":{"line":198,"column":2},"end":{"line":198,"column":2}}]},"28":{"line":203,"type":"if","locations":[{"start":{"line":203,"column":2},"end":{"line":203,"column":2}},{"start":{"line":203,"column":2},"end":{"line":203,"column":2}}]}}},"/Users/charlie/Git/winstonjs/winston/lib/winston/formats/format.js":{"path":"/Users/charlie/Git/winstonjs/winston/lib/winston/formats/format.js","s":{"1":1,"2":1,"3":2,"4":0,"5":1,"6":12,"7":2,"8":2,"9":1,"10":12,"11":2,"12":2,"13":1,"14":12,"15":12,"16":1,"17":1,"18":4,"19":4,"20":4},"b":{"1":[0,2],"2":[12,12]},"f":{"1":2,"2":12,"3":12,"4":12,"5":4},"fnMap":{"1":{"name":"(anonymous_1)","line":10,"loc":{"start":{"line":10,"column":17},"end":{"line":10,"column":37}}},"2":{"name":"FormatWrap","line":19,"loc":{"start":{"line":19,"column":2},"end":{"line":19,"column":28}}},"3":{"name":"createFormatWrap","line":29,"loc":{"start":{"line":29,"column":2},"end":{"line":29,"column":34}}},"4":{"name":"Format","line":46,"loc":{"start":{"line":46,"column":0},"end":{"line":46,"column":25}}},"5":{"name":"(anonymous_5)","line":58,"loc":{"start":{"line":58,"column":30},"end":{"line":58,"column":55}}}},"statementMap":{"1":{"start":{"line":3,"column":0},"end":{"line":4,"column":27}},"2":{"start":{"line":10,"column":0},"end":{"line":39,"column":2}},"3":{"start":{"line":11,"column":2},"end":{"line":13,"column":3}},"4":{"start":{"line":12,"column":4},"end":{"line":12,"column":97}},"5":{"start":{"line":19,"column":2},"end":{"line":19,"column":56}},"6":{"start":{"line":19,"column":30},"end":{"line":19,"column":54}},"7":{"start":{"line":20,"column":2},"end":{"line":20,"column":36}},"8":{"start":{"line":21,"column":2},"end":{"line":21,"column":42}},"9":{"start":{"line":29,"column":2},"end":{"line":31,"column":3}},"10":{"start":{"line":30,"column":4},"end":{"line":30,"column":32}},"11":{"start":{"line":37,"column":2},"end":{"line":37,"column":39}},"12":{"start":{"line":38,"column":2},"end":{"line":38,"column":26}},"13":{"start":{"line":46,"column":0},"end":{"line":49,"column":1}},"14":{"start":{"line":47,"column":2},"end":{"line":47,"column":52}},"15":{"start":{"line":48,"column":2},"end":{"line":48,"column":31}},"16":{"start":{"line":51,"column":0},"end":{"line":51,"column":40}},"17":{"start":{"line":58,"column":0},"end":{"line":62,"column":2}},"18":{"start":{"line":59,"column":2},"end":{"line":59,"column":51}},"19":{"start":{"line":60,"column":2},"end":{"line":60,"column":23}},"20":{"start":{"line":61,"column":2},"end":{"line":61,"column":7}}},"branchMap":{"1":{"line":11,"type":"if","locations":[{"start":{"line":11,"column":2},"end":{"line":11,"column":2}},{"start":{"line":11,"column":2},"end":{"line":11,"column":2}}]},"2":{"line":48,"type":"binary-expr","locations":[{"start":{"line":48,"column":17},"end":{"line":48,"column":24}},{"start":{"line":48,"column":28},"end":{"line":48,"column":30}}]}}},"/Users/charlie/Git/winstonjs/winston/lib/winston/formats/default.js":{"path":"/Users/charlie/Git/winstonjs/winston/lib/winston/formats/default.js","s":{"1":1},"b":{},"f":{},"fnMap":{},"statementMap":{"1":{"start":{"line":7,"column":0},"end":{"line":7,"column":35}}},"branchMap":{}},"/Users/charlie/Git/winstonjs/winston/lib/winston/formats/json.js":{"path":"/Users/charlie/Git/winstonjs/winston/lib/winston/formats/json.js","s":{"1":1,"2":1,"3":4,"4":4,"5":1,"6":12},"b":{"1":[4,4],"2":[0,12]},"f":{"1":4,"2":12},"fnMap":{"1":{"name":"(anonymous_1)","line":10,"loc":{"start":{"line":10,"column":24},"end":{"line":10,"column":46}}},"2":{"name":"replacer","line":23,"loc":{"start":{"line":23,"column":0},"end":{"line":23,"column":30}}}},"statementMap":{"1":{"start":{"line":3,"column":0},"end":{"line":3,"column":33}},"2":{"start":{"line":10,"column":0},"end":{"line":17,"column":3}},"3":{"start":{"line":15,"column":2},"end":{"line":15,"column":73}},"4":{"start":{"line":16,"column":2},"end":{"line":16,"column":14}},"5":{"start":{"line":23,"column":0},"end":{"line":27,"column":1}},"6":{"start":{"line":24,"column":2},"end":{"line":26,"column":12}}},"branchMap":{"1":{"line":15,"type":"binary-expr","locations":[{"start":{"line":15,"column":34},"end":{"line":15,"column":47}},{"start":{"line":15,"column":51},"end":{"line":15,"column":59}}]},"2":{"line":24,"type":"cond-expr","locations":[{"start":{"line":25,"column":6},"end":{"line":25,"column":30}},{"start":{"line":26,"column":6},"end":{"line":26,"column":11}}]}}}}