TN:
SF:/Users/charlie/Git/winstonjs/winston/lib/winston.js
FN:85,(anonymous_1)
FN:86,(anonymous_2)
FN:97,(anonymous_3)
FN:116,(anonymous_4)
FN:126,(anonymous_5)
FN:129,(anonymous_6)
FN:132,(anonymous_7)
FN:142,(anonymous_8)
FN:144,(anonymous_9)
FN:147,(anonymous_10)
FN:159,(anonymous_11)
FNF:11
FNH:2
FNDA:14,(anonymous_1)
FNDA:0,(anonymous_2)
FNDA:0,(anonymous_3)
FNDA:0,(anonymous_4)
FNDA:0,(anonymous_5)
FNDA:0,(anonymous_6)
FNDA:0,(anonymous_7)
FNDA:5,(anonymous_8)
FNDA:0,(anonymous_9)
FNDA:0,(anonymous_10)
FNDA:0,(anonymous_11)
DA:9,1
DA:14,1
DA:19,1
DA:24,1
DA:25,1
DA:26,1
DA:27,1
DA:28,1
DA:29,1
DA:34,1
DA:35,1
DA:36,1
DA:37,1
DA:51,1
DA:61,1
DA:68,1
DA:84,1
DA:85,1
DA:86,14
DA:87,0
DA:97,1
DA:98,0
DA:99,0
DA:100,0
DA:101,0
DA:103,0
DA:104,0
DA:105,0
DA:108,0
DA:116,1
DA:117,0
DA:118,0
DA:125,1
DA:127,0
DA:130,0
DA:132,0
DA:133,0
DA:142,1
DA:143,5
DA:145,0
DA:148,0
DA:158,1
DA:160,0
LF:43
LH:25
BRDA:103,1,0,0
BRDA:103,1,1,0
BRF:2
BRH:0
end_of_record
TN:
SF:/Users/charlie/Git/winstonjs/winston/lib/winston/transports.js
FN:17,(anonymous_1)
FN:21,(anonymous_2)
FNF:2
FNH:2
FNDA:3,(anonymous_1)
FNDA:8,(anonymous_2)
DA:9,1
DA:14,1
DA:18,3
DA:22,8
DA:23,8
DA:27,3
LF:6
LH:6
BRF:0
BRH:0
end_of_record
TN:
SF:/Users/charlie/Git/winstonjs/winston/lib/winston/common.js
FN:26,(anonymous_1)
FN:29,(anonymous_2)
FN:43,(anonymous_3)
FN:51,(anonymous_4)
FN:66,(anonymous_5)
FN:69,(anonymous_6)
FN:79,(anonymous_7)
FN:89,(anonymous_8)
FN:136,(anonymous_9)
FN:206,(anonymous_10)
FN:273,(anonymous_11)
FN:281,(anonymous_12)
FN:292,(anonymous_13)
FN:349,(anonymous_14)
FN:362,(anonymous_15)
FN:368,(anonymous_16)
FN:379,read
FN:385,(anonymous_18)
FNF:18
FNH:2
FNDA:13,(anonymous_1)
FNDA:0,(anonymous_2)
FNDA:75,(anonymous_3)
FNDA:0,(anonymous_4)
FNDA:0,(anonymous_5)
FNDA:0,(anonymous_6)
FNDA:0,(anonymous_7)
FNDA:0,(anonymous_8)
FNDA:0,(anonymous_9)
FNDA:0,(anonymous_10)
FNDA:0,(anonymous_11)
FNDA:0,(anonymous_12)
FNDA:0,(anonymous_13)
FNDA:0,(anonymous_14)
FNDA:0,(anonymous_15)
FNDA:0,(anonymous_16)
FNDA:0,read
FNDA:0,(anonymous_18)
DA:9,1
DA:26,1
DA:27,13
DA:28,13
DA:29,0
DA:30,0
DA:34,13
DA:35,13
DA:36,0
DA:43,13
DA:46,75
DA:47,0
DA:48,0
DA:51,75
DA:53,0
DA:54,0
DA:58,13
DA:66,1
DA:67,0
DA:69,0
DA:79,1
DA:83,0
DA:85,0
DA:88,0
DA:89,0
DA:90,0
DA:93,0
DA:95,0
DA:96,0
DA:98,0
DA:99,0
DA:102,0
DA:103,0
DA:104,0
DA:106,0
DA:107,0
DA:109,0
DA:110,0
DA:112,0
DA:113,0
DA:117,0
DA:136,1
DA:137,0
DA:150,0
DA:151,0
DA:152,0
DA:154,0
DA:155,0
DA:162,0
DA:166,0
DA:172,0
DA:173,0
DA:174,0
DA:177,0
DA:178,0
DA:179,0
DA:181,0
DA:182,0
DA:183,0
DA:185,0
DA:187,0
DA:188,0
DA:189,0
DA:190,0
DA:193,0
DA:194,0
DA:195,0
DA:198,0
DA:199,0
DA:202,0
DA:203,0
DA:206,0
DA:207,0
DA:216,0
DA:217,0
DA:220,0
DA:221,0
DA:222,0
DA:227,0
DA:228,0
DA:229,0
DA:230,0
DA:234,0
DA:235,0
DA:236,0
DA:239,0
DA:240,0
DA:242,0
DA:243,0
DA:244,0
DA:245,0
DA:246,0
DA:247,0
DA:259,0
DA:260,0
DA:261,0
DA:262,0
DA:263,0
DA:265,0
DA:270,0
DA:273,1
DA:274,0
DA:281,1
DA:282,0
DA:292,1
DA:293,0
DA:294,0
DA:296,0
DA:297,0
DA:299,0
DA:300,0
DA:303,0
DA:304,0
DA:307,0
DA:308,0
DA:311,0
DA:315,0
DA:316,0
DA:317,0
DA:319,0
DA:320,0
DA:321,0
DA:322,0
DA:326,0
DA:328,0
DA:329,0
DA:332,0
DA:335,0
DA:336,0
DA:340,0
DA:349,1
DA:350,0
DA:357,0
DA:358,0
DA:361,0
DA:362,0
DA:363,0
DA:364,0
DA:365,0
DA:368,0
DA:369,0
DA:370,0
DA:371,0
DA:373,0
DA:375,0
DA:376,0
DA:379,0
DA:380,0
DA:381,0
DA:382,0
DA:385,0
DA:386,0
DA:387,0
DA:388,0
DA:390,0
DA:392,0
DA:393,0
DA:396,0
DA:397,0
DA:398,0
DA:399,0
DA:400,0
DA:402,0
DA:405,0
DA:406,0
DA:408,0
DA:411,0
DA:413,0
DA:414,0
DA:417,0
DA:421,0
DA:422,0
DA:423,0
DA:424,0
DA:426,0
DA:429,0
DA:432,0
DA:434,0
DA:436,0
DA:441,0
DA:442,0
DA:445,0
LF:182
LH:17
BRDA:28,1,0,0
BRDA:28,1,1,13
BRDA:34,2,0,13
BRDA:34,2,1,12
BRDA:35,3,0,0
BRDA:35,3,1,13
BRDA:46,4,0,0
BRDA:46,4,1,75
BRDA:85,5,0,0
BRDA:85,5,1,0
BRDA:95,6,0,0
BRDA:95,6,1,0
BRDA:98,7,0,0
BRDA:98,7,1,0
BRDA:103,8,0,0
BRDA:103,8,1,0
BRDA:106,9,0,0
BRDA:106,9,1,0
BRDA:109,10,0,0
BRDA:109,10,1,0
BRDA:110,11,0,0
BRDA:110,11,1,0
BRDA:112,12,0,0
BRDA:112,12,1,0
BRDA:137,13,0,0
BRDA:137,13,1,0
BRDA:140,14,0,0
BRDA:140,14,1,0
BRDA:141,15,0,0
BRDA:141,15,1,0
BRDA:142,16,0,0
BRDA:142,16,1,0
BRDA:142,17,0,0
BRDA:142,17,1,0
BRDA:142,17,2,0
BRDA:144,18,0,0
BRDA:144,18,1,0
BRDA:150,19,0,0
BRDA:150,19,1,0
BRDA:151,20,0,0
BRDA:151,20,1,0
BRDA:151,21,0,0
BRDA:151,21,1,0
BRDA:154,22,0,0
BRDA:154,22,1,0
BRDA:162,23,0,0
BRDA:162,23,1,0
BRDA:172,24,0,0
BRDA:172,24,1,0
BRDA:172,25,0,0
BRDA:172,25,1,0
BRDA:173,26,0,0
BRDA:173,26,1,0
BRDA:173,27,0,0
BRDA:173,27,1,0
BRDA:177,28,0,0
BRDA:177,28,1,0
BRDA:179,29,0,0
BRDA:179,29,1,0
BRDA:181,30,0,0
BRDA:181,30,1,0
BRDA:182,31,0,0
BRDA:182,31,1,0
BRDA:183,32,0,0
BRDA:183,32,1,0
BRDA:185,33,0,0
BRDA:185,33,1,0
BRDA:188,34,0,0
BRDA:188,34,1,0
BRDA:193,35,0,0
BRDA:193,35,1,0
BRDA:202,36,0,0
BRDA:202,36,1,0
BRDA:207,37,0,0
BRDA:207,37,1,0
BRDA:216,38,0,0
BRDA:216,38,1,0
BRDA:220,39,0,0
BRDA:220,39,1,0
BRDA:221,40,0,0
BRDA:221,40,1,0
BRDA:222,41,0,0
BRDA:222,41,1,0
BRDA:222,42,0,0
BRDA:222,42,1,0
BRDA:222,42,2,0
BRDA:227,43,0,0
BRDA:227,43,1,0
BRDA:228,44,0,0
BRDA:228,44,1,0
BRDA:228,45,0,0
BRDA:228,45,1,0
BRDA:229,46,0,0
BRDA:229,46,1,0
BRDA:230,47,0,0
BRDA:230,47,1,0
BRDA:230,48,0,0
BRDA:230,48,1,0
BRDA:234,49,0,0
BRDA:234,49,1,0
BRDA:234,50,0,0
BRDA:234,50,1,0
BRDA:235,51,0,0
BRDA:235,51,1,0
BRDA:235,52,0,0
BRDA:235,52,1,0
BRDA:235,52,2,0
BRDA:239,53,0,0
BRDA:239,53,1,0
BRDA:242,54,0,0
BRDA:242,54,1,0
BRDA:243,55,0,0
BRDA:243,55,1,0
BRDA:245,56,0,0
BRDA:245,56,1,0
BRDA:246,57,0,0
BRDA:246,57,1,0
BRDA:247,58,0,0
BRDA:247,58,1,0
BRDA:248,59,0,0
BRDA:248,59,1,0
BRDA:248,59,2,0
BRDA:248,59,3,0
BRDA:248,59,4,0
BRDA:248,59,5,0
BRDA:248,59,6,0
BRDA:274,60,0,0
BRDA:274,60,1,0
BRDA:293,61,0,0
BRDA:293,61,1,0
BRDA:296,62,0,0
BRDA:296,62,1,0
BRDA:299,63,0,0
BRDA:299,63,1,0
BRDA:303,64,0,0
BRDA:303,64,1,0
BRDA:304,65,0,0
BRDA:304,65,1,0
BRDA:307,66,0,0
BRDA:307,66,1,0
BRDA:308,67,0,0
BRDA:308,67,1,0
BRDA:316,68,0,0
BRDA:316,68,1,0
BRDA:321,69,0,0
BRDA:321,69,1,0
BRDA:328,70,0,0
BRDA:328,70,1,0
BRDA:335,71,0,0
BRDA:335,71,1,0
BRDA:357,72,0,0
BRDA:357,72,1,0
BRDA:369,73,0,0
BRDA:369,73,1,0
BRDA:370,74,0,0
BRDA:370,74,1,0
BRDA:380,75,0,0
BRDA:380,75,1,0
BRDA:386,76,0,0
BRDA:386,76,1,0
BRDA:387,77,0,0
BRDA:387,77,1,0
BRDA:396,78,0,0
BRDA:396,78,1,0
BRDA:397,79,0,0
BRDA:397,79,1,0
BRDA:398,80,0,0
BRDA:398,80,1,0
BRDA:398,81,0,0
BRDA:398,81,1,0
BRDA:399,82,0,0
BRDA:399,82,1,0
BRDA:413,83,0,0
BRDA:413,83,1,0
BRDA:422,84,0,0
BRDA:422,84,1,0
BRDA:422,85,0,0
BRDA:422,85,1,0
BRDA:423,86,0,0
BRDA:423,86,1,0
BRDA:441,87,0,0
BRDA:441,87,1,0
BRF:182
BRH:5
end_of_record
TN:
SF:/Users/charlie/Git/winstonjs/winston/lib/winston/config.js
FN:14,(anonymous_1)
FN:18,(anonymous_2)
FN:55,mixin
FN:58,(anonymous_4)
FNF:4
FNH:3
FNDA:3,(anonymous_1)
FNDA:0,(anonymous_2)
FNDA:3,mixin
FNDA:3,(anonymous_4)
DA:9,1
DA:11,1
DA:14,1
DA:15,3
DA:18,1
DA:19,0
DA:21,0
DA:22,0
DA:23,0
DA:24,0
DA:27,0
DA:28,0
DA:29,0
DA:30,0
DA:32,0
DA:35,0
DA:38,0
DA:44,1
DA:45,1
DA:46,1
DA:51,1
DA:52,1
DA:53,1
DA:55,1
DA:56,3
DA:58,3
DA:59,3
DA:60,3
DA:61,24
DA:64,3
LF:30
LH:18
BRDA:19,1,0,0
BRDA:19,1,1,0
BRDA:22,2,0,0
BRDA:22,2,1,0
BRDA:27,3,0,0
BRDA:27,3,1,0
BRF:6
BRH:0
end_of_record
TN:
SF:/Users/charlie/Git/winstonjs/winston/lib/winston/config/cli-config.js
FNF:0
FNH:0
DA:9,1
DA:11,1
DA:24,1
LF:3
LH:3
BRF:0
BRH:0
end_of_record
TN:
SF:/Users/charlie/Git/winstonjs/winston/lib/winston/config/npm-config.js
FNF:0
FNH:0
DA:9,1
DA:11,1
DA:20,1
LF:3
LH:3
BRF:0
BRH:0
end_of_record
TN:
SF:/Users/charlie/Git/winstonjs/winston/lib/winston/config/syslog-config.js
FNF:0
FNH:0
DA:9,1
DA:11,1
DA:22,1
LF:3
LH:3
BRF:0
BRH:0
end_of_record
TN:
SF:/Users/charlie/Git/winstonjs/winston/lib/winston/exception.js
FN:14,(anonymous_1)
FN:24,(anonymous_2)
FN:37,(anonymous_3)
FN:44,(anonymous_4)
FN:46,(anonymous_5)
FNF:5
FNH:4
FNDA:0,(anonymous_1)
FNDA:1,(anonymous_2)
FNDA:1,(anonymous_3)
FNDA:1,(anonymous_4)
FNDA:10,(anonymous_5)
DA:9,1
DA:12,1
DA:14,1
DA:15,0
DA:24,1
DA:25,1
DA:37,1
DA:38,1
DA:44,1
DA:45,1
DA:46,1
DA:47,10
LF:12
LH:11
BRDA:20,1,0,0
BRDA:20,1,1,0
BRDA:27,2,0,1
BRDA:27,2,1,0
BRDA:28,3,0,1
BRDA:28,3,1,0
BRDA:45,4,0,1
BRDA:45,4,1,0
BRF:8
BRH:3
end_of_record
TN:
SF:/Users/charlie/Git/winstonjs/winston/lib/winston/container.js
FN:19,(anonymous_1)
FN:31,(anonymous_2)
FN:50,(anonymous_3)
FN:64,(anonymous_4)
FN:74,(anonymous_5)
FN:77,removeLogger
FN:98,(anonymous_7)
FNF:7
FNH:7
FNDA:3,(anonymous_1)
FNDA:4,(anonymous_2)
FNDA:1,(anonymous_3)
FNDA:2,(anonymous_4)
FNDA:1,(anonymous_5)
FNDA:1,removeLogger
FNDA:2,(anonymous_7)
DA:9,1
DA:19,1
DA:20,3
DA:21,3
DA:31,1
DA:32,4
DA:35,4
DA:40,3
DA:41,3
DA:47,3
DA:49,3
DA:50,3
DA:51,1
DA:55,4
DA:64,1
DA:65,2
DA:74,1
DA:75,1
DA:77,1
DA:78,1
DA:79,0
DA:82,1
DA:83,1
DA:86,1
DA:87,1
DA:90,0
DA:98,1
DA:99,2
LF:28
LH:26
BRDA:21,1,0,3
BRDA:21,1,1,2
BRDA:35,2,0,3
BRDA:35,2,1,1
BRDA:40,3,0,3
BRDA:40,3,1,3
BRDA:41,4,0,3
BRDA:41,4,1,1
BRDA:47,5,0,2
BRDA:47,5,1,1
BRDA:78,6,0,0
BRDA:78,6,1,1
BRDA:86,7,0,1
BRDA:86,7,1,0
BRF:14
BRH:12
end_of_record
TN:
SF:/Users/charlie/Git/winstonjs/winston/lib/winston/logger.js
FN:25,(anonymous_1)
FN:42,(anonymous_2)
FN:233,(anonymous_3)
FN:248,queryTransport
FN:253,(anonymous_5)
FN:266,addResults
FN:267,(anonymous_7)
FN:297,(anonymous_8)
FN:299,(anonymous_9)
FN:307,(anonymous_10)
FN:317,(anonymous_11)
FN:333,(anonymous_12)
FN:341,(anonymous_13)
FN:343,(anonymous_14)
FN:347,(anonymous_15)
FN:353,(anonymous_16)
FN:359,(anonymous_17)
FN:374,(anonymous_18)
FN:379,(anonymous_19)
FN:389,(anonymous_20)
FN:406,(anonymous_21)
FN:410,(anonymous_22)
FN:418,(anonymous_23)
FN:440,(anonymous_24)
FN:454,(anonymous_25)
FN:484,(anonymous_26)
FN:495,(anonymous_27)
FN:510,logAndWait
FN:514,gracefulExit
FN:545,(anonymous_30)
FN:548,(anonymous_31)
FN:550,(anonymous_32)
FNF:32
FNH:2
FNDA:1,(anonymous_1)
FNDA:1,(anonymous_2)
FNDA:0,(anonymous_3)
FNDA:0,queryTransport
FNDA:0,(anonymous_5)
FNDA:0,addResults
FNDA:0,(anonymous_7)
FNDA:0,(anonymous_8)
FNDA:0,(anonymous_9)
FNDA:0,(anonymous_10)
FNDA:0,(anonymous_11)
FNDA:0,(anonymous_12)
FNDA:0,(anonymous_13)
FNDA:0,(anonymous_14)
FNDA:0,(anonymous_15)
FNDA:0,(anonymous_16)
FNDA:0,(anonymous_17)
FNDA:0,(anonymous_18)
FNDA:0,(anonymous_19)
FNDA:0,(anonymous_20)
FNDA:0,(anonymous_21)
FNDA:0,(anonymous_22)
FNDA:0,(anonymous_23)
FNDA:0,(anonymous_24)
FNDA:0,(anonymous_25)
FNDA:0,(anonymous_26)
FNDA:0,(anonymous_27)
FNDA:0,logAndWait
FNDA:0,gracefulExit
FNDA:0,(anonymous_30)
FNDA:0,(anonymous_31)
FNDA:0,(anonymous_32)
DA:9,1
DA:17,1
DA:25,1
DA:27,1
DA:33,1
DA:42,1
DA:233,1
DA:234,0
DA:235,0
DA:236,0
DA:239,0
DA:248,1
DA:249,0
DA:250,0
DA:253,0
DA:254,0
DA:255,0
DA:258,0
DA:266,1
DA:267,0
DA:272,0
DA:273,0
DA:274,0
DA:275,0
DA:278,0
DA:281,0
DA:289,0
DA:290,0
DA:291,0
DA:297,0
DA:298,0
DA:300,0
DA:307,0
DA:308,0
DA:317,1
DA:318,0
DA:324,0
DA:325,0
DA:326,0
DA:327,0
DA:328,0
DA:332,0
DA:333,0
DA:334,0
DA:335,0
DA:341,0
DA:342,0
DA:344,0
DA:347,0
DA:348,0
DA:349,0
DA:351,0
DA:353,0
DA:354,0
DA:355,0
DA:356,0
DA:359,0
DA:360,0
DA:361,0
DA:362,0
DA:366,0
DA:374,1
DA:375,0
DA:379,0
DA:380,0
DA:381,0
DA:384,0
DA:388,0
DA:389,0
DA:390,0
DA:393,0
DA:395,0
DA:396,0
DA:397,0
DA:406,1
DA:407,0
DA:409,0
DA:410,0
DA:411,0
DA:412,0
DA:413,0
DA:417,0
DA:418,0
DA:419,0
DA:420,0
DA:421,0
DA:425,0
DA:426,0
DA:440,1
DA:441,0
DA:454,1
DA:455,0
DA:458,0
DA:459,0
DA:460,0
DA:463,0
DA:464,0
DA:465,0
DA:466,0
DA:469,0
DA:470,0
DA:473,0
DA:476,0
DA:484,1
DA:485,0
DA:495,1
DA:496,0
DA:506,0
DA:510,1
DA:511,0
DA:514,1
DA:515,0
DA:520,0
DA:521,0
DA:522,0
DA:526,0
DA:527,0
DA:534,0
DA:535,0
DA:536,0
DA:545,1
DA:546,0
DA:548,0
DA:549,0
DA:551,0
LF:125
LH:19
BRDA:234,1,0,0
BRDA:234,1,1,0
BRDA:240,2,0,0
BRDA:240,2,1,0
BRDA:242,3,0,0
BRDA:242,3,1,0
BRDA:249,4,0,0
BRDA:249,4,1,0
BRDA:254,5,0,0
BRDA:254,5,1,0
BRDA:272,6,0,0
BRDA:272,6,1,0
BRDA:273,7,0,0
BRDA:273,7,1,0
BRDA:274,8,0,0
BRDA:274,8,1,0
BRDA:289,9,0,0
BRDA:289,9,1,0
BRDA:319,10,0,0
BRDA:319,10,1,0
BRDA:324,11,0,0
BRDA:324,11,1,0
BRDA:327,12,0,0
BRDA:327,12,1,0
BRDA:327,13,0,0
BRDA:327,13,1,0
BRDA:349,14,0,0
BRDA:349,14,1,0
BRDA:354,15,0,0
BRDA:354,15,1,0
BRDA:360,16,0,0
BRDA:360,16,1,0
BRDA:380,17,0,0
BRDA:380,17,1,0
BRDA:388,18,0,0
BRDA:388,18,1,0
BRDA:395,19,0,0
BRDA:395,19,1,0
BRDA:409,20,0,0
BRDA:409,20,1,0
BRDA:412,21,0,0
BRDA:412,21,1,0
BRDA:420,22,0,0
BRDA:420,22,1,0
BRDA:458,23,0,0
BRDA:458,23,1,0
BRDA:464,24,0,0
BRDA:464,24,1,0
BRDA:465,25,0,0
BRDA:465,25,1,0
BRDA:466,26,0,0
BRDA:466,26,1,0
BRDA:506,27,0,0
BRDA:506,27,1,0
BRDA:511,28,0,0
BRDA:511,28,1,0
BRDA:515,29,0,0
BRDA:515,29,1,0
BRDA:515,30,0,0
BRDA:515,30,1,0
BRDA:526,31,0,0
BRDA:526,31,1,0
BRDA:526,32,0,0
BRDA:526,32,1,0
BRDA:535,33,0,0
BRDA:535,33,1,0
BRDA:551,34,0,0
BRDA:551,34,1,0
BRF:68
BRH:0
end_of_record
TN:
SF:/Users/charlie/Git/winstonjs/winston/lib/winston/log-stream.js
FN:10,LogStream
FN:31,(anonymous_2)
FN:53,(anonymous_3)
FN:75,(anonymous_4)
FN:86,(anonymous_5)
FN:123,(anonymous_6)
FN:149,(anonymous_7)
FN:185,(anonymous_8)
FN:194,(anonymous_9)
FN:204,(anonymous_10)
FN:213,(anonymous_11)
FN:222,(anonymous_12)
FN:226,(anonymous_13)
FN:237,(anonymous_14)
FN:240,transportError
FNF:15
FNH:10
FNDA:12,LogStream
FNDA:5,(anonymous_2)
FNDA:4,(anonymous_3)
FNDA:12,(anonymous_4)
FNDA:4,(anonymous_5)
FNDA:4,(anonymous_6)
FNDA:12,(anonymous_7)
FNDA:0,(anonymous_8)
FNDA:1,(anonymous_9)
FNDA:1,(anonymous_10)
FNDA:0,(anonymous_11)
FNDA:0,(anonymous_12)
FNDA:0,(anonymous_13)
FNDA:11,(anonymous_14)
FNDA:0,transportError
DA:3,1
DA:10,1
DA:11,12
DA:12,12
DA:18,12
DA:19,12
DA:24,12
DA:25,12
DA:26,12
DA:30,12
DA:31,5
DA:32,5
DA:36,12
DA:38,0
DA:39,0
DA:51,12
DA:53,12
DA:54,4
DA:55,4
DA:56,4
DA:60,12
DA:61,0
DA:68,1
DA:75,1
DA:77,12
DA:78,12
DA:86,1
DA:92,4
DA:93,1
DA:104,4
DA:105,4
DA:123,1
DA:124,4
DA:125,4
DA:137,0
DA:138,0
DA:139,0
DA:140,0
DA:141,0
DA:149,1
DA:150,12
DA:160,12
DA:164,11
DA:165,0
DA:171,11
DA:172,11
DA:177,11
DA:185,1
DA:186,0
DA:187,0
DA:194,1
DA:195,1
DA:196,1
DA:204,1
DA:205,1
DA:206,1
DA:207,1
DA:213,1
DA:214,0
DA:215,0
DA:222,1
DA:226,1
DA:237,1
DA:238,11
DA:240,1
DA:241,0
DA:244,11
DA:245,11
DA:246,11
LF:69
LH:55
BRDA:18,1,0,12
BRDA:18,1,1,6
BRDA:19,2,0,12
BRDA:19,2,1,11
BRDA:25,3,0,12
BRDA:25,3,1,11
BRDA:26,4,0,1
BRDA:26,4,1,11
BRDA:30,5,0,5
BRDA:30,5,1,7
BRDA:36,6,0,0
BRDA:36,6,1,12
BRDA:36,7,0,12
BRDA:36,7,1,12
BRDA:36,7,2,12
BRDA:36,7,3,12
BRDA:36,7,4,12
BRDA:36,7,5,12
BRDA:60,8,0,0
BRDA:60,8,1,12
BRDA:92,9,0,1
BRDA:92,9,1,3
BRDA:92,10,0,4
BRDA:92,10,1,2
BRDA:124,11,0,4
BRDA:124,11,1,0
BRDA:137,12,0,0
BRDA:137,12,1,0
BRDA:160,13,0,3
BRDA:160,13,1,9
BRDA:164,14,0,0
BRDA:164,14,1,11
BRDA:164,15,0,11
BRDA:164,15,1,11
BRDA:244,16,0,11
BRDA:244,16,1,0
BRF:36
BRH:29
end_of_record
TN:
SF:/Users/charlie/Git/winstonjs/winston/lib/winston/transport-stream.js
FN:6,TransportStream
FN:18,(anonymous_2)
FN:31,(anonymous_3)
FN:55,(anonymous_4)
FNF:4
FNH:3
FNDA:13,TransportStream
FNDA:11,(anonymous_2)
FNDA:0,(anonymous_3)
FNDA:5,(anonymous_4)
DA:3,1
DA:6,1
DA:7,13
DA:8,13
DA:9,13
DA:10,13
DA:11,13
DA:13,13
DA:18,13
DA:19,11
DA:20,11
DA:25,11
DA:31,13
DA:36,0
DA:42,0
DA:43,0
DA:49,1
DA:55,1
DA:60,5
DA:61,3
DA:64,5
LF:21
LH:18
BRDA:8,1,0,13
BRDA:8,1,1,5
BRDA:11,2,0,13
BRDA:11,2,1,8
BRDA:20,3,0,11
BRDA:20,3,1,7
BRDA:36,4,0,0
BRDA:36,4,1,0
BRDA:42,5,0,0
BRDA:42,5,1,0
BRDA:60,6,0,3
BRDA:60,6,1,2
BRDA:60,7,0,5
BRDA:60,7,1,5
BRF:14
BRH:10
end_of_record
TN:
SF:/Users/charlie/Git/winstonjs/winston/lib/winston/legacy-transport-stream.js
FN:6,LegacyTransportStream
FN:29,transportError
FN:45,(anonymous_3)
FN:63,(anonymous_4)
FNF:4
FNH:1
FNDA:3,LegacyTransportStream
FNDA:0,transportError
FNDA:0,(anonymous_3)
FNDA:0,(anonymous_4)
DA:3,1
DA:6,1
DA:7,3
DA:8,3
DA:10,3
DA:16,3
DA:17,3
DA:19,3
DA:20,1
DA:23,2
DA:29,1
DA:30,0
DA:33,2
DA:34,1
DA:35,1
DA:39,1
DA:45,1
DA:52,0
DA:53,0
DA:56,0
DA:63,1
DA:64,0
DA:65,0
LF:23
LH:17
BRDA:7,1,0,3
BRDA:7,1,1,0
BRDA:19,2,0,1
BRDA:19,2,1,2
BRDA:33,3,0,1
BRDA:33,3,1,1
BRDA:52,4,0,0
BRDA:52,4,1,0
BRDA:52,5,0,0
BRDA:52,5,1,0
BRDA:64,6,0,0
BRDA:64,6,1,0
BRF:12
BRH:5
end_of_record
TN:
SF:/Users/charlie/Git/winstonjs/winston/lib/winston/transports/transport.js
FN:18,(anonymous_1)
FN:50,(anonymous_2)
FN:59,(anonymous_3)
FN:102,(anonymous_4)
FN:115,(anonymous_5)
FN:123,onComplete
FN:134,(anonymous_7)
FNF:7
FNH:1
FNDA:1,(anonymous_1)
FNDA:0,(anonymous_2)
FNDA:0,(anonymous_3)
FNDA:0,(anonymous_4)
FNDA:0,(anonymous_5)
FNDA:0,onComplete
FNDA:0,(anonymous_7)
DA:9,1
DA:18,1
DA:19,1
DA:21,1
DA:22,1
DA:23,1
DA:24,1
DA:25,1
DA:32,1
DA:34,1
DA:35,1
DA:36,1
DA:42,1
DA:50,1
DA:51,0
DA:59,1
DA:65,0
DA:68,0
DA:71,0
DA:74,0
DA:75,0
DA:76,0
DA:80,0
DA:81,0
DA:82,0
DA:87,0
DA:90,0
DA:92,0
DA:102,1
DA:103,0
DA:115,1
DA:116,0
DA:119,0
DA:120,0
DA:123,1
DA:124,0
DA:125,0
DA:126,0
DA:127,0
DA:128,0
DA:132,0
DA:133,0
DA:134,0
LF:43
LH:18
BRDA:21,1,0,1
BRDA:21,1,1,0
BRDA:22,2,0,1
BRDA:22,2,1,1
BRDA:23,3,0,1
BRDA:23,3,1,1
BRDA:24,4,0,1
BRDA:24,4,1,1
BRDA:34,5,0,1
BRDA:34,5,1,1
BRDA:35,6,0,1
BRDA:35,6,1,1
BRDA:36,7,0,1
BRDA:36,7,1,1
BRDA:65,8,0,0
BRDA:65,8,1,0
BRDA:68,9,0,0
BRDA:68,9,1,0
BRDA:68,9,2,0
BRDA:71,10,0,0
BRDA:71,10,1,0
BRDA:74,11,0,0
BRDA:74,11,1,0
BRDA:75,12,0,0
BRDA:75,12,1,0
BRDA:80,13,0,0
BRDA:80,13,1,0
BRDA:81,14,0,0
BRDA:81,14,1,0
BRDA:87,15,0,0
BRDA:87,15,1,0
BRDA:119,16,0,0
BRDA:119,16,1,0
BRDA:124,17,0,0
BRDA:124,17,1,0
BRF:35
BRH:13
end_of_record
TN:
SF:/Users/charlie/Git/winstonjs/winston/lib/winston/transports/console.js
FN:21,(anonymous_1)
FN:34,setStderrLevels
FN:76,(anonymous_3)
FN:90,stringArrayToSet
FN:93,(anonymous_5)
FNF:5
FNH:4
FNDA:5,(anonymous_1)
FNDA:5,setStderrLevels
FNDA:0,(anonymous_3)
FNDA:5,stringArrayToSet
FNDA:10,(anonymous_5)
DA:9,1
DA:21,1
DA:22,5
DA:23,5
DA:25,5
DA:26,5
DA:34,1
DA:35,5
DA:36,5
DA:37,0
DA:42,0
DA:45,0
DA:48,5
DA:49,5
DA:50,0
DA:51,0
DA:54,0
DA:61,1
DA:66,1
DA:76,1
DA:77,0
DA:78,0
DA:80,0
DA:90,1
DA:91,5
DA:93,5
DA:94,10
DA:96,10
DA:97,10
LF:29
LH:20
BRDA:23,1,0,5
BRDA:23,1,1,5
BRDA:26,2,0,5
BRDA:26,2,1,5
BRDA:36,3,0,0
BRDA:36,3,1,5
BRDA:37,4,0,0
BRDA:37,4,1,0
BRDA:48,5,0,5
BRDA:48,5,1,0
BRDA:50,6,0,0
BRDA:50,6,1,0
BRDA:77,7,0,0
BRDA:77,7,1,0
BRDA:91,8,0,5
BRDA:91,8,1,0
BRDA:94,9,0,0
BRDA:94,9,1,10
BRF:18
BRH:8
end_of_record
TN:
SF:/Users/charlie/Git/winstonjs/winston/lib/winston/transports/http.js
FN:14,(anonymous_1)
FN:43,(anonymous_2)
FN:64,(anonymous_3)
FN:65,(anonymous_4)
FN:83,(anonymous_5)
FN:112,(anonymous_6)
FN:133,(anonymous_7)
FN:157,(anonymous_8)
FN:181,(anonymous_9)
FN:189,(anonymous_10)
FN:211,(anonymous_11)
FN:227,(anonymous_12)
FNF:12
FNH:1
FNDA:1,(anonymous_1)
FNDA:0,(anonymous_2)
FNDA:0,(anonymous_3)
FNDA:0,(anonymous_4)
FNDA:0,(anonymous_5)
FNDA:0,(anonymous_6)
FNDA:0,(anonymous_7)
FNDA:0,(anonymous_8)
FNDA:0,(anonymous_9)
FNDA:0,(anonymous_10)
FNDA:0,(anonymous_11)
FNDA:0,(anonymous_12)
DA:1,1
DA:14,1
DA:15,1
DA:16,1
DA:18,1
DA:19,1
DA:20,1
DA:21,1
DA:22,1
DA:23,1
DA:25,1
DA:26,0
DA:30,1
DA:35,1
DA:43,1
DA:44,0
DA:46,0
DA:50,0
DA:51,0
DA:54,0
DA:63,0
DA:64,0
DA:65,0
DA:66,0
DA:69,0
DA:72,0
DA:83,1
DA:84,0
DA:86,0
DA:87,0
DA:88,0
DA:91,0
DA:100,0
DA:101,0
DA:102,0
DA:103,0
DA:106,0
DA:107,0
DA:108,0
DA:112,0
DA:113,0
DA:114,0
DA:117,0
DA:121,0
DA:123,0
DA:133,1
DA:134,0
DA:135,0
DA:136,0
DA:139,0
DA:142,0
DA:147,0
DA:148,0
DA:149,0
DA:152,0
DA:153,0
DA:154,0
DA:157,0
DA:158,0
DA:159,0
DA:162,0
DA:164,0
DA:165,0
DA:166,0
DA:168,0
DA:172,0
DA:181,1
DA:182,0
DA:184,0
DA:189,0
DA:190,0
DA:193,0
DA:198,0
DA:199,0
DA:200,0
DA:203,0
DA:204,0
DA:205,0
DA:208,0
DA:209,0
DA:211,0
DA:212,0
DA:216,0
DA:217,0
DA:218,0
DA:220,0
DA:224,0
DA:227,0
DA:228,0
DA:231,0
LF:90
LH:17
BRDA:16,1,0,1
BRDA:16,1,1,0
BRDA:20,2,0,1
BRDA:20,2,1,1
BRDA:23,3,0,1
BRDA:23,3,1,1
BRDA:25,4,0,0
BRDA:25,4,1,1
BRDA:26,5,0,0
BRDA:26,5,1,0
BRDA:44,6,0,0
BRDA:44,6,1,0
BRDA:46,7,0,0
BRDA:46,7,1,0
BRDA:47,8,0,0
BRDA:47,8,1,0
BRDA:47,8,2,0
BRDA:54,9,0,0
BRDA:54,9,1,0
BRDA:60,10,0,0
BRDA:60,10,1,0
BRDA:86,11,0,0
BRDA:86,11,1,0
BRDA:100,12,0,0
BRDA:100,12,1,0
BRDA:101,13,0,0
BRDA:101,13,1,0
BRDA:106,14,0,0
BRDA:106,14,1,0
BRDA:113,15,0,0
BRDA:113,15,1,0
BRDA:113,16,0,0
BRDA:113,16,1,0
BRDA:117,17,0,0
BRDA:117,17,1,0
BRDA:123,18,0,0
BRDA:123,18,1,0
BRDA:134,19,0,0
BRDA:134,19,1,0
BRDA:147,20,0,0
BRDA:147,20,1,0
BRDA:152,21,0,0
BRDA:152,21,1,0
BRDA:158,22,0,0
BRDA:158,22,1,0
BRDA:158,23,0,0
BRDA:158,23,1,0
BRDA:162,24,0,0
BRDA:162,24,1,0
BRDA:164,25,0,0
BRDA:164,25,1,0
BRDA:182,26,0,0
BRDA:182,26,1,0
BRDA:198,27,0,0
BRDA:198,27,1,0
BRDA:203,28,0,0
BRDA:203,28,1,0
BRF:57
BRH:6
end_of_record
TN:
SF:/Users/charlie/Git/winstonjs/winston/lib/winston/formats/format.js
FN:10,(anonymous_1)
FN:19,FormatWrap
FN:29,createFormatWrap
FN:46,Format
FN:58,(anonymous_5)
FNF:5
FNH:5
FNDA:2,(anonymous_1)
FNDA:12,FormatWrap
FNDA:12,createFormatWrap
FNDA:12,Format
FNDA:4,(anonymous_5)
DA:3,1
DA:10,1
DA:11,2
DA:12,0
DA:19,12
DA:20,2
DA:21,2
DA:29,1
DA:30,12
DA:37,2
DA:38,2
DA:46,1
DA:47,12
DA:48,12
DA:51,1
DA:58,1
DA:59,4
DA:60,4
DA:61,4
LF:19
LH:18
BRDA:11,1,0,0
BRDA:11,1,1,2
BRDA:48,2,0,12
BRDA:48,2,1,12
BRF:4
BRH:3
end_of_record
TN:
SF:/Users/charlie/Git/winstonjs/winston/lib/winston/formats/default.js
FNF:0
FNH:0
DA:7,1
LF:1
LH:1
BRF:0
BRH:0
end_of_record
TN:
SF:/Users/charlie/Git/winstonjs/winston/lib/winston/formats/json.js
FN:10,(anonymous_1)
FN:23,replacer
FNF:2
FNH:2
FNDA:4,(anonymous_1)
FNDA:12,replacer
DA:3,1
DA:10,1
DA:15,4
DA:16,4
DA:23,1
DA:24,12
LF:6
LH:6
BRDA:15,1,0,4
BRDA:15,1,1,4
BRDA:24,2,0,0
BRDA:24,2,1,12
BRF:4
BRH:3
end_of_record
